Log file open, 12/06/17 11:41:35
LogInit:Display: Running engine for game: Multiplayer
LogPlatformFile: Not using cached read wrapper
LogInit:Display: RandInit(1308658615) SRandInit(1308658615).
LogTaskGraph: Started task graph with 5 named threads and 8 total threads with 1 sets of task threads.
LogStats: Stats thread started at 0.105200
LogInit: Using libcurl 7.47.1
LogInit:  - built for x86_64-pc-win32
LogInit:  - supports SSL with OpenSSL/1.0.2g
LogInit:  - supports HTTP deflate (compression) using libz 1.2.8
LogInit:  - other features:
LogInit:      CURL_VERSION_SSL
LogInit:      CURL_VERSION_LIBZ
LogInit:      CURL_VERSION_IPV6
LogInit:      CURL_VERSION_ASYNCHDNS
LogInit:      CURL_VERSION_LARGEFILE
LogInit:      CURL_VERSION_IDN
LogInit:  CurlRequestOptions (configurable via config and command line):
LogInit:  - bVerifyPeer = false  - Libcurl will NOT verify peer certificate
LogInit:  - bUseHttpProxy = false  - Libcurl will NOT use HTTP proxy
LogInit:  - bDontReuseConnections = false  - Libcurl will reuse connections
LogInit:  - CertBundlePath = nullptr  - Libcurl will use whatever was configured at build time.
LogOnline:Display: STEAM: Loading Steam SDK 1.32
LogInit: WinSock: version 1.1 (2.2), MaxSocks=32767, MaxUdp=65467
LogInit: Build: ++UE4+Release-4.15-CL-3450819
LogInit: Engine Version: 4.15.3-3450819+++UE4+Release-4.15
LogInit: Compatible Engine Version: 4.15.0-3299760+++UE4+Release-4.15
LogInit: Net CL: 3299760
LogDevObjectVersion: Number of dev versions registered: 14
LogDevObjectVersion:   Dev-Blueprints (B0D832E4-1F89-4F0D-ACCF-7EB736FD4AA2): 8
LogDevObjectVersion:   Dev-Build (E1C64328-A22C-4D53-A36C-8E866417BD8C): 0
LogDevObjectVersion:   Dev-Core (375EC13C-06E4-48FB-B500-84F0262A717E): 2
LogDevObjectVersion:   Dev-Editor (E4B068ED-F494-42E9-A231-DA0B2E46BB41): 14
LogDevObjectVersion:   Dev-Framework (CFFC743F-43B0-4480-9391-14DF171D2073): 22
LogDevObjectVersion:   Dev-Mobile (B02B49B5-BB20-44E9-A304-32B752E40360): 0
LogDevObjectVersion:   Dev-Networking (A4E4105C-59A1-49B5-A7C5-40C4547EDFEE): 0
LogDevObjectVersion:   Dev-Online (39C831C9-5AE6-47DC-9A44-9C173E1C8E7C): 0
LogDevObjectVersion:   Dev-Physics (78F01B33-EBEA-4F98-B9B4-84EACCB95AA2): 0
LogDevObjectVersion:   Dev-Platform (6631380F-2D4D-43E0-8009-CF276956A95A): 0
LogDevObjectVersion:   Dev-Rendering (12F88B9F-8875-4AFC-A67C-D90C383ABD29): 12
LogDevObjectVersion:   Dev-Sequencer (7B5AE74C-D270-4C10-A958-57980B212A5A): 3
LogDevObjectVersion:   Dev-VR (D7296918-1DD6-4BDD-9DE2-64A83CC13884): 0
LogDevObjectVersion:   Dev-LoadTimes (C2A15278-BFE7-4AFE-6C17-90FF531DF755): 1
LogInit: Compiled (64-bit): May 21 2017 11:02:34
LogInit: Compiled with Visual C++: 19.00.23026.00
LogInit: Build Configuration: Development
LogInit: Branch Name: ++UE4+Release-4.15
LogInit: Command line:  /Temp/Autosaves/Game/Maps/UEDPCMainMenu -game -PIEVIACONSOLE -ResX=1280 -ResY=720  -Multiprocess -messaging -SessionName="Play in Standalone Game" -windowed 
LogInit: Base directory: C:/Program Files/Epic Games/UE_4.15/Engine/Binaries/Win64/
LogInit: Installed Engine Build: 1
LogInit: Presizing for max 8388607 objects, including 0 objects not considered by GC, pre-allocating 0 bytes for permanent pool.
LogInit: Object subsystem initialized
[2017.12.06-10.41.37:851][  0]LogInit: Selected Device Profile: [Windows]
[2017.12.06-10.41.37:851][  0]LogInit: Applying CVar settings loaded from the selected device profile: [Windows]
[2017.12.06-10.41.37:856][  0]LogInit: Computer: DEVPC
[2017.12.06-10.41.37:856][  0]LogInit: User: Aron
[2017.12.06-10.41.37:856][  0]LogInit: CPU Page size=65536, Cores=4
[2017.12.06-10.41.37:856][  0]LogInit: High frequency timer resolution =3.903991 MHz
[2017.12.06-10.41.37:856][  0]LogMemory: Memory total: Physical=15.9GB (16GB approx)
[2017.12.06-10.41.37:856][  0]LogMemory: Platform Memory Stats for Windows
[2017.12.06-10.41.37:856][  0]LogMemory: Process Physical Memory: 296.77 MB used, 296.77 MB peak
[2017.12.06-10.41.37:856][  0]LogMemory: Process Virtual Memory: 275.55 MB used, 275.55 MB peak
[2017.12.06-10.41.37:856][  0]LogMemory: Physical Memory: 5970.09 MB used,  10355.73 MB free, 16325.82 MB total
[2017.12.06-10.41.37:856][  0]LogMemory: Virtual Memory: 797.43 MB used,  10355.73 MB free, 134217728.00 MB total
[2017.12.06-10.41.37:967][  0]LogTextLocalizationManager: No translations for ('hr-HR') exist, falling back to 'en' for localization and internationalization data.
[2017.12.06-10.41.38:348][  0]LogD3D11RHI: D3D11 adapters:
[2017.12.06-10.41.38:370][  0]LogD3D11RHI:    0. 'AMD Radeon (TM) R9 390 Series' (Feature Level 11_0)
[2017.12.06-10.41.38:370][  0]LogD3D11RHI:       8168/0/8162 MB DedicatedVideo/DedicatedSystem/SharedSystem, Outputs:3, VendorId:0x1002
[2017.12.06-10.41.38:375][  0]LogD3D11RHI:    1. 'Microsoft Basic Render Driver' (Feature Level 11_0)
[2017.12.06-10.41.38:375][  0]LogD3D11RHI:       0/0/8162 MB DedicatedVideo/DedicatedSystem/SharedSystem, Outputs:0, VendorId:0x1414
[2017.12.06-10.41.38:375][  0]LogD3D11RHI: Chosen D3D11 Adapter: 0
[2017.12.06-10.41.38:379][  0]LogD3D11RHI: Creating new Direct3DDevice
[2017.12.06-10.41.38:379][  0]LogD3D11RHI:     GPU DeviceId: 0x67b0 (for the marketing name, search the web for "GPU Device Id")
[2017.12.06-10.41.38:379][  0]LogWindows: EnumDisplayDevices:
[2017.12.06-10.41.38:379][  0]LogWindows:    0. 'AMD Radeon (TM) R9 390 Series' (P:1 D:1)
[2017.12.06-10.41.38:380][  0]LogWindows:    1. 'AMD Radeon (TM) R9 390 Series' (P:0 D:1)
[2017.12.06-10.41.38:380][  0]LogWindows:    2. 'AMD Radeon (TM) R9 390 Series' (P:0 D:1)
[2017.12.06-10.41.38:380][  0]LogWindows:    3. 'AMD Radeon (TM) R9 390 Series' (P:0 D:0)
[2017.12.06-10.41.38:380][  0]LogWindows:    4. 'AMD Radeon (TM) R9 390 Series' (P:0 D:0)
[2017.12.06-10.41.38:380][  0]LogWindows:    5. 'AMD Radeon (TM) R9 390 Series' (P:0 D:0)
[2017.12.06-10.41.38:380][  0]LogWindows: DebugString: GetVideoDriverDetailsInvalid PrimaryIsNotTheChoosenAdapter GetVideoDriverDetailsInvalid PrimaryIsNotTheChoosenAdapter GetVideoDriverDetailsInvalid PrimaryIsNotTheChoosenAdapter GetVideoDriverDetailsInvalid PrimaryIsNotTheChoosenAdapter GetVideoDriverDetailsInvalid PrimaryIsNotTheChoosenAdapter GetVideoDriverDetailsInvalid PrimaryIsNotTheChoosenAdapter FoundDriverCount:0 
[2017.12.06-10.41.38:380][  0]LogD3D11RHI:     Adapter Name: AMD Radeon (TM) R9 390 Series
[2017.12.06-10.41.38:380][  0]LogD3D11RHI:   Driver Version: Unknown (internal:Unknown, unified:Unknown)
[2017.12.06-10.41.38:380][  0]LogD3D11RHI:      Driver Date: Unknown
[2017.12.06-10.41.38:380][  0]LogRHI: Texture pool is 1361 MB (70% of 1945 MB)
[2017.12.06-10.41.38:511][  0]LogD3D11RHI: Async texture creation enabled
[2017.12.06-10.41.38:525][  0]LogD3D11RHI: GPU Timing Frequency: 27.000000 (Debug: 2 1)
[2017.12.06-10.41.38:525][  0]LogShaderCompilers: Guid format shader working directory is 4 characters bigger than the processId version (E:/Buisness/Unreal/Ue4Mp/Multiplayer 4.14/Intermediate/Shaders/WorkingDirectory/9524/).
[2017.12.06-10.41.38:526][  0]LogShaderCompilers: Cleaned the shader compiler working directory 'C:/Users/Aron/AppData/Local/Temp/UnrealShaderWorkingDir/79BC8B4D409A9F7CAAF8F997DFE141CC/'.
[2017.12.06-10.41.38:526][  0]LogShaderCompilers:Display: Using Local Shader Compiler.
[2017.12.06-10.41.39:569][  0]LogTemp:Display: Loaded TP WindowsClientTargetPlatform
[2017.12.06-10.41.39:612][  0]LogTemp:Display: Loaded TP WindowsNoEditorTargetPlatform
[2017.12.06-10.41.39:656][  0]LogTemp:Display: Loaded TP WindowsServerTargetPlatform
[2017.12.06-10.41.39:693][  0]LogTemp:Display: Loaded TP WindowsTargetPlatform
[2017.12.06-10.41.39:693][  0]LogTargetPlatformManager:Display: Building Assets For Windows
[2017.12.06-10.41.40:063][  0]LogDerivedDataCache:Display: Max Cache Size: 512 MB
[2017.12.06-10.41.40:260][  0]LogDerivedDataCache: Loaded boot cache 0.20s 50MB C:/Users/Aron/AppData/Local/UnrealEngine/4.15/DerivedDataCache/Boot.ddc.
[2017.12.06-10.41.40:260][  0]LogDerivedDataCache:Display: Loaded Boot cache: C:/Users/Aron/AppData/Local/UnrealEngine/4.15/DerivedDataCache/Boot.ddc
[2017.12.06-10.41.40:260][  0]LogDerivedDataCache: FDerivedDataBackendGraph:  Pak pak cache file E:/Buisness/Unreal/Ue4Mp/Multiplayer 4.14/DerivedDataCache/DDC.ddp not found, will not use a pak cache.
[2017.12.06-10.41.40:260][  0]LogDerivedDataCache: Unable to find inner node Pak for hierarchical cache Hierarchy.
[2017.12.06-10.41.40:260][  0]LogDerivedDataCache: FDerivedDataBackendGraph:  CompressedPak pak cache file E:/Buisness/Unreal/Ue4Mp/Multiplayer 4.14/DerivedDataCache/Compressed.ddp not found, will not use a pak cache.
[2017.12.06-10.41.40:260][  0]LogDerivedDataCache: Unable to find inner node CompressedPak for hierarchical cache Hierarchy.
[2017.12.06-10.41.40:275][  0]LogDerivedDataCache:Display: Pak cache opened for reading ../../../Engine/DerivedDataCache/Compressed.ddp.
[2017.12.06-10.41.40:287][  0]LogDerivedDataCache: Using Local data cache path C:/Users/Aron/AppData/Local/UnrealEngine/Common/DerivedDataCache: Writable
[2017.12.06-10.41.40:295][  0]LogSlate: Using Freetype 2.6.0
[2017.12.06-10.41.40:298][  0]LogSlate: SlateFontCache - WITH_FREETYPE: 1, WITH_HARFBUZZ: 1
[2017.12.06-10.41.40:298][  0]LogSlate: SlateFontCache - WITH_FREETYPE: 1, WITH_HARFBUZZ: 1
[2017.12.06-10.41.40:860][  0]LogAssetRegistry: FAssetRegistry took 0.0001 seconds to start up
[2017.12.06-10.41.40:863][  0]LogPackageLocalizationCache: Processed 3 localized package path(s) for 1 prioritized culture(s) in 0.002528 seconds
[2017.12.06-10.41.40:874][  0]LogInit: Selected Device Profile: [Windows]
[2017.12.06-10.41.40:875][  0]LogContentStreaming: Texture pool size is 1000.00 MB
[2017.12.06-10.41.41:036][  0]LogMeshUtilities: Using QuadricMeshReduction for automatic static mesh reduction
[2017.12.06-10.41.41:073][  0]LogSimplygon: Simplygon DLL not present - disabling.
[2017.12.06-10.41.41:111][  0]LogMeshUtilities: Using SimplygonSwarm for distributed automatic mesh merging
[2017.12.06-10.41.41:111][  0]LogMeshUtilities: No automatic skeletal mesh reduction module available
[2017.12.06-10.41.41:111][  0]LogMeshUtilities: No automatic mesh merging module available
[2017.12.06-10.41.41:500][  0]LogNetVersion: GetLocalNetworkVersion: CL: 3299760, ProjectName: multiplayer, ProjectVersion: , EngineNetworkVersion: 2, GameNetworkVersion: 0, NetworkChecksum: 32584562
[2017.12.06-10.41.42:196][  0]LogMoviePlayer: Initializing movie player
[2017.12.06-10.41.42:326][  0]LogWindowsTextInputMethodSystem:Display: IME system now deactivated.
[2017.12.06-10.41.42:557][  0]LogTcpMessaging: Initializing TcpMessaging bridge
[2017.12.06-10.41.42:589][  0]LogUdpMessaging: Initializing bridge on interface 0.0.0.0:0 to multicast group 230.0.0.1:6666.
[2017.12.06-10.41.43:044][  0]SourceControl: Info Source control is disabled
[2017.12.06-10.41.43:044][  0]SourceControl: Info Source control is disabled
[2017.12.06-10.41.43:085][  0]SourceControl: Info Source control is disabled
[2017.12.06-10.41.43:909][  0]LogUObjectArray: 34616 objects as part of root set at end of initial load.
[2017.12.06-10.41.43:909][  0]LogUObjectAllocator: 7903808 out of 0 bytes used by permanent object pool.
[2017.12.06-10.41.43:909][  0]LogUObjectArray: CloseDisregardForGC: 0/0 objects in disregard for GC pool
[2017.12.06-10.41.43:999][  0]LogEngine: Initializing Engine...
[2017.12.06-10.41.44:000][  0]LogHMD: Failed to initialize OpenVR with code 110
[2017.12.06-10.41.44:077][  0]LogStats: UGameplayTagsManager::ConstructGameplayTagTree: Construct from data asset -  0.000 s
[2017.12.06-10.41.44:077][  0]LogStats: UGameplayTagsManager::ConstructGameplayTagTree: GameplayTagTreeChangedEvent.Broadcast -  0.000 s
[2017.12.06-10.41.44:100][  0]LogInit: XAudio2 using 'Speakers (Realtek High Definition Audio)' : 2 channels at 48 kHz using 32 bits per sample (channel mask 0x3)
[2017.12.06-10.41.44:113][  0]LogInit: FAudioDevice initialized.
[2017.12.06-10.41.44:127][  0]LogInit: Texture streaming: Enabled
[2017.12.06-10.41.44:138][  0]LogMaterial: Uniform references updated for custom material expression Custom.
[2017.12.06-10.41.44:410][  0]LogLinker: Can't find file '/Game/Mannequin/Character/Textures/UE4_LOGO_CARD'
[2017.12.06-10.41.44:410][  0]LogLinker: Can't find file '/Game/Mannequin/Character/Textures/UE4_LOGO_CARD'
[2017.12.06-10.41.45:098][  0]LogInit:Display: Game Engine Initialized.
[2017.12.06-10.41.45:239][  0]LogInit:Display: Starting Game.
[2017.12.06-10.41.45:240][  0]LogNet: Browse: /Temp/Autosaves/Game/Maps/UEDPCMainMenu?Name=Player
[2017.12.06-10.41.45:240][  0]LogLoad: LoadMap: /Temp/Autosaves/Game/Maps/UEDPCMainMenu?Name=Player
[2017.12.06-10.41.45:263][  0]LogMemory: Platform Memory Stats for Windows
[2017.12.06-10.41.45:263][  0]LogMemory: Process Physical Memory: 909.96 MB used, 916.22 MB peak
[2017.12.06-10.41.45:263][  0]LogMemory: Process Virtual Memory: 1003.84 MB used, 1003.84 MB peak
[2017.12.06-10.41.45:263][  0]LogMemory: Physical Memory: 6585.60 MB used,  9740.22 MB free, 16325.82 MB total
[2017.12.06-10.41.45:263][  0]LogMemory: Virtual Memory: 1800.51 MB used,  9740.22 MB free, 134217728.00 MB total
[2017.12.06-10.41.45:263][  0]LogMemory: 
[2017.12.06-10.41.45:263][  0]Allocator Stats for TBB: (not implemented)
[2017.12.06-10.41.45:375][  0]LogAIModule: Creating AISystem for world MainMenu
[2017.12.06-10.41.45:376][  0]LogLinker:Warning: Can't find file '/Game/ThirdPersonBP/Blueprints/ThirdPersonGameMode'
[2017.12.06-10.41.45:376][  0]LogUObjectGlobals:Warning: Failed to load '/Game/ThirdPersonBP/Blueprints/ThirdPersonGameMode': Can't find file '/Game/ThirdPersonBP/Blueprints/ThirdPersonGameMode'
[2017.12.06-10.41.45:376][  0]LogLinker:Warning: Can't find file '/Game/ThirdPersonBP/Blueprints/ThirdPersonGameMode'
[2017.12.06-10.41.45:376][  0]LogUObjectGlobals:Warning: Failed to load '/Game/ThirdPersonBP/Blueprints/ThirdPersonGameMode': Can't find file '/Game/ThirdPersonBP/Blueprints/ThirdPersonGameMode'
[2017.12.06-10.41.45:376][  0]LogUObjectGlobals:Warning: Failed to find object 'Class /Game/ThirdPersonBP/Blueprints/ThirdPersonGameMode.ThirdPersonGameMode_C'
[2017.12.06-10.41.45:376][  0]LogLoad: Game class is 'GameModeBase'
[2017.12.06-10.41.45:377][  0]LogWorld: Bringing World /Temp/Autosaves/Game/Maps/UEDPCMainMenu.MainMenu up for play (max tick rate 0) at 2017.12.06-11.41.45
[2017.12.06-10.41.45:378][  0]LogWorld: Bringing up level for play took: 0.001163
[2017.12.06-10.41.45:417][  0]LogLoad: Took 0.176523 seconds to LoadMap(/Temp/Autosaves/Game/Maps/UEDPCMainMenu)
[2017.12.06-10.41.45:616][  0]LogRenderer: Reallocating scene render targets to support 1280x720 NumSamples 1 (Frame:2).
[2017.12.06-10.41.45:616][  0]LogLoad: (Engine Initialization) Total time: 11.06 seconds
[2017.12.06-10.41.45:616][  0]LogLoad: (Engine Initialization) Total Blueprint compile time: 0.14 seconds
[2017.12.06-10.41.45:616][  0]LogExternalProfiler: Found external profiler: VSPerf
[2017.12.06-10.41.45:616][  0]LogExternalProfiler: Using external profiler: VSPerf
[2017.12.06-10.41.45:632][  0]LogOcInput: OculusInput pre-init called
[2017.12.06-10.41.51:493][363]Closing by request
[2017.12.06-10.41.51:494][363]LogWindows: FPlatformMisc::RequestExit(0)
[2017.12.06-10.41.51:495][364]LogMoviePlayer: Shutting down movie player
[2017.12.06-10.41.52:040][364]LogWindowsTextInputMethodSystem:Display: IME system now deactivated.
[2017.12.06-10.41.52:054][364]LogWindowsTextInputMethodSystem:Display: IME system now deactivated.
[2017.12.06-10.41.52:060][364]LogExit: Preparing to exit.
[2017.12.06-10.41.52:761][364]LogExit: Game engine shut down
[2017.12.06-10.41.52:857][364]LogObj: Freed 0b from 0 cluster array pools.
[2017.12.06-10.41.52:857][364]LogExit: Object subsystem successfully closed.
[2017.12.06-10.41.52:876][364]LogD3D11RHI: Shutdown
[2017.12.06-10.41.52:876][364]LogD3D11RHI: CleanupD3DDevice
[2017.12.06-10.41.52:917][364]LogD3D11RHI: ~FD3D11DynamicRHI
[2017.12.06-10.41.52:934][364]LogModuleManager: Shutting down and abandoning module SequenceRecorderSections (278)
[2017.12.06-10.41.52:934][364]LogModuleManager: Shutting down and abandoning module SequenceRecorder (276)
[2017.12.06-10.41.52:934][364]LogModuleManager: Shutting down and abandoning module AutomationController (274)
[2017.12.06-10.41.52:935][364]LogModuleManager: Shutting down and abandoning module AutomationWorker (272)
[2017.12.06-10.41.52:935][364]LogModuleManager: Shutting down and abandoning module AIModule (270)
[2017.12.06-10.41.52:935][364]LogModuleManager: Shutting down and abandoning module GameplayDebugger (269)
[2017.12.06-10.41.52:935][364]LogModuleManager: Shutting down and abandoning module AITestSuite (267)
[2017.12.06-10.41.52:935][364]LogModuleManager: Shutting down and abandoning module WmfMediaFactory (264)
[2017.12.06-10.41.52:935][364]LogModuleManager: Shutting down and abandoning module MfMediaFactory (262)
[2017.12.06-10.41.52:935][364]LogModuleManager: Shutting down and abandoning module AvfMediaFactory (260)
[2017.12.06-10.41.52:935][364]LogModuleManager: Shutting down and abandoning module AndroidMediaFactory (258)
[2017.12.06-10.41.52:935][364]LogModuleManager: Shutting down and abandoning module Media (257)
[2017.12.06-10.41.52:935][364]LogModuleManager: Shutting down and abandoning module CharacterAI (254)
[2017.12.06-10.41.52:935][364]LogModuleManager: Shutting down and abandoning module SessionServices (252)
[2017.12.06-10.41.52:935][364]LogModuleManager: Shutting down and abandoning module MovieSceneCapture (250)
[2017.12.06-10.41.52:935][364]LogModuleManager: Shutting down and abandoning module GeometryCache (248)
[2017.12.06-10.41.52:935][364]LogModuleManager: Shutting down and abandoning module GeometryCacheEd (247)
[2017.12.06-10.41.52:935][364]LogModuleManager: Shutting down and abandoning module Niagara (244)
[2017.12.06-10.41.52:935][364]LogModuleManager: Shutting down and abandoning module StreamingPauseRendering (242)
[2017.12.06-10.41.52:935][364]LogModuleManager: Shutting down and abandoning module PortalServices (240)
[2017.12.06-10.41.52:935][364]LogModuleManager: Shutting down and abandoning module PortalRpc (238)
[2017.12.06-10.41.52:935][364]LogModuleManager: Shutting down and abandoning module MessagingRpc (236)
[2017.12.06-10.41.52:935][364]LogModuleManager: Shutting down and abandoning module ProfilerService (234)
[2017.12.06-10.41.52:977][364]LogModuleManager: Shutting down and abandoning module TaskGraph (232)
[2017.12.06-10.41.52:979][364]LogModuleManager: Shutting down and abandoning module SteamVRController (230)
[2017.12.06-10.41.52:979][364]LogModuleManager: Shutting down and abandoning module SteamVR (228)
[2017.12.06-10.41.52:979][364]LogModuleManager: Shutting down and abandoning module ProceduralMeshComponent (226)
[2017.12.06-10.41.52:980][364]LogModuleManager: Shutting down and abandoning module OculusLibrary (224)
[2017.12.06-10.41.52:980][364]LogModuleManager: Shutting down and abandoning module OculusInput (222)
[2017.12.06-10.41.52:980][364]LogModuleManager: Shutting down and abandoning module MobilePatchingUtils (220)
[2017.12.06-10.41.52:980][364]LogModuleManager: Shutting down and abandoning module CustomMeshComponent (218)
[2017.12.06-10.41.52:980][364]LogModuleManager: Shutting down and abandoning module CableComponent (216)
[2017.12.06-10.41.52:980][364]LogModuleManager: Shutting down and abandoning module ArchVisCharacter (214)
[2017.12.06-10.41.52:980][364]LogModuleManager: Shutting down and abandoning module Rejoin (210)
[2017.12.06-10.41.52:980][364]LogModuleManager: Shutting down and abandoning module Hotfix (208)
[2017.12.06-10.41.52:981][364]LogModuleManager: Shutting down and abandoning module Lobby (206)
[2017.12.06-10.41.52:981][364]LogModuleManager: Shutting down and abandoning module Party (204)
[2017.12.06-10.41.52:981][364]LogModuleManager: Shutting down and abandoning module Qos (202)
[2017.12.06-10.41.52:981][364]LogModuleManager: Shutting down and abandoning module HTML5Networking (200)
[2017.12.06-10.41.52:981][364]LogModuleManager: Shutting down and abandoning module VisualStudioSourceCodeAccess (198)
[2017.12.06-10.41.52:981][364]LogModuleManager: Shutting down and abandoning module DesktopPlatform (197)
[2017.12.06-10.41.52:981][364]LogModuleManager: Shutting down and abandoning module HotReload (195)
[2017.12.06-10.41.52:982][364]LogDirectoryWatcher: A directory notification for 'E:/Buisness/Unreal/Ue4Mp/Multiplayer 4.14/Binaries/Win64' was aborted.
[2017.12.06-10.41.52:982][364]LogModuleManager: Shutting down and abandoning module DirectoryWatcher (194)
[2017.12.06-10.41.52:982][364]LogModuleManager: Shutting down and abandoning module UObjectPlugin (190)
[2017.12.06-10.41.52:982][364]LogModuleManager: Shutting down and abandoning module SubversionSourceControl (188)
[2017.12.06-10.41.52:983][364]LogModuleManager: Shutting down and abandoning module PerforceSourceControl (186)
[2017.12.06-10.41.52:984][364]LogModuleManager: Shutting down and abandoning module SourceControl (185)
[2017.12.06-10.41.52:984][364]LogModuleManager: Shutting down and abandoning module Multiplayer (182)
[2017.12.06-10.41.52:984][364]LogModuleManager: Shutting down and abandoning module PhysXVehiclesEditor (180)
[2017.12.06-10.41.52:984][364]LogModuleManager: Shutting down and abandoning module PhysXVehicles (178)
[2017.12.06-10.41.52:984][364]LogModuleManager: Shutting down and abandoning module LocationServicesBPLibrary (176)
[2017.12.06-10.41.52:984][364]LogModuleManager: Shutting down and abandoning module UdpMessaging (174)
[2017.12.06-10.41.53:085][364]LogModuleManager: Shutting down and abandoning module TcpMessaging (172)
[2017.12.06-10.41.53:561][364]LogModuleManager: Shutting down and abandoning module GameplayTagsEditor (170)
[2017.12.06-10.41.53:563][364]LogModuleManager: Shutting down and abandoning module FacialAnimation (168)
[2017.12.06-10.41.53:563][364]LogModuleManager: Shutting down and abandoning module LightPropagationVolumeRuntime (166)
[2017.12.06-10.41.53:563][364]LogModuleManager: Shutting down and abandoning module Paper2D (164)
[2017.12.06-10.41.53:564][364]LogModuleManager: Shutting down and abandoning module WindowsMoviePlayer (162)
[2017.12.06-10.41.53:564][364]LogModuleManager: Shutting down and abandoning module WmfMedia (160)
[2017.12.06-10.41.53:568][364]LogModuleManager: Shutting down and abandoning module MfMedia (158)
[2017.12.06-10.41.53:568][364]LogModuleManager: Shutting down and abandoning module MediaAssets (156)
[2017.12.06-10.41.53:568][364]LogModuleManager: Shutting down and abandoning module GameLiveStreaming (154)
[2017.12.06-10.41.53:569][364]LogModuleManager: Shutting down and abandoning module VREditor (152)
[2017.12.06-10.41.53:569][364]LogModuleManager: Shutting down and abandoning module GameplayTasksEditor (150)
[2017.12.06-10.41.53:569][364]LogModuleManager: Shutting down and abandoning module BehaviorTreeEditor (148)
[2017.12.06-10.41.53:571][364]LogModuleManager: Shutting down and abandoning module FunctionalTesting (146)
[2017.12.06-10.41.53:571][364]LogModuleManager: Shutting down and abandoning module CollisionAnalyzer (144)
[2017.12.06-10.41.53:572][364]LogModuleManager: Shutting down and abandoning module UMG (142)
[2017.12.06-10.41.53:572][364]LogModuleManager: Shutting down and abandoning module UMGEditor (141)
[2017.12.06-10.41.53:573][364]LogModuleManager: Shutting down and abandoning module Sequencer (140)
[2017.12.06-10.41.53:573][364]LogModuleManager: Shutting down and abandoning module AssetTools (138)
[2017.12.06-10.41.53:577][364]LogModuleManager: Shutting down and abandoning module MessageLog (137)
[2017.12.06-10.41.53:577][364]LogModuleManager: Shutting down and abandoning module WorkspaceMenuStructure (136)
[2017.12.06-10.41.53:577][364]LogModuleManager: Shutting down and abandoning module SlateReflector (130)
[2017.12.06-10.41.53:580][364]LogModuleManager: Shutting down and abandoning module Slate (128)
[2017.12.06-10.41.53:580][364]LogModuleManager: Shutting down and abandoning module EditorStyle (126)
[2017.12.06-10.41.53:587][364]LogModuleManager: Shutting down and abandoning module Messaging (124)
[2017.12.06-10.41.53:587][364]LogModuleManager: Shutting down and abandoning module SourceCodeAccess (122)
[2017.12.06-10.41.53:587][364]LogModuleManager: Shutting down and abandoning module HeadMountedDisplay (120)
[2017.12.06-10.41.53:587][364]LogModuleManager: Shutting down and abandoning module XAudio2 (118)
[2017.12.06-10.41.53:587][364]LogModuleManager: Shutting down and abandoning module Networking (116)
[2017.12.06-10.41.53:587][364]LogModuleManager: Shutting down and abandoning module Core (114)
[2017.12.06-10.41.53:587][364]LogModuleManager: Shutting down and abandoning module KismetCompiler (112)
[2017.12.06-10.41.53:587][364]LogModuleManager: Shutting down and abandoning module PhysXFormats (110)
[2017.12.06-10.41.53:587][364]LogModuleManager: Shutting down and abandoning module MeshUtilities (108)
[2017.12.06-10.41.53:588][364]LogModuleManager: Shutting down and abandoning module SimplygonSwarm (107)
[2017.12.06-10.41.53:589][364]LogModuleManager: Shutting down and abandoning module SimplygonMeshReduction (105)
[2017.12.06-10.41.53:589][364]LogModuleManager: Shutting down and abandoning module QuadricMeshReduction (103)
[2017.12.06-10.41.53:589][364]LogModuleManager: Shutting down and abandoning module PropertyEditor (101)
[2017.12.06-10.41.53:589][364]LogModuleManager: Shutting down and abandoning module AssetRegistry (98)
[2017.12.06-10.41.53:590][364]LogModuleManager: Shutting down and abandoning module DerivedDataCache (96)
[2017.12.06-10.41.53:789][364]LogDerivedDataCache: Shutdown
[2017.12.06-10.41.53:789][364]LogModuleManager: Shutting down and abandoning module TargetPlatform (94)
[2017.12.06-10.41.53:789][364]LogModuleManager: Shutting down and abandoning module VulkanShaderFormat (93)
[2017.12.06-10.41.53:790][364]LogModuleManager: Shutting down and abandoning module ShaderFormatOpenGL (91)
[2017.12.06-10.41.53:791][364]LogModuleManager: Shutting down and abandoning module ShaderFormatD3D (89)
[2017.12.06-10.41.53:791][364]LogModuleManager: Shutting down and abandoning module MetalShaderFormat (87)
[2017.12.06-10.41.53:791][364]LogModuleManager: Shutting down and abandoning module TextureFormatUncompressed (85)
[2017.12.06-10.41.53:791][364]LogModuleManager: Shutting down and abandoning module TextureFormatPVR (83)
[2017.12.06-10.41.53:791][364]LogModuleManager: Shutting down and abandoning module TextureFormatDXT (81)
[2017.12.06-10.41.53:792][364]LogModuleManager: Shutting down and abandoning module TextureFormatIntelISPCTexComp (79)
[2017.12.06-10.41.53:792][364]LogModuleManager: Shutting down and abandoning module TextureFormatASTC (77)
[2017.12.06-10.41.53:792][364]LogModuleManager: Shutting down and abandoning module ImageWrapper (76)
[2017.12.06-10.41.53:792][364]LogModuleManager: Shutting down and abandoning module TextureFormatAndroid (73)
[2017.12.06-10.41.53:792][364]LogModuleManager: Shutting down and abandoning module AudioFormatOpus (71)
[2017.12.06-10.41.53:793][364]LogModuleManager: Shutting down and abandoning module AudioFormatOgg (69)
[2017.12.06-10.41.53:793][364]LogModuleManager: Shutting down and abandoning module AudioFormatADPCM (67)
[2017.12.06-10.41.53:793][364]LogModuleManager: Shutting down and abandoning module WindowsTargetPlatform (65)
[2017.12.06-10.41.53:793][364]LogModuleManager: Shutting down and abandoning module WindowsServerTargetPlatform (63)
[2017.12.06-10.41.53:793][364]LogModuleManager: Shutting down and abandoning module WindowsNoEditorTargetPlatform (61)
[2017.12.06-10.41.53:793][364]LogModuleManager: Shutting down and abandoning module WindowsClientTargetPlatform (59)
[2017.12.06-10.41.53:793][364]LogModuleManager: Shutting down and abandoning module InputCore (56)
[2017.12.06-10.41.53:793][364]LogModuleManager: Shutting down and abandoning module Settings (54)
[2017.12.06-10.41.53:793][364]LogModuleManager: Shutting down and abandoning module OculusRift (52)
[2017.12.06-10.41.53:794][364]LogModuleManager: Shutting down and abandoning module GearVR (50)
[2017.12.06-10.41.53:794][364]LogModuleManager: Shutting down and abandoning module ExampleDeviceProfileSelector (48)
[2017.12.06-10.41.53:794][364]LogModuleManager: Shutting down and abandoning module OnlineBlueprintSupport (46)
[2017.12.06-10.41.53:794][364]LogModuleManager: Shutting down and abandoning module OnlineSubsystem (42)
[2017.12.06-10.41.53:794][364]LogOnline:Display: STEAM: OnlineSubsystemSteam::Shutdown()
[2017.12.06-10.41.53:972][364]LogOnline:Display: Unloading online subsystem: STEAM
[2017.12.06-10.41.53:973][364]LogOnline:Display: STEAM: OnlineSubsystemSteam::Shutdown()
[2017.12.06-10.41.53:974][364]LogOnline:Display: Unloading online subsystem: NULL
[2017.12.06-10.41.53:974][364]LogModuleManager: Shutting down and abandoning module XMPP (37)
[2017.12.06-10.41.53:976][364]LogModuleManager: Shutting down and abandoning module HTTP (35)
[2017.12.06-10.41.53:988][364]LogModuleManager: Shutting down and abandoning module SSL (34)
[2017.12.06-10.41.53:993][364]LogModuleManager: Shutting down and abandoning module AudioEditor (30)
[2017.12.06-10.41.53:993][364]LogModuleManager: Shutting down and abandoning module TextureCompressor (28)
[2017.12.06-10.41.53:994][364]LogModuleManager: Shutting down and abandoning module ShaderCore (26)
[2017.12.06-10.41.53:994][364]LogModuleManager: Shutting down and abandoning module Landscape (24)
[2017.12.06-10.41.53:994][364]LogModuleManager: Shutting down and abandoning module SlateRHIRenderer (22)
[2017.12.06-10.41.53:995][364]LogModuleManager: Shutting down and abandoning module OpenGLDrv (20)
[2017.12.06-10.41.53:996][364]LogModuleManager: Shutting down and abandoning module D3D11RHI (18)
[2017.12.06-10.41.53:996][364]LogModuleManager: Shutting down and abandoning module AnimGraphRuntime (16)
[2017.12.06-10.41.53:996][364]LogModuleManager: Shutting down and abandoning module Renderer (14)
[2017.12.06-10.41.53:997][364]LogModuleManager: Shutting down and abandoning module Engine (12)
[2017.12.06-10.41.53:997][364]LogModuleManager: Shutting down and abandoning module CoreUObject (10)
[2017.12.06-10.41.53:997][364]LogModuleManager: Shutting down and abandoning module NetworkFile (8)
[2017.12.06-10.41.53:997][364]LogModuleManager: Shutting down and abandoning module StreamingFile (6)
[2017.12.06-10.41.53:997][364]LogModuleManager: Shutting down and abandoning module SandboxFile (4)
[2017.12.06-10.41.53:997][364]LogModuleManager: Shutting down and abandoning module PakFile (2)
[2017.12.06-10.41.53:999][364]LogExit: Exiting.
[2017.12.06-10.41.54:002][364]Log file closed, 12/06/17 11:41:54
