Log file open, 11/22/17 21:05:41
LogInit:Display: Running engine for game: Multiplayer2
LogPlatformFile: Not using cached read wrapper
LogInit:Display: RandInit(-1100455132) SRandInit(-1100455131).
LogTaskGraph: Started task graph with 5 named threads and 8 total threads with 1 sets of task threads.
LogStats: Stats thread started at 0.070947
LogInit: Using libcurl 7.47.1
LogInit:  - built for x86_64-pc-win32
LogInit:  - supports SSL with OpenSSL/1.0.2g
LogInit:  - supports HTTP deflate (compression) using libz 1.2.8
LogInit:  - other features:
LogInit:      CURL_VERSION_SSL
LogInit:      CURL_VERSION_LIBZ
LogInit:      CURL_VERSION_IPV6
LogInit:      CURL_VERSION_ASYNCHDNS
LogInit:      CURL_VERSION_LARGEFILE
LogInit:      CURL_VERSION_IDN
LogInit:  CurlRequestOptions (configurable via config and command line):
LogInit:  - bVerifyPeer = false  - Libcurl will NOT verify peer certificate
LogInit:  - bUseHttpProxy = false  - Libcurl will NOT use HTTP proxy
LogInit:  - bDontReuseConnections = false  - Libcurl will reuse connections
LogInit:  - CertBundlePath = nullptr  - Libcurl will use whatever was configured at build time.
LogOnline:Display: STEAM: Loading Steam SDK 1.32
LogOnline:Warning: STEAM: Steamworks: SteamUtils() failed!
LogOnline:Warning: STEAM: Steamworks: SteamUser() failed!
LogOnline:Warning: STEAM: Steamworks: SteamFriends() failed!
LogOnline:Warning: STEAM: Steamworks: SteamRemoteStorage() failed!
LogOnline:Warning: STEAM: Steamworks: SteamUserStats() failed!
LogOnline:Warning: STEAM: Steamworks: SteamMatchmakingServers() failed!
LogOnline:Warning: STEAM: Steamworks: SteamApps() failed!
LogOnline:Warning: STEAM: Steamworks: SteamNetworking() failed!
LogOnline:Warning: STEAM: Steamworks: SteamMatchmaking() failed!
LogOnline:Display: STEAM: OnlineSubsystemSteam::Shutdown()
LogOnline:Warning: STEAM: Steam API failed to initialize!
LogOnline:Display: STEAM: OnlineSubsystemSteam::Shutdown()
LogInit: WinSock: version 1.1 (2.2), MaxSocks=32767, MaxUdp=65467
LogInit: Build: ++UE4+Release-4.15-CL-3450819
LogInit: Engine Version: 4.15.3-3450819+++UE4+Release-4.15
LogInit: Compatible Engine Version: 4.15.0-3299760+++UE4+Release-4.15
LogInit: Net CL: 3299760
LogDevObjectVersion: Number of dev versions registered: 14
LogDevObjectVersion:   Dev-Blueprints (B0D832E4-1F89-4F0D-ACCF-7EB736FD4AA2): 8
LogDevObjectVersion:   Dev-Build (E1C64328-A22C-4D53-A36C-8E866417BD8C): 0
LogDevObjectVersion:   Dev-Core (375EC13C-06E4-48FB-B500-84F0262A717E): 2
LogDevObjectVersion:   Dev-Editor (E4B068ED-F494-42E9-A231-DA0B2E46BB41): 14
LogDevObjectVersion:   Dev-Framework (CFFC743F-43B0-4480-9391-14DF171D2073): 22
LogDevObjectVersion:   Dev-Mobile (B02B49B5-BB20-44E9-A304-32B752E40360): 0
LogDevObjectVersion:   Dev-Networking (A4E4105C-59A1-49B5-A7C5-40C4547EDFEE): 0
LogDevObjectVersion:   Dev-Online (39C831C9-5AE6-47DC-9A44-9C173E1C8E7C): 0
LogDevObjectVersion:   Dev-Physics (78F01B33-EBEA-4F98-B9B4-84EACCB95AA2): 0
LogDevObjectVersion:   Dev-Platform (6631380F-2D4D-43E0-8009-CF276956A95A): 0
LogDevObjectVersion:   Dev-Rendering (12F88B9F-8875-4AFC-A67C-D90C383ABD29): 12
LogDevObjectVersion:   Dev-Sequencer (7B5AE74C-D270-4C10-A958-57980B212A5A): 3
LogDevObjectVersion:   Dev-VR (D7296918-1DD6-4BDD-9DE2-64A83CC13884): 0
LogDevObjectVersion:   Dev-LoadTimes (C2A15278-BFE7-4AFE-6C17-90FF531DF755): 1
LogInit: Compiled (64-bit): May 21 2017 11:02:34
LogInit: Compiled with Visual C++: 19.00.23026.00
LogInit: Build Configuration: Development
LogInit: Branch Name: ++UE4+Release-4.15
LogInit: Command line:  /Temp/Autosaves/Game/Maps/UEDPCMainMenu -game -PIEVIACONSOLE -ResX=1280 -ResY=720  -Multiprocess -messaging -SessionName="Play in Standalone Game" -windowed 
LogInit: Base directory: C:/Program Files/Epic Games/UE_4.15/Engine/Binaries/Win64/
LogInit: Installed Engine Build: 1
LogInit: Presizing for max 8388607 objects, including 0 objects not considered by GC, pre-allocating 0 bytes for permanent pool.
LogInit: Object subsystem initialized
[2017.11.22-20.05.42:174][  0]LogInit: Selected Device Profile: [Windows]
[2017.11.22-20.05.42:174][  0]LogInit: Applying CVar settings loaded from the selected device profile: [Windows]
[2017.11.22-20.05.42:176][  0]LogInit: Computer: DEVPC
[2017.11.22-20.05.42:176][  0]LogInit: User: Aron
[2017.11.22-20.05.42:176][  0]LogInit: CPU Page size=65536, Cores=4
[2017.11.22-20.05.42:176][  0]LogInit: High frequency timer resolution =3.903987 MHz
[2017.11.22-20.05.42:176][  0]LogMemory: Memory total: Physical=15.9GB (16GB approx)
[2017.11.22-20.05.42:176][  0]LogMemory: Platform Memory Stats for Windows
[2017.11.22-20.05.42:176][  0]LogMemory: Process Physical Memory: 266.89 MB used, 266.89 MB peak
[2017.11.22-20.05.42:177][  0]LogMemory: Process Virtual Memory: 262.70 MB used, 262.70 MB peak
[2017.11.22-20.05.42:177][  0]LogMemory: Physical Memory: 5887.77 MB used,  10438.05 MB free, 16325.82 MB total
[2017.11.22-20.05.42:177][  0]LogMemory: Virtual Memory: 648.17 MB used,  10438.05 MB free, 134217728.00 MB total
[2017.11.22-20.05.42:247][  0]LogTextLocalizationManager: No translations for ('hr-HR') exist, falling back to 'en' for localization and internationalization data.
[2017.11.22-20.05.42:615][  0]LogD3D11RHI: D3D11 adapters:
[2017.11.22-20.05.42:629][  0]LogD3D11RHI:    0. 'AMD Radeon (TM) R9 390 Series' (Feature Level 11_0)
[2017.11.22-20.05.42:629][  0]LogD3D11RHI:       8169/0/8162 MB DedicatedVideo/DedicatedSystem/SharedSystem, Outputs:3, VendorId:0x1002
[2017.11.22-20.05.42:630][  0]LogD3D11RHI:    1. 'Microsoft Basic Render Driver' (Feature Level 11_0)
[2017.11.22-20.05.42:630][  0]LogD3D11RHI:       0/0/8162 MB DedicatedVideo/DedicatedSystem/SharedSystem, Outputs:0, VendorId:0x1414
[2017.11.22-20.05.42:630][  0]LogD3D11RHI: Chosen D3D11 Adapter: 0
[2017.11.22-20.05.42:633][  0]LogD3D11RHI: Creating new Direct3DDevice
[2017.11.22-20.05.42:633][  0]LogD3D11RHI:     GPU DeviceId: 0x67b0 (for the marketing name, search the web for "GPU Device Id")
[2017.11.22-20.05.42:633][  0]LogWindows: EnumDisplayDevices:
[2017.11.22-20.05.42:633][  0]LogWindows:    0. 'AMD Radeon (TM) R9 390 Series' (P:1 D:1)
[2017.11.22-20.05.42:633][  0]LogWindows:    1. 'AMD Radeon (TM) R9 390 Series' (P:0 D:1)
[2017.11.22-20.05.42:634][  0]LogWindows:    2. 'AMD Radeon (TM) R9 390 Series' (P:0 D:1)
[2017.11.22-20.05.42:634][  0]LogWindows:    3. 'AMD Radeon (TM) R9 390 Series' (P:0 D:0)
[2017.11.22-20.05.42:634][  0]LogWindows:    4. 'AMD Radeon (TM) R9 390 Series' (P:0 D:0)
[2017.11.22-20.05.42:634][  0]LogWindows:    5. 'AMD Radeon (TM) R9 390 Series' (P:0 D:0)
[2017.11.22-20.05.42:634][  0]LogWindows: DebugString: FoundDriverCount:6 
[2017.11.22-20.05.42:634][  0]LogD3D11RHI:     Adapter Name: AMD Radeon (TM) R9 390 Series
[2017.11.22-20.05.42:634][  0]LogD3D11RHI:   Driver Version: Crimson ReLive 17.1.1 (internal:22.19.162.4, unified:22.19.162.4)
[2017.11.22-20.05.42:634][  0]LogD3D11RHI:      Driver Date: 4-24-2017
[2017.11.22-20.05.42:634][  0]LogRHI: Texture pool is 1361 MB (70% of 1945 MB)
[2017.11.22-20.05.42:673][  0]LogD3D11RHI: Async texture creation enabled
[2017.11.22-20.05.42:683][  0]LogD3D11RHI: GPU Timing Frequency: 27.000000 (Debug: 2 1)
[2017.11.22-20.05.42:683][  0]LogShaderCompilers: Guid format shader working directory is 14 characters bigger than the processId version (E:/Buisness/Unreal/Multiplayer2/Intermediate/Shaders/WorkingDirectory/4108/).
[2017.11.22-20.05.42:683][  0]LogShaderCompilers: Cleaned the shader compiler working directory 'C:/Users/Aron/AppData/Local/Temp/UnrealShaderWorkingDir/F7E401CE42B56158822FB7A39F3E145C/'.
[2017.11.22-20.05.42:683][  0]LogShaderCompilers:Display: Using Local Shader Compiler.
[2017.11.22-20.05.43:545][  0]LogTemp:Display: Loaded TP WindowsClientTargetPlatform
[2017.11.22-20.05.43:593][  0]LogTemp:Display: Loaded TP WindowsNoEditorTargetPlatform
[2017.11.22-20.05.43:640][  0]LogTemp:Display: Loaded TP WindowsServerTargetPlatform
[2017.11.22-20.05.43:678][  0]LogTemp:Display: Loaded TP WindowsTargetPlatform
[2017.11.22-20.05.43:678][  0]LogTargetPlatformManager:Display: Building Assets For Windows
[2017.11.22-20.05.44:041][  0]LogDerivedDataCache:Display: Max Cache Size: 512 MB
[2017.11.22-20.05.44:078][  0]LogDerivedDataCache: Loaded boot cache 0.04s 50MB C:/Users/Aron/AppData/Local/UnrealEngine/4.15/DerivedDataCache/Boot.ddc.
[2017.11.22-20.05.44:078][  0]LogDerivedDataCache:Display: Loaded Boot cache: C:/Users/Aron/AppData/Local/UnrealEngine/4.15/DerivedDataCache/Boot.ddc
[2017.11.22-20.05.44:078][  0]LogDerivedDataCache: FDerivedDataBackendGraph:  Pak pak cache file E:/Buisness/Unreal/Multiplayer2/DerivedDataCache/DDC.ddp not found, will not use a pak cache.
[2017.11.22-20.05.44:078][  0]LogDerivedDataCache: Unable to find inner node Pak for hierarchical cache Hierarchy.
[2017.11.22-20.05.44:078][  0]LogDerivedDataCache: FDerivedDataBackendGraph:  CompressedPak pak cache file E:/Buisness/Unreal/Multiplayer2/DerivedDataCache/Compressed.ddp not found, will not use a pak cache.
[2017.11.22-20.05.44:078][  0]LogDerivedDataCache: Unable to find inner node CompressedPak for hierarchical cache Hierarchy.
[2017.11.22-20.05.44:091][  0]LogDerivedDataCache:Display: Pak cache opened for reading ../../../Engine/DerivedDataCache/Compressed.ddp.
[2017.11.22-20.05.44:103][  0]LogDerivedDataCache: Using Local data cache path C:/Users/Aron/AppData/Local/UnrealEngine/Common/DerivedDataCache: Writable
[2017.11.22-20.05.44:110][  0]LogSlate: Using Freetype 2.6.0
[2017.11.22-20.05.44:110][  0]LogSlate: SlateFontCache - WITH_FREETYPE: 1, WITH_HARFBUZZ: 1
[2017.11.22-20.05.44:110][  0]LogSlate: SlateFontCache - WITH_FREETYPE: 1, WITH_HARFBUZZ: 1
[2017.11.22-20.05.44:319][  0]LogAssetRegistry: FAssetRegistry took 0.0001 seconds to start up
[2017.11.22-20.05.44:321][  0]LogPackageLocalizationCache: Processed 3 localized package path(s) for 1 prioritized culture(s) in 0.002607 seconds
[2017.11.22-20.05.44:334][  0]LogInit: Selected Device Profile: [Windows]
[2017.11.22-20.05.44:336][  0]LogContentStreaming: Texture pool size is 1000.00 MB
[2017.11.22-20.05.44:499][  0]LogMeshUtilities: Using QuadricMeshReduction for automatic static mesh reduction
[2017.11.22-20.05.44:536][  0]LogSimplygon: Simplygon DLL not present - disabling.
[2017.11.22-20.05.44:576][  0]LogMeshUtilities: Using SimplygonSwarm for distributed automatic mesh merging
[2017.11.22-20.05.44:576][  0]LogMeshUtilities: No automatic skeletal mesh reduction module available
[2017.11.22-20.05.44:576][  0]LogMeshUtilities: No automatic mesh merging module available
[2017.11.22-20.05.44:969][  0]LogNetVersion: GetLocalNetworkVersion: CL: 3299760, ProjectName: multiplayer2, ProjectVersion: , EngineNetworkVersion: 2, GameNetworkVersion: 0, NetworkChecksum: 3941809617
[2017.11.22-20.05.45:709][  0]LogMoviePlayer: Initializing movie player
[2017.11.22-20.05.45:833][  0]LogWindowsTextInputMethodSystem:Display: IME system now deactivated.
[2017.11.22-20.05.46:069][  0]LogTcpMessaging: Initializing TcpMessaging bridge
[2017.11.22-20.05.46:102][  0]LogUdpMessaging: Initializing bridge on interface 0.0.0.0:0 to multicast group 230.0.0.1:6666.
[2017.11.22-20.05.46:426][  0]SourceControl: Info Source control is disabled
[2017.11.22-20.05.46:426][  0]SourceControl: Info Source control is disabled
[2017.11.22-20.05.46:463][  0]SourceControl: Info Source control is disabled
[2017.11.22-20.05.47:155][  0]LogUObjectArray: 34616 objects as part of root set at end of initial load.
[2017.11.22-20.05.47:155][  0]LogUObjectAllocator: 7903808 out of 0 bytes used by permanent object pool.
[2017.11.22-20.05.47:155][  0]LogUObjectArray: CloseDisregardForGC: 0/0 objects in disregard for GC pool
[2017.11.22-20.05.47:259][  0]LogEngine: Initializing Engine...
[2017.11.22-20.05.47:260][  0]LogHMD: Failed to initialize OpenVR with code 110
[2017.11.22-20.05.47:339][  0]LogStats: UGameplayTagsManager::ConstructGameplayTagTree: Construct from data asset -  0.000 s
[2017.11.22-20.05.47:339][  0]LogStats: UGameplayTagsManager::ConstructGameplayTagTree: GameplayTagTreeChangedEvent.Broadcast -  0.000 s
[2017.11.22-20.05.47:346][  0]LogInit: XAudio2 using 'Speakers (Realtek High Definition Audio)' : 2 channels at 48 kHz using 32 bits per sample (channel mask 0x3)
[2017.11.22-20.05.47:358][  0]LogInit: FAudioDevice initialized.
[2017.11.22-20.05.47:371][  0]LogInit: Texture streaming: Enabled
[2017.11.22-20.05.47:379][  0]LogMaterial: Uniform references updated for custom material expression Custom.
[2017.11.22-20.05.47:649][  0]LogLinker: Can't find file '/Game/Mannequin/Character/Textures/UE4_LOGO_CARD'
[2017.11.22-20.05.47:649][  0]LogLinker: Can't find file '/Game/Mannequin/Character/Textures/UE4_LOGO_CARD'
[2017.11.22-20.05.48:004][  0]LogInit:Display: Game Engine Initialized.
[2017.11.22-20.05.48:160][  0]LogInit:Display: Starting Game.
[2017.11.22-20.05.48:160][  0]LogNet: Browse: /Temp/Autosaves/Game/Maps/UEDPCMainMenu?Name=Player
[2017.11.22-20.05.48:160][  0]LogLoad: LoadMap: /Temp/Autosaves/Game/Maps/UEDPCMainMenu?Name=Player
[2017.11.22-20.05.48:177][  0]LogMemory: Platform Memory Stats for Windows
[2017.11.22-20.05.48:177][  0]LogMemory: Process Physical Memory: 888.36 MB used, 888.36 MB peak
[2017.11.22-20.05.48:177][  0]LogMemory: Process Virtual Memory: 984.66 MB used, 984.67 MB peak
[2017.11.22-20.05.48:177][  0]LogMemory: Physical Memory: 6473.99 MB used,  9851.83 MB free, 16325.82 MB total
[2017.11.22-20.05.48:177][  0]LogMemory: Virtual Memory: 1648.89 MB used,  9851.83 MB free, 134217728.00 MB total
[2017.11.22-20.05.48:177][  0]LogMemory: 
[2017.11.22-20.05.48:177][  0]Allocator Stats for TBB: (not implemented)
[2017.11.22-20.05.48:307][  0]LogAIModule: Creating AISystem for world MainMenu
[2017.11.22-20.05.48:308][  0]LogLinker:Warning: Can't find file '/Game/ThirdPersonBP/Blueprints/ThirdPersonGameMode'
[2017.11.22-20.05.48:308][  0]LogUObjectGlobals:Warning: Failed to load '/Game/ThirdPersonBP/Blueprints/ThirdPersonGameMode': Can't find file '/Game/ThirdPersonBP/Blueprints/ThirdPersonGameMode'
[2017.11.22-20.05.48:308][  0]LogLinker:Warning: Can't find file '/Game/ThirdPersonBP/Blueprints/ThirdPersonGameMode'
[2017.11.22-20.05.48:308][  0]LogUObjectGlobals:Warning: Failed to load '/Game/ThirdPersonBP/Blueprints/ThirdPersonGameMode': Can't find file '/Game/ThirdPersonBP/Blueprints/ThirdPersonGameMode'
[2017.11.22-20.05.48:308][  0]LogUObjectGlobals:Warning: Failed to find object 'Class /Game/ThirdPersonBP/Blueprints/ThirdPersonGameMode.ThirdPersonGameMode_C'
[2017.11.22-20.05.48:308][  0]LogLoad: Game class is 'GameModeBase'
[2017.11.22-20.05.48:309][  0]LogWorld: Bringing World /Temp/Autosaves/Game/Maps/UEDPCMainMenu.MainMenu up for play (max tick rate 0) at 2017.11.22-21.05.48
[2017.11.22-20.05.48:309][  0]LogWorld: Bringing up level for play took: 0.000408
[2017.11.22-20.05.48:329][  0]LogLoad: Took 0.168913 seconds to LoadMap(/Temp/Autosaves/Game/Maps/UEDPCMainMenu)
[2017.11.22-20.05.48:562][  0]LogRenderer: Reallocating scene render targets to support 1280x720 NumSamples 1 (Frame:2).
[2017.11.22-20.05.48:562][  0]LogLoad: (Engine Initialization) Total time: 8.17 seconds
[2017.11.22-20.05.48:562][  0]LogLoad: (Engine Initialization) Total Blueprint compile time: 0.13 seconds
[2017.11.22-20.05.48:562][  0]LogExternalProfiler: Found external profiler: VSPerf
[2017.11.22-20.05.48:562][  0]LogExternalProfiler: Using external profiler: VSPerf
[2017.11.22-20.05.48:578][  0]LogOcInput: OculusInput pre-init called
[2017.11.22-20.05.50:756][133]LogRenderer: Reallocating scene render targets to support 1920x1080 NumSamples 1 (Frame:136).
[2017.11.22-20.05.55:025][360]LogLinker:Warning: Can't find file '/Engine/BasicShapes/RedMaterial'
[2017.11.22-20.05.55:025][360]LogUObjectGlobals:Warning: Failed to load '/Engine/BasicShapes/RedMaterial': Can't find file '/Engine/BasicShapes/RedMaterial'
[2017.11.22-20.05.55:026][360]LogLinker:Warning: Can't find file for asset '/Engine/BasicShapes/RedMaterial' while loading NULL.
[2017.11.22-20.05.55:026][360]LogUObjectGlobals:Warning: Failed to load '/Engine/BasicShapes/RedMaterial': Can't find file for asset '/Engine/BasicShapes/RedMaterial' while loading NULL.
[2017.11.22-20.05.55:033][360]LogLinker:Warning: Can't find file '/Engine/BasicShapes/RedMaterial'
[2017.11.22-20.05.55:033][360]LoadErrors: Info Failed to load /Engine/BasicShapes/RedMaterial.RedMaterial Referenced by K2Node_VariableSet_3548
[2017.11.22-20.05.55:033][360]LogUObjectGlobals:Warning: Failed to load '/Engine/BasicShapes/RedMaterial': Can't find file '/Engine/BasicShapes/RedMaterial'
[2017.11.22-20.05.55:033][360]LogLinker:Warning: Can't find file for asset '/Engine/BasicShapes/RedMaterial' while loading NULL.
[2017.11.22-20.05.55:033][360]LoadErrors: Info Failed to load /Engine/BasicShapes/RedMaterial.RedMaterial Referenced by K2Node_VariableSet_3548
[2017.11.22-20.05.55:033][360]LogUObjectGlobals:Warning: Failed to load '/Engine/BasicShapes/RedMaterial': Can't find file for asset '/Engine/BasicShapes/RedMaterial' while loading NULL.
[2017.11.22-20.05.55:189][360]LogLinker:Warning: Can't find file '/Engine/BasicShapes/RedMaterial'
[2017.11.22-20.05.55:189][360]LogUObjectGlobals:Warning: Failed to load '/Engine/BasicShapes/RedMaterial': Can't find file '/Engine/BasicShapes/RedMaterial'
[2017.11.22-20.05.55:189][360]LogLinker:Warning: Can't find file for asset '/Engine/BasicShapes/RedMaterial' while loading NULL.
[2017.11.22-20.05.55:189][360]LogUObjectGlobals:Warning: Failed to load '/Engine/BasicShapes/RedMaterial': Can't find file for asset '/Engine/BasicShapes/RedMaterial' while loading NULL.
[2017.11.22-20.05.55:194][360]LogLinker:Warning: Can't find file '/Engine/BasicShapes/RedMaterial'
[2017.11.22-20.05.55:194][360]LoadErrors: Info Failed to load /Engine/BasicShapes/RedMaterial.RedMaterial Referenced by K2Node_VariableSet_3548
[2017.11.22-20.05.55:194][360]LogUObjectGlobals:Warning: Failed to load '/Engine/BasicShapes/RedMaterial': Can't find file '/Engine/BasicShapes/RedMaterial'
[2017.11.22-20.05.55:194][360]LogLinker:Warning: Can't find file for asset '/Engine/BasicShapes/RedMaterial' while loading NULL.
[2017.11.22-20.05.55:194][360]LoadErrors: Info Failed to load /Engine/BasicShapes/RedMaterial.RedMaterial Referenced by K2Node_VariableSet_3548
[2017.11.22-20.05.55:194][360]LogUObjectGlobals:Warning: Failed to load '/Engine/BasicShapes/RedMaterial': Can't find file for asset '/Engine/BasicShapes/RedMaterial' while loading NULL.
[2017.11.22-20.05.59:846][593]LogSlate: Took 0.000139 seconds to synchronously load lazily loaded font '../../../Engine/Content/Slate/Fonts/Roboto-Regular.ttf' (155K)
[2017.11.22-20.06.04:457][879]LogNetVersion: GetLocalNetworkVersion: CL: 3299760, ProjectName: multiplayer2, ProjectVersion: 1.0.0.0, EngineNetworkVersion: 2, GameNetworkVersion: 0, NetworkChecksum: 2138354043
[2017.11.22-20.06.04:459][879]LogInit: WinSock: I am DevPC (192.168.0.16:0)
[2017.11.22-20.06.05:167][879]LogPackageName: SearchForPackageOnDisk took   0.086s to resolve Lobby.umap.
[2017.11.22-20.06.05:225][879]LogPackageName: SearchForPackageOnDisk took   0.058s to resolve Lobby.umap.
[2017.11.22-20.06.05:225][879]LogNet: Browse: /Game/Maps/Lobby?listen
[2017.11.22-20.06.05:225][879]LogLoad: LoadMap: /Game/Maps/Lobby?listen
[2017.11.22-20.06.05:278][879]LogMemory: Platform Memory Stats for Windows
[2017.11.22-20.06.05:278][879]LogMemory: Process Physical Memory: 1064.40 MB used, 1093.55 MB peak
[2017.11.22-20.06.05:278][879]LogMemory: Process Virtual Memory: 1555.63 MB used, 1568.61 MB peak
[2017.11.22-20.06.05:278][879]LogMemory: Physical Memory: 6583.15 MB used,  9742.67 MB free, 16325.82 MB total
[2017.11.22-20.06.05:278][879]LogMemory: Virtual Memory: 2294.25 MB used,  9742.67 MB free, 134217728.00 MB total
[2017.11.22-20.06.05:278][879]LogMemory: 
[2017.11.22-20.06.05:278][879]Allocator Stats for TBB: (not implemented)
[2017.11.22-20.06.05:378][879]LogAIModule: Creating AISystem for world Lobby
[2017.11.22-20.06.05:378][879]LogLoad: Game class is 'LobbyGM_C'
[2017.11.22-20.06.05:380][879]LogOnline:Warning: STEAM: Steamworks: SteamUtils() failed!
[2017.11.22-20.06.05:380][879]LogOnline:Warning: STEAM: Steamworks: SteamUser() failed!
[2017.11.22-20.06.05:380][879]LogOnline:Warning: STEAM: Steamworks: SteamFriends() failed!
[2017.11.22-20.06.05:380][879]LogOnline:Warning: STEAM: Steamworks: SteamRemoteStorage() failed!
[2017.11.22-20.06.05:380][879]LogOnline:Warning: STEAM: Steamworks: SteamUserStats() failed!
[2017.11.22-20.06.05:380][879]LogOnline:Warning: STEAM: Steamworks: SteamMatchmakingServers() failed!
[2017.11.22-20.06.05:380][879]LogOnline:Warning: STEAM: Steamworks: SteamApps() failed!
[2017.11.22-20.06.05:380][879]LogOnline:Warning: STEAM: Steamworks: SteamNetworking() failed!
[2017.11.22-20.06.05:380][879]LogOnline:Warning: STEAM: Steamworks: SteamMatchmaking() failed!
[2017.11.22-20.06.05:380][879]LogOnline:Display: STEAM: OnlineSubsystemSteam::Shutdown()
[2017.11.22-20.06.05:381][879]LogOnline:Warning: STEAM: Steam API failed to initialize!
[2017.11.22-20.06.05:381][879]LogOnline:Display: STEAM: OnlineSubsystemSteam::Shutdown()
[2017.11.22-20.06.05:381][879]LogInit: WinSock: Socket queue 131072 / 131072
[2017.11.22-20.06.05:381][879]PacketHandlerLog: Loaded PacketHandler component: Engine.EngineHandlerComponentFactory (StatelessConnectHandlerComponent)
[2017.11.22-20.06.05:381][879]LogNet: GameNetDriver IpNetDriver_0 IpNetDriver listening on port 7777
[2017.11.22-20.06.05:385][879]LogWorld: Bringing World /Game/Maps/Lobby.Lobby up for play (max tick rate 0) at 2017.11.22-21.06.05
[2017.11.22-20.06.05:385][879]LogWorld: Bringing up level for play took: 0.003061
[2017.11.22-20.06.05:395][879]LogGameMode:Display: Match State Changed from EnteringMap to WaitingToStart
[2017.11.22-20.06.05:395][879]LogGameState: Match State Changed from EnteringMap to WaitingToStart
[2017.11.22-20.06.05:395][879]LogGameMode:Display: Match State Changed from WaitingToStart to InProgress
[2017.11.22-20.06.05:395][879]LogGameState: Match State Changed from WaitingToStart to InProgress
[2017.11.22-20.06.05:395][879]LogLoad: Took 0.170069 seconds to LoadMap(/Game/Maps/Lobby)
[2017.11.22-20.06.20:799][833]PIE:Warning: Warning This widget does not support focus.  If this is a UserWidget, you should set bIsFocusable to true.
[2017.11.22-20.06.21:350][867]LogBlueprintUserMessages: [ErikaBP_C_0] LobbyPC
[2017.11.22-20.06.21:350][867]LogBlueprintUserMessages: [ErikaBP_C_0] sasdfafsdasdf
[2017.11.22-20.06.21:979][906]LogGameMode:Display: Match State Changed from InProgress to LeavingMap
[2017.11.22-20.06.21:979][906]LogGameState: Match State Changed from InProgress to LeavingMap
[2017.11.22-20.06.21:980][906]LogGameMode: ProcessServerTravel: /Game/Maps/CastleMap01
[2017.11.22-20.06.21:980][906]LogWorld: SeamlessTravel to: /Game/Maps/CastleMap01
[2017.11.22-20.06.22:008][907]LogAIModule: Creating AISystem for world TravelMap
[2017.11.22-20.06.22:010][907]LogStats:     SeamlessTravel FlushLevelStreaming  -  0.001 s
[2017.11.22-20.06.22:010][907]LogWorld: Bringing World /Game/Maps/TravelMap.TravelMap up for play (max tick rate 0) at 2017.11.22-21.06.22
[2017.11.22-20.06.22:010][907]LogWorld: Bringing up level for play took: 0.000266
[2017.11.22-20.06.22:010][907]LogWorld: Sending NotifyLoadedWorld for LP: LocalPlayer_0 PC: LobbyPC_C_0
[2017.11.22-20.06.22:010][907]LogNet:Verbose: NotifyLoadedWorld Begin
[2017.11.22-20.06.22:010][907]LogNet:VeryVerbose: GetFunctionCallspace Server calling Server function: ServerNotifyLoadedWorld Local
[2017.11.22-20.06.22:010][907]LogNet:Verbose: NotifyLoadedWorld End
[2017.11.22-20.06.22:010][907]LogWorld: StartLoadingDestination to: /Game/Maps/CastleMap01
[2017.11.22-20.06.22:862][918]LogAIModule: Creating AISystem for world CastleMap01
[2017.11.22-20.06.22:863][918]LogLoad: Game class is 'GameplayGM_C'
[2017.11.22-20.06.22:864][918]LogStats:     SeamlessTravel FlushLevelStreaming  -  0.001 s
[2017.11.22-20.06.22:869][918]LogWorld: Bringing World /Game/Maps/CastleMap01.CastleMap01 up for play (max tick rate 0) at 2017.11.22-21.06.22
[2017.11.22-20.06.22:869][918]LogWorld: Bringing up level for play took: 0.005814
[2017.11.22-20.06.22:870][918]LogWorld: Sending NotifyLoadedWorld for LP: LocalPlayer_0 PC: LobbyPC_C_0
[2017.11.22-20.06.22:870][918]LogNet:Verbose: NotifyLoadedWorld Begin
[2017.11.22-20.06.22:870][918]LogNet:VeryVerbose: GetFunctionCallspace Server calling Server function: ServerNotifyLoadedWorld Local
[2017.11.22-20.06.22:870][918]LogNet:Verbose: NotifyLoadedWorld End
[2017.11.22-20.06.22:870][918]LogWorld: ----SeamlessTravel finished in 0.89 seconds ------
[2017.11.22-20.06.22:870][918]LogGameMode: >> GameMode::HandleSeamlessTravelPlayer: LobbyPC_C_0 
[2017.11.22-20.06.22:870][918]LogGameMode: << GameMode::HandleSeamlessTravelPlayer: GameplayPC_C_0
[2017.11.22-20.06.22:870][918]LogGameMode:Display: Match State Changed from EnteringMap to WaitingToStart
[2017.11.22-20.06.22:870][918]LogGameState: Match State Changed from EnteringMap to WaitingToStart
[2017.11.22-20.06.22:870][918]LogGameMode:Display: Match State Changed from WaitingToStart to InProgress
[2017.11.22-20.06.22:872][918]LogBlueprintUserMessages: [ErikaBP_C_0] GameplayPC
[2017.11.22-20.06.22:874][918]LogGameState: Match State Changed from WaitingToStart to InProgress
[2017.11.22-20.06.54:402][869]LogPackageName: SearchForPackageOnDisk took   0.060s to resolve MainMenu.umap.
[2017.11.22-20.06.54:403][869]LogGameMode:Display: Match State Changed from InProgress to LeavingMap
[2017.11.22-20.06.54:403][869]LogGameState: Match State Changed from InProgress to LeavingMap
[2017.11.22-20.06.54:461][869]LogPackageName: SearchForPackageOnDisk took   0.058s to resolve MainMenu.umap.
[2017.11.22-20.06.54:461][869]LogNet: Browse: /Game/Maps/MainMenu
[2017.11.22-20.06.54:461][869]LogLoad: LoadMap: /Game/Maps/MainMenu
[2017.11.22-20.06.54:461][869]LogNet: World NetDriver shutdown IpNetDriver_0 [GameNetDriver]
[2017.11.22-20.06.54:461][869]LogNet: DestroyNamedNetDriver IpNetDriver_0 [GameNetDriver]
[2017.11.22-20.06.54:461][869]LogExit: GameNetDriver IpNetDriver_0 shut down
[2017.11.22-20.06.54:483][869]LogMemory: Platform Memory Stats for Windows
[2017.11.22-20.06.54:483][869]LogMemory: Process Physical Memory: 1145.00 MB used, 1172.38 MB peak
[2017.11.22-20.06.54:483][869]LogMemory: Process Virtual Memory: 1804.39 MB used, 1832.80 MB peak
[2017.11.22-20.06.54:483][869]LogMemory: Physical Memory: 6671.34 MB used,  9654.48 MB free, 16325.82 MB total
[2017.11.22-20.06.54:483][869]LogMemory: Virtual Memory: 2492.52 MB used,  9654.48 MB free, 134217728.00 MB total
[2017.11.22-20.06.54:483][869]LogMemory: 
[2017.11.22-20.06.54:483][869]Allocator Stats for TBB: (not implemented)
[2017.11.22-20.06.54:489][869]LogAIModule: Creating AISystem for world MainMenu
[2017.11.22-20.06.54:489][869]LogLoad: Game class is 'GameModeBase'
[2017.11.22-20.06.54:490][869]LogWorld: Bringing World /Game/Maps/MainMenu.MainMenu up for play (max tick rate 0) at 2017.11.22-21.06.54
[2017.11.22-20.06.54:491][869]LogWorld: Bringing up level for play took: 0.000348
[2017.11.22-20.06.54:492][869]LogLoad: Took 0.030958 seconds to LoadMap(/Game/Maps/MainMenu)
[2017.11.22-20.06.55:714][942]LogPackageName:Warning: Found ambiguous long package name for 'Doungeon.umap'. Returning '/Game/Maps/Moje/Levels/Doungeon', but could also be '/Game/Moje/Levels/Doungeon'.
[2017.11.22-20.06.55:714][942]LogPackageName: SearchForPackageOnDisk took   0.060s to resolve Doungeon.umap.
[2017.11.22-20.06.55:773][942]LogPackageName:Warning: Found ambiguous long package name for 'Doungeon.umap'. Returning '/Game/Maps/Moje/Levels/Doungeon', but could also be '/Game/Moje/Levels/Doungeon'.
[2017.11.22-20.06.55:773][942]LogPackageName: SearchForPackageOnDisk took   0.058s to resolve Doungeon.umap.
[2017.11.22-20.06.55:773][942]LogNet: Browse: /Game/Maps/Moje/Levels/Doungeon
[2017.11.22-20.06.55:773][942]LogLoad: LoadMap: /Game/Maps/Moje/Levels/Doungeon
[2017.11.22-20.06.55:791][942]LogMemory: Platform Memory Stats for Windows
[2017.11.22-20.06.55:791][942]LogMemory: Process Physical Memory: 1145.25 MB used, 1172.38 MB peak
[2017.11.22-20.06.55:791][942]LogMemory: Process Virtual Memory: 1842.75 MB used, 1842.75 MB peak
[2017.11.22-20.06.55:791][942]LogMemory: Physical Memory: 6671.47 MB used,  9654.35 MB free, 16325.82 MB total
[2017.11.22-20.06.55:791][942]LogMemory: Virtual Memory: 2548.52 MB used,  9654.35 MB free, 134217728.00 MB total
[2017.11.22-20.06.55:791][942]LogMemory: 
[2017.11.22-20.06.55:791][942]Allocator Stats for TBB: (not implemented)
[2017.11.22-20.06.57:675][942]LogAnimationCompression: Building Anim DDC data for AnimSequence /Game/Moje/Dungeon/Main_Character/Animations/sword_and_shield_strafe_right_run.sword_and_shield_strafe_right_run
[2017.11.22-20.06.57:680][942]LogAnimationCompression: Building Anim DDC data for AnimSequence /Game/Moje/Dungeon/Main_Character/Animations/sword_and_shield_idle_1__mixamo_com.sword_and_shield_idle_1__mixamo_com
[2017.11.22-20.06.57:690][942]LogAnimationCompression: Building Anim DDC data for AnimSequence /Game/Moje/Dungeon/Main_Character/Animations/sword_and_shield_strafe_right.sword_and_shield_strafe_right
[2017.11.22-20.06.57:722][942]LogMaterial: Missing cached shader map for material M_Brick_Clay_Old_Floor_15x10, compiling. 
[2017.11.22-20.06.57:723][942]LogTemp:Display: Added material ShaderMap 0x000001AFA1A61600 with Material 0x000001AFC1F11180 to ShaderMapsBeingCompiled
[2017.11.22-20.06.57:755][942]LogTemp:Display: Kicking off shader compilation for M_Brick_Clay_Old_Floor_15x10, GameThreadShaderMap 0x000001AFA1A61600
[2017.11.22-20.06.57:778][942]LogTexture:Display: Building textures: DoorDiffuse (AutoDXT, 1024X1024) - 161 MB total VRAM
[2017.11.22-20.06.57:922][942]LogMaterial: Missing cached shader map for material DoorDiffuse_Mat, compiling. 
[2017.11.22-20.06.57:923][942]LogTemp:Display: Added material ShaderMap 0x000001AF9D00AE80 with Material 0x000001AFC1F13280 to ShaderMapsBeingCompiled
[2017.11.22-20.06.57:945][942]LogTemp:Display: Kicking off shader compilation for DoorDiffuse_Mat, GameThreadShaderMap 0x000001AF9D00AE80
[2017.11.22-20.06.57:947][942]LogAnimationCompression: Building Anim DDC data for AnimSequence /Game/Moje/Dungeon/Main_Character/Animations/sword_and_shield_walk_back.sword_and_shield_walk_back
[2017.11.22-20.06.57:949][942]LogAnimationCompression: Building Anim DDC data for AnimSequence /Game/Moje/Dungeon/Main_Character/Animations/sword_and_shield_walk.sword_and_shield_walk
[2017.11.22-20.06.57:957][942]LogAudioDerivedData:Display: Building compressed audio format OGG wave Doungeon_Background_Music_01...
[2017.11.22-20.07.06:263][942]LogStaticMesh: Building static mesh SkeletonBody...
[2017.11.22-20.07.09:331][942]LogStaticMesh: Built static mesh [3.07s] /Game/Moje/Meshes/Skeleton/SkeletonBody.SkeletonBody
[2017.11.22-20.07.09:432][942]LogStaticMesh: Building static mesh ShortSword01...
[2017.11.22-20.07.09:436][942]LogStaticMesh: Built static mesh [0.00s] /Game/Moje/Real/Weapons/ShortSword01.ShortSword01
[2017.11.22-20.07.09:437][942]LogStaticMesh: Building static mesh Shield...
[2017.11.22-20.07.09:441][942]LogStaticMesh: Built static mesh [0.00s] /Game/Moje/Simple/Weapons/Shield.Shield
[2017.11.22-20.07.09:467][942]LogTexture:Display: Building textures: Diffuse (AutoDXT, 2048X2048) - 161 MB total VRAM
[2017.11.22-20.07.10:001][942]LogTexture:Display: Building textures: NormalMap_Big_Enemy (BC5, 2048X2048) - 161 MB total VRAM
[2017.11.22-20.07.10:293][942]LogMaterial: Missing cached shader map for material Skirt_Big_Enemy_MAT, compiling. 
[2017.11.22-20.07.10:294][942]LogTemp:Display: Added material ShaderMap 0x000001AFFF5D9600 with Material 0x000001AFC2A54E80 to ShaderMapsBeingCompiled
[2017.11.22-20.07.10:327][942]LogTemp:Display: Kicking off shader compilation for Skirt_Big_Enemy_MAT, GameThreadShaderMap 0x000001AFFF5D9600
[2017.11.22-20.07.10:329][942]LogMaterial: Missing cached shader map for material Eyes_Big_Enemy_MAT, compiling. 
[2017.11.22-20.07.10:329][942]LogTemp:Display: Added material ShaderMap 0x000001B007777C80 with Material 0x000001AFC2A06B00 to ShaderMapsBeingCompiled
[2017.11.22-20.07.10:354][942]LogTemp:Display: Kicking off shader compilation for Eyes_Big_Enemy_MAT, GameThreadShaderMap 0x000001B007777C80
[2017.11.22-20.07.10:354][942]LogStaticMesh: Building static mesh Floor_10x15...
[2017.11.22-20.07.10:355][942]LogStaticMesh: Built static mesh [0.00s] /Game/Moje/Meshes/Walls/Floor_10x15.Floor_10x15
[2017.11.22-20.07.10:356][942]LogStaticMesh: Building static mesh Slave_Chains_short...
[2017.11.22-20.07.10:421][942]LogStaticMesh: Built static mesh [0.06s] /Game/Moje/Meshes/Slave_Chains_short.Slave_Chains_short
[2017.11.22-20.07.10:427][942]LogStaticMesh: Building static mesh SkeletonUpperLegRight...
[2017.11.22-20.07.10:493][942]LogStaticMesh: Built static mesh [0.07s] /Game/Moje/Meshes/Skeleton/SkeletonUpperLegRight.SkeletonUpperLegRight
[2017.11.22-20.07.10:495][942]LogStaticMesh: Building static mesh Door_01...
[2017.11.22-20.07.10:499][942]LogStaticMesh: Built static mesh [0.00s] /Game/Moje/Meshes/Walls/Door_01.Door_01
[2017.11.22-20.07.10:518][942]LogMaterial: Missing cached shader map for material iron_west, compiling. 
[2017.11.22-20.07.10:519][942]LogTemp:Display: Added material ShaderMap 0x000001B00827CF00 with Material 0x000001AFC2CB6F80 to ShaderMapsBeingCompiled
[2017.11.22-20.07.10:552][942]LogTemp:Display: Kicking off shader compilation for iron_west, GameThreadShaderMap 0x000001B00827CF00
[2017.11.22-20.07.10:554][942]LogMaterial: Missing cached shader map for material Skin_Big_Enemy_MAT, compiling. 
[2017.11.22-20.07.10:555][942]LogTemp:Display: Added material ShaderMap 0x000001B00AB1F580 with Material 0x000001AFC2CB4E80 to ShaderMapsBeingCompiled
[2017.11.22-20.07.10:591][942]LogTemp:Display: Kicking off shader compilation for Skin_Big_Enemy_MAT, GameThreadShaderMap 0x000001B00AB1F580
[2017.11.22-20.07.10:708][942]LogTexture:Display: Building textures: Normal_Map_Main_Character_Doungeon (BC5, 2048X2048) - 161 MB total VRAM
[2017.11.22-20.07.11:086][942]LogTexture:Display: Building textures: Diffuse_Texture_Main_Character_Doungeon (AutoDXT, 2048X2048) - 161 MB total VRAM
[2017.11.22-20.07.11:622][942]LogMaterial: Missing cached shader map for material Skin_Main_Character_Doungeon_MAT, compiling. 
[2017.11.22-20.07.11:623][942]LogTemp:Display: Added material ShaderMap 0x000001B00A31FC80 with Material 0x000001AFC2A04880 to ShaderMapsBeingCompiled
[2017.11.22-20.07.11:670][942]LogTemp:Display: Kicking off shader compilation for Skin_Main_Character_Doungeon_MAT, GameThreadShaderMap 0x000001B00A31FC80
[2017.11.22-20.07.11:682][942]LogAnimationCompression: Building Anim DDC data for AnimSequence /Game/Moje/Dungeon/Big_Enemy/Animations/Strong_Attack_Big_Enemy.Strong_Attack_Big_Enemy
[2017.11.22-20.07.11:688][942]LogAnimationCompression: Building Anim DDC data for AnimSequence /Game/Moje/Dungeon/Big_Enemy/Animations/impact_Export_02.impact_Export_02
[2017.11.22-20.07.11:689][942]LogAnimationCompression: Building Anim DDC data for AnimSequence /Game/Moje/Dungeon/Big_Enemy/Animations/Throw_Attack_Big_Enemy.Throw_Attack_Big_Enemy
[2017.11.22-20.07.11:695][942]LogAnimationCompression: Building Anim DDC data for AnimSequence /Game/Moje/Dungeon/Main_Character/Animations/Attack_02.Attack_02
[2017.11.22-20.07.11:697][942]LogAnimationCompression: Building Anim DDC data for AnimSequence /Game/Moje/Dungeon/Main_Character/Animations/sword_and_shield_death_mixamo_com.sword_and_shield_death_mixamo_com
[2017.11.22-20.07.11:700][942]LogAnimationCompression: Building Anim DDC data for AnimSequence /Game/Moje/Dungeon/Main_Character/Animations/Attack_03.Attack_03
[2017.11.22-20.07.11:710][942]LogStaticMesh: Building static mesh Slave_Chains...
[2017.11.22-20.07.11:884][942]LogStaticMesh: Built static mesh [0.17s] /Game/Moje/Meshes/Walls/Slave_Chains.Slave_Chains
[2017.11.22-20.07.11:904][942]LogStaticMesh: Building static mesh SkeletonRightLeg...
[2017.11.22-20.07.12:454][942]LogStaticMesh: Built static mesh [0.55s] /Game/Moje/Meshes/Walls/SkeletonRightLeg.SkeletonRightLeg
[2017.11.22-20.07.12:483][942]LogStaticMesh: Building static mesh SkeletonLeftLeg...
[2017.11.22-20.07.13:061][942]LogStaticMesh: Built static mesh [0.58s] /Game/Moje/Meshes/Walls/SkeletonLeftLeg.SkeletonLeftLeg
[2017.11.22-20.07.13:090][942]LogStaticMesh: Building static mesh SkeletonLeftArm...
[2017.11.22-20.07.13:910][942]LogStaticMesh: Built static mesh [0.82s] /Game/Moje/Meshes/Walls/SkeletonLeftArm.SkeletonLeftArm
[2017.11.22-20.07.13:946][942]LogStaticMesh: Building static mesh SkeletonHead...
[2017.11.22-20.07.16:412][942]LogStaticMesh: Built static mesh [2.47s] /Game/Moje/Meshes/Walls/SkeletonHead.SkeletonHead
[2017.11.22-20.07.16:452][942]LogStaticMesh: Building static mesh SkeletonBody...
[2017.11.22-20.07.20:535][942]LogStaticMesh: Built static mesh [4.08s] /Game/Moje/Meshes/Walls/SkeletonBody.SkeletonBody
[2017.11.22-20.07.20:664][942]LogStaticMesh: Building static mesh skull...
[2017.11.22-20.07.20:720][942]LogMeshUtilities: Invalid vertex normals found for mesh. Forcing recomputation of vertex normals for MikkTSpace. Fix mesh or disable "Use MikkTSpace Tangent Space" to avoid forced recomputation of normals.
[2017.11.22-20.07.21:390][942]LogStaticMesh: Built static mesh [0.73s] /Game/Moje/Simple/Objects/Skull/skull.skull
[2017.11.22-20.07.21:441][942]LogStaticMesh: Building static mesh FireTorchFBX...
[2017.11.22-20.07.21:451][942]LogStaticMesh: Built static mesh [0.01s] /Game/Moje/Simple/Objects/Fire_Torch/FireTorchFBX.FireTorchFBX
[2017.11.22-20.07.21:452][942]LogStaticMesh: Building static mesh Wall_15x4_withUV...
[2017.11.22-20.07.21:454][942]LogStaticMesh: Built static mesh [0.00s] /Game/Moje/Meshes/Walls/Wall_15x4_withUV.Wall_15x4_withUV
[2017.11.22-20.07.21:455][942]LogStaticMesh: Building static mesh Wall_10x4_withUV...
[2017.11.22-20.07.21:456][942]LogStaticMesh: Built static mesh [0.00s] /Game/Moje/Meshes/Walls/Wall_10x4_withUV.Wall_10x4_withUV
[2017.11.22-20.07.21:456][942]LogStaticMesh: Building static mesh Wall_10x4_with_Door02_UV...
[2017.11.22-20.07.21:468][942]LogStaticMesh: Built static mesh [0.01s] /Game/Moje/Meshes/Walls/Wall_10x4_with_Door02_UV.Wall_10x4_with_Door02_UV
[2017.11.22-20.07.21:469][942]LogStaticMesh: Building static mesh SkeletonUpperArmRight...
[2017.11.22-20.07.21:477][942]LogStaticMesh: Built static mesh [0.01s] /Game/Moje/Meshes/Skeleton/SkeletonUpperArmRight.SkeletonUpperArmRight
[2017.11.22-20.07.21:478][942]LogStaticMesh: Building static mesh SkeletonUpperArmLeft...
[2017.11.22-20.07.21:493][942]LogStaticMesh: Built static mesh [0.01s] /Game/Moje/Meshes/Skeleton/SkeletonUpperArmLeft.SkeletonUpperArmLeft
[2017.11.22-20.07.21:494][942]LogStaticMesh: Building static mesh SkeletonLowerLegRight...
[2017.11.22-20.07.21:865][942]LogStaticMesh: Built static mesh [0.37s] /Game/Moje/Meshes/Skeleton/SkeletonLowerLegRight.SkeletonLowerLegRight
[2017.11.22-20.07.21:884][942]LogStaticMesh: Building static mesh SkeletonUpperLegLeft...
[2017.11.22-20.07.21:927][942]LogStaticMesh: Built static mesh [0.04s] /Game/Moje/Meshes/Skeleton/SkeletonUpperLegLeft.SkeletonUpperLegLeft
[2017.11.22-20.07.21:930][942]LogMaterial: Missing cached shader map for material M_Brick_Clay_Old_Wall_10x4, compiling. 
[2017.11.22-20.07.21:931][942]LogTemp:Display: Added material ShaderMap 0x000001B011F5E400 with Material 0x000001AFC1F1BE80 to ShaderMapsBeingCompiled
[2017.11.22-20.07.21:944][942]LogTemp:Display: Kicking off shader compilation for M_Brick_Clay_Old_Wall_10x4, GameThreadShaderMap 0x000001B011F5E400
[2017.11.22-20.07.21:946][942]LogMaterial: Missing cached shader map for material M_Brick_Clay_Old_Wall_15x5, compiling. 
[2017.11.22-20.07.21:947][942]LogTemp:Display: Added material ShaderMap 0x000001B0132D3900 with Material 0x000001AFC1F17B80 to ShaderMapsBeingCompiled
[2017.11.22-20.07.21:961][942]LogTemp:Display: Kicking off shader compilation for M_Brick_Clay_Old_Wall_15x5, GameThreadShaderMap 0x000001B0132D3900
[2017.11.22-20.07.21:961][942]LogAnimationCompression: Building Anim DDC data for AnimSequence /Game/Moje/Dungeon/Main_Character/Animations/Attack_01.Attack_01
[2017.11.22-20.07.21:963][942]LogAnimationCompression: Building Anim DDC data for AnimSequence /Game/Moje/Dungeon/Big_Enemy/Animations/Attack_01_Big_Enemy.Attack_01_Big_Enemy
[2017.11.22-20.07.21:963][942]LogAnimationCompression: Building Anim DDC data for AnimSequence /Game/Moje/Dungeon/Big_Enemy/Animations/Attack_03_Big_Enemy.Attack_03_Big_Enemy
[2017.11.22-20.07.21:972][942]LogAnimationCompression: Building Anim DDC data for AnimSequence /Game/Moje/Dungeon/Big_Enemy/Animations/Attack_02_Big_Enemy.Attack_02_Big_Enemy
[2017.11.22-20.07.21:974][942]LogAnimationCompression: Building Anim DDC data for AnimSequence /Game/Moje/Dungeon/Big_Enemy/Animations/Death_Big_Enemy_Export_01.Death_Big_Enemy_Export_01
[2017.11.22-20.07.21:982][942]LogAnimationCompression: Building Anim DDC data for AnimSequence /Game/Moje/Dungeon/Main_Character/Animations/sword_and_shield_idle_3__mixamo_com.sword_and_shield_idle_3__mixamo_com
[2017.11.22-20.07.21:990][942]LogAnimationCompression: Building Anim DDC data for AnimSequence /Game/Moje/Dungeon/Main_Character/Animations/sword_and_shield_jump_.sword_and_shield_jump_
[2017.11.22-20.07.22:004][942]LogMaterial: Missing cached shader map for material Blade, compiling. 
[2017.11.22-20.07.22:005][942]LogTemp:Display: Added material ShaderMap 0x000001B014514800 with Material 0x000001AFC1F14E80 to ShaderMapsBeingCompiled
[2017.11.22-20.07.22:023][942]LogTemp:Display: Kicking off shader compilation for Blade, GameThreadShaderMap 0x000001B014514800
[2017.11.22-20.07.22:023][942]LogAnimationCompression: Building Anim DDC data for AnimSequence /Game/Moje/Dungeon/Main_Character/Animations/sword_and_shield_run.sword_and_shield_run
[2017.11.22-20.07.22:037][942]LogMaterial: Missing cached shader map for material M_Ground_Grass, compiling. 
[2017.11.22-20.07.22:038][942]LogTemp:Display: Added material ShaderMap 0x000001B013AAD280 with Material 0x000001AFC1E56500 to ShaderMapsBeingCompiled
[2017.11.22-20.07.22:077][942]LogTemp:Display: Kicking off shader compilation for M_Ground_Grass, GameThreadShaderMap 0x000001B013AAD280
[2017.11.22-20.07.22:078][942]LogTexture:Display: Building textures: Texture2D_3 (BGRA8, 64X64) - 161 MB total VRAM
[2017.11.22-20.07.22:105][942]LogTexture:Display: Building textures: HQ_Lightmap1_1 (AutoDXT, 1024X1024) - 161 MB total VRAM
[2017.11.22-20.07.22:296][942]LogTexture:Display: Building textures: HQ_Lightmap1_2 (AutoDXT, 256X256) - 161 MB total VRAM
[2017.11.22-20.07.22:333][942]LogTexture:Display: Building textures: LQ_Lightmap_1_1 (DXT1, 1024X1024) - 161 MB total VRAM
[2017.11.22-20.07.22:411][942]LogTexture:Display: Building textures: LQ_Lightmap_1_2 (DXT1, 256X256) - 161 MB total VRAM
[2017.11.22-20.07.22:441][942]LogTexture:Display: Building textures: SkyOcclusion1_1 (AutoDXT, 1024X512) - 161 MB total VRAM
[2017.11.22-20.07.22:523][942]LogTexture:Display: Building textures: SkyOcclusion1_2 (AutoDXT, 256X128) - 161 MB total VRAM
[2017.11.22-20.07.22:542][942]LogTexture:Display: Building textures: ShadowMapTexture2D_0 (G8, 256X128) - 161 MB total VRAM
[2017.11.22-20.07.22:543][942]LogTexture:Display: Building textures: ShadowMapTexture2D_1 (G8, 256X128) - 161 MB total VRAM
[2017.11.22-20.07.22:546][942]LogStaticMesh: Building static mesh SkeletonHead...
[2017.11.22-20.07.25:013][942]LogStaticMesh: Built static mesh [2.47s] /Game/Moje/Meshes/Skeleton/SkeletonHead.SkeletonHead
[2017.11.22-20.07.25:052][942]LogStaticMesh: Building static mesh SkeletonLowerArmLeft...
[2017.11.22-20.07.25:821][942]LogStaticMesh: Built static mesh [0.77s] /Game/Moje/Meshes/Skeleton/SkeletonLowerArmLeft.SkeletonLowerArmLeft
[2017.11.22-20.07.25:853][942]LogStaticMesh: Building static mesh SkeletonLowerArmRight...
[2017.11.22-20.07.26:599][942]LogStaticMesh: Built static mesh [0.75s] /Game/Moje/Meshes/Skeleton/SkeletonLowerArmRight.SkeletonLowerArmRight
[2017.11.22-20.07.26:631][942]LogStaticMesh: Building static mesh SkeletonLowerLegLeft...
[2017.11.22-20.07.27:058][942]LogStaticMesh: Built static mesh [0.43s] /Game/Moje/Meshes/Skeleton/SkeletonLowerLegLeft.SkeletonLowerLegLeft
[2017.11.22-20.07.27:104][942]LogTexture:Display: Building textures: TreeBark (AutoDXT, 512X512) - 161 MB total VRAM
[2017.11.22-20.07.27:281][942]LogTexture:Display: Building textures: BlackFoam (AutoDXT, 256X256) - 161 MB total VRAM
[2017.11.22-20.07.27:350][942]LogMaterial: Missing cached shader map for material TreeBark_Mat, compiling. 
[2017.11.22-20.07.27:350][942]LogTemp:Display: Added material ShaderMap 0x000001B00E2FF200 with Material 0x000001AFD233CA00 to ShaderMapsBeingCompiled
[2017.11.22-20.07.27:369][942]LogTemp:Display: Kicking off shader compilation for TreeBark_Mat, GameThreadShaderMap 0x000001B00E2FF200
[2017.11.22-20.07.27:372][942]LogMaterial: Missing cached shader map for material BlackFoam_Mat, compiling. 
[2017.11.22-20.07.27:372][942]LogTemp:Display: Added material ShaderMap 0x000001B01BCAB900 with Material 0x000001AFD233C580 to ShaderMapsBeingCompiled
[2017.11.22-20.07.27:388][942]LogTemp:Display: Kicking off shader compilation for BlackFoam_Mat, GameThreadShaderMap 0x000001B01BCAB900
[2017.11.22-20.07.27:388][942]LogAnimationCompression: Building Anim DDC data for AnimSequence /Game/Moje/Dungeon/Main_Character/Animations/sword_and_shield_strafe_left.sword_and_shield_strafe_left
[2017.11.22-20.07.27:390][942]LogAnimationCompression: Building Anim DDC data for AnimSequence /Game/Moje/Dungeon/Main_Character/Animations/sword_and_shield_strafe_left_Run.sword_and_shield_strafe_left_Run
[2017.11.22-20.07.27:391][942]LogAnimationCompression: Building Anim DDC data for AnimSequence /Game/Moje/Dungeon/Main_Character/Animations/sword_and_shield_block_idle_mixamo_com.sword_and_shield_block_idle_mixamo_com
[2017.11.22-20.07.27:394][942]LogAnimationCompression: Building Anim DDC data for AnimSequence /Game/Moje/Dungeon/Big_Enemy/Animations/Walk_3rd_Copy.Walk_3rd_Copy
[2017.11.22-20.07.27:394][942]LogAnimationCompression: Building Anim DDC data for AnimSequence /Game/Moje/Dungeon/Big_Enemy/Animations/Idle_Big_Enemy_01.Idle_Big_Enemy_01
[2017.11.22-20.07.27:397][942]LogAudioDerivedData:Display: Building compressed audio format OGG wave sword_sound_zamah...
[2017.11.22-20.07.27:418][942]LogAudioDerivedData:Display: Building compressed audio format OGG wave sword_sound_udarac_02...
[2017.11.22-20.07.27:435][942]LogAudioDerivedData:Display: Building compressed audio format OGG wave Sword_Swing_01...
[2017.11.22-20.07.27:451][942]LogAIModule: Creating AISystem for world Doungeon
[2017.11.22-20.07.27:451][942]LogLoad: Game class is 'GameMode_MainChar_Doungeon_C'
[2017.11.22-20.07.27:459][942]LogTemp:Display: Finished compile of shader map 0x000001AFA1A61600
[2017.11.22-20.07.27:459][942]LogTemp:Display: Shader map M_Brick_Clay_Old_Floor_15x10 complete, GameThreadShaderMap 0x000001AFA1A61600, marking material M_Brick_Clay_Old_Floor_15x10 as finished
[2017.11.22-20.07.27:459][942]LogTemp:Display: Marking material as finished 0x000001AFC1F11180
[2017.11.22-20.07.27:469][942]LogTemp:Display: Finished compile of shader map 0x000001AF9D00AE80
[2017.11.22-20.07.27:469][942]LogTemp:Display: Shader map DoorDiffuse_Mat complete, GameThreadShaderMap 0x000001AF9D00AE80, marking material DoorDiffuse_Mat as finished
[2017.11.22-20.07.27:469][942]LogTemp:Display: Marking material as finished 0x000001AFC1F13280
[2017.11.22-20.07.27:477][942]LogTemp:Display: Finished compile of shader map 0x000001AFFF5D9600
[2017.11.22-20.07.27:477][942]LogTemp:Display: Shader map Skirt_Big_Enemy_MAT complete, GameThreadShaderMap 0x000001AFFF5D9600, marking material Skirt_Big_Enemy_MAT as finished
[2017.11.22-20.07.27:477][942]LogTemp:Display: Marking material as finished 0x000001AFC2A54E80
[2017.11.22-20.07.27:484][942]LogTemp:Display: Finished compile of shader map 0x000001B007777C80
[2017.11.22-20.07.27:484][942]LogTemp:Display: Shader map Eyes_Big_Enemy_MAT complete, GameThreadShaderMap 0x000001B007777C80, marking material Eyes_Big_Enemy_MAT as finished
[2017.11.22-20.07.27:484][942]LogTemp:Display: Marking material as finished 0x000001AFC2A06B00
[2017.11.22-20.07.27:490][942]LogTemp:Display: Finished compile of shader map 0x000001B00827CF00
[2017.11.22-20.07.27:490][942]LogTemp:Display: Shader map iron_west complete, GameThreadShaderMap 0x000001B00827CF00, marking material iron_west as finished
[2017.11.22-20.07.27:490][942]LogTemp:Display: Marking material as finished 0x000001AFC2CB6F80
[2017.11.22-20.07.27:504][942]LogTemp:Display: Finished compile of shader map 0x000001B00AB1F580
[2017.11.22-20.07.27:504][942]LogTemp:Display: Shader map Skin_Big_Enemy_MAT complete, GameThreadShaderMap 0x000001B00AB1F580, marking material Skin_Big_Enemy_MAT as finished
[2017.11.22-20.07.27:504][942]LogTemp:Display: Marking material as finished 0x000001AFC2CB4E80
[2017.11.22-20.07.27:510][942]LogTemp:Display: Finished compile of shader map 0x000001B00A31FC80
[2017.11.22-20.07.27:510][942]LogTemp:Display: Shader map Skin_Main_Character_Doungeon_MAT complete, GameThreadShaderMap 0x000001B00A31FC80, marking material Skin_Main_Character_Doungeon_MAT as finished
[2017.11.22-20.07.27:510][942]LogTemp:Display: Marking material as finished 0x000001AFC2A04880
[2017.11.22-20.07.27:522][942]LogTemp:Display: Finished compile of shader map 0x000001B011F5E400
[2017.11.22-20.07.27:522][942]LogTemp:Display: Shader map M_Brick_Clay_Old_Wall_10x4 complete, GameThreadShaderMap 0x000001B011F5E400, marking material M_Brick_Clay_Old_Wall_10x4 as finished
[2017.11.22-20.07.27:522][942]LogTemp:Display: Marking material as finished 0x000001AFC1F1BE80
[2017.11.22-20.07.27:534][942]LogTemp:Display: Finished compile of shader map 0x000001B0132D3900
[2017.11.22-20.07.27:534][942]LogTemp:Display: Shader map M_Brick_Clay_Old_Wall_15x5 complete, GameThreadShaderMap 0x000001B0132D3900, marking material M_Brick_Clay_Old_Wall_15x5 as finished
[2017.11.22-20.07.27:534][942]LogTemp:Display: Marking material as finished 0x000001AFC1F17B80
[2017.11.22-20.07.27:541][942]LogTemp:Display: Finished compile of shader map 0x000001B014514800
[2017.11.22-20.07.27:541][942]LogTemp:Display: Shader map Blade complete, GameThreadShaderMap 0x000001B014514800, marking material Blade as finished
[2017.11.22-20.07.27:541][942]LogTemp:Display: Marking material as finished 0x000001AFC1F14E80
[2017.11.22-20.07.27:557][942]PIE:Warning: Warning AttachTo: '/Game/Maps/Moje/Levels/Doungeon.Doungeon:PersistentLevel.CameraActor_1.SceneComponent' cannot be attached to itself. Aborting.
[2017.11.22-20.07.27:561][942]LogWorld: Bringing World /Game/Maps/Moje/Levels/Doungeon.Doungeon up for play (max tick rate 0) at 2017.11.22-21.07.27
[2017.11.22-20.07.27:564][942]LogWorld: Bringing up level for play took: 0.019803
[2017.11.22-20.07.27:566][942]LogGameMode:Display: Match State Changed from EnteringMap to WaitingToStart
[2017.11.22-20.07.27:566][942]LogGameState: Match State Changed from EnteringMap to WaitingToStart
[2017.11.22-20.07.27:566][942]LogGameMode:Display: Match State Changed from WaitingToStart to InProgress
[2017.11.22-20.07.27:569][942]LogGameState: Match State Changed from WaitingToStart to InProgress
[2017.11.22-20.07.27:571][942]LogLoad: Took 31.798020 seconds to LoadMap(/Game/Maps/Moje/Levels/Doungeon)
[2017.11.22-20.07.28:948][ 26]LogTemp:Display: Finished compile of shader map 0x000001B013AAD280
[2017.11.22-20.07.28:948][ 26]LogTemp:Display: Shader map M_Ground_Grass complete, GameThreadShaderMap 0x000001B013AAD280, marking material M_Ground_Grass as finished
[2017.11.22-20.07.28:948][ 26]LogTemp:Display: Marking material as finished 0x000001AFC1E56500
[2017.11.22-20.07.29:780][ 78]LogTemp:Display: Finished compile of shader map 0x000001B00E2FF200
[2017.11.22-20.07.29:780][ 78]LogTemp:Display: Shader map TreeBark_Mat complete, GameThreadShaderMap 0x000001B00E2FF200, marking material TreeBark_Mat as finished
[2017.11.22-20.07.29:780][ 78]LogTemp:Display: Marking material as finished 0x000001AFD233CA00
[2017.11.22-20.07.30:626][124]LogTemp:Display: Finished compile of shader map 0x000001B01BCAB900
[2017.11.22-20.07.30:626][124]LogTemp:Display: Shader map BlackFoam_Mat complete, GameThreadShaderMap 0x000001B01BCAB900, marking material BlackFoam_Mat as finished
[2017.11.22-20.07.30:626][124]LogTemp:Display: Marking material as finished 0x000001AFD233C580
[2017.11.22-20.07.43:219][905]LogBlueprintUserMessages: [Blueprint_Main_Character_Doungeon_Walk_C_0] NOT blocking
[2017.11.22-20.07.48:236][216]LogBlueprintUserMessages: [Blueprint_Main_Character_Doungeon_Walk_C_0] blocking
[2017.11.22-20.07.48:897][257]LogBlueprintUserMessages: [Blueprint_Main_Character_Doungeon_Walk_C_0] NOT blocking
[2017.11.22-20.07.52:203][462]LogBlueprintUserMessages: [Blueprint_Main_Character_Doungeon_Walk_C_0] NOT blocking
[2017.11.22-20.07.57:252][775]LogBlueprintUserMessages: [Blueprint_Main_Character_Doungeon_Walk_C_0] blocking
[2017.11.22-20.07.57:816][810]LogBlueprintUserMessages: [Blueprint_Main_Character_Doungeon_Walk_C_0] NOT blocking
[2017.11.22-20.08.01:254][ 19]LogPackageName: SearchForPackageOnDisk took   0.067s to resolve MainMenu.umap.
[2017.11.22-20.08.01:254][ 19]LogGameMode:Display: Match State Changed from InProgress to LeavingMap
[2017.11.22-20.08.01:254][ 19]LogGameState: Match State Changed from InProgress to LeavingMap
[2017.11.22-20.08.01:312][ 19]LogPackageName: SearchForPackageOnDisk took   0.058s to resolve MainMenu.umap.
[2017.11.22-20.08.01:312][ 19]LogNet: Browse: /Game/Maps/MainMenu
[2017.11.22-20.08.01:312][ 19]LogLoad: LoadMap: /Game/Maps/MainMenu
[2017.11.22-20.08.01:372][ 19]LogMemory: Platform Memory Stats for Windows
[2017.11.22-20.08.01:372][ 19]LogMemory: Process Physical Memory: 1436.13 MB used, 1589.17 MB peak
[2017.11.22-20.08.01:372][ 19]LogMemory: Process Virtual Memory: 2392.59 MB used, 2519.79 MB peak
[2017.11.22-20.08.01:372][ 19]LogMemory: Physical Memory: 6992.50 MB used,  9333.32 MB free, 16325.82 MB total
[2017.11.22-20.08.01:372][ 19]LogMemory: Virtual Memory: 3108.86 MB used,  9333.32 MB free, 134217728.00 MB total
[2017.11.22-20.08.01:372][ 19]LogMemory: 
[2017.11.22-20.08.01:372][ 19]Allocator Stats for TBB: (not implemented)
[2017.11.22-20.08.01:381][ 19]LogAIModule: Creating AISystem for world MainMenu
[2017.11.22-20.08.01:382][ 19]LogLoad: Game class is 'GameModeBase'
[2017.11.22-20.08.01:383][ 19]LogWorld: Bringing World /Game/Maps/MainMenu.MainMenu up for play (max tick rate 0) at 2017.11.22-21.08.01
[2017.11.22-20.08.01:383][ 19]LogWorld: Bringing up level for play took: 0.000426
[2017.11.22-20.08.01:385][ 19]LogLoad: Took 0.072282 seconds to LoadMap(/Game/Maps/MainMenu)
[2017.11.22-20.08.09:483][522]Closing by request
[2017.11.22-20.08.09:483][522]LogWindows: FPlatformMisc::RequestExit(0)
[2017.11.22-20.08.09:484][523]LogMoviePlayer: Shutting down movie player
[2017.11.22-20.08.10:334][523]LogWindowsTextInputMethodSystem:Display: IME system now deactivated.
[2017.11.22-20.08.10:340][523]LogWindowsTextInputMethodSystem:Display: IME system now deactivated.
[2017.11.22-20.08.10:345][523]LogExit: Preparing to exit.
[2017.11.22-20.08.11:309][523]LogExit: Game engine shut down
[2017.11.22-20.08.11:407][523]LogObj: Freed 0b from 0 cluster array pools.
[2017.11.22-20.08.11:407][523]LogExit: Object subsystem successfully closed.
[2017.11.22-20.08.11:426][523]LogD3D11RHI: Shutdown
[2017.11.22-20.08.11:426][523]LogD3D11RHI: CleanupD3DDevice
[2017.11.22-20.08.11:526][523]LogD3D11RHI: ~FD3D11DynamicRHI
[2017.11.22-20.08.11:544][523]LogModuleManager: Shutting down and abandoning module SequenceRecorderSections (280)
[2017.11.22-20.08.11:544][523]LogModuleManager: Shutting down and abandoning module SequenceRecorder (278)
[2017.11.22-20.08.11:544][523]LogModuleManager: Shutting down and abandoning module AutomationController (276)
[2017.11.22-20.08.11:544][523]LogModuleManager: Shutting down and abandoning module AutomationWorker (274)
[2017.11.22-20.08.11:544][523]LogModuleManager: Shutting down and abandoning module Voice (272)
[2017.11.22-20.08.11:544][523]LogModuleManager: Shutting down and abandoning module AIModule (270)
[2017.11.22-20.08.11:544][523]LogModuleManager: Shutting down and abandoning module GameplayDebugger (269)
[2017.11.22-20.08.11:544][523]LogModuleManager: Shutting down and abandoning module AITestSuite (267)
[2017.11.22-20.08.11:544][523]LogModuleManager: Shutting down and abandoning module WmfMediaFactory (264)
[2017.11.22-20.08.11:544][523]LogModuleManager: Shutting down and abandoning module MfMediaFactory (262)
[2017.11.22-20.08.11:544][523]LogModuleManager: Shutting down and abandoning module AvfMediaFactory (260)
[2017.11.22-20.08.11:544][523]LogModuleManager: Shutting down and abandoning module AndroidMediaFactory (258)
[2017.11.22-20.08.11:544][523]LogModuleManager: Shutting down and abandoning module Media (257)
[2017.11.22-20.08.11:544][523]LogModuleManager: Shutting down and abandoning module CharacterAI (254)
[2017.11.22-20.08.11:544][523]LogModuleManager: Shutting down and abandoning module SessionServices (252)
[2017.11.22-20.08.11:544][523]LogModuleManager: Shutting down and abandoning module MovieSceneCapture (250)
[2017.11.22-20.08.11:544][523]LogModuleManager: Shutting down and abandoning module GeometryCache (248)
[2017.11.22-20.08.11:544][523]LogModuleManager: Shutting down and abandoning module GeometryCacheEd (247)
[2017.11.22-20.08.11:544][523]LogModuleManager: Shutting down and abandoning module Niagara (244)
[2017.11.22-20.08.11:544][523]LogModuleManager: Shutting down and abandoning module StreamingPauseRendering (242)
[2017.11.22-20.08.11:544][523]LogModuleManager: Shutting down and abandoning module PortalServices (240)
[2017.11.22-20.08.11:544][523]LogModuleManager: Shutting down and abandoning module PortalRpc (238)
[2017.11.22-20.08.11:544][523]LogModuleManager: Shutting down and abandoning module MessagingRpc (236)
[2017.11.22-20.08.11:544][523]LogModuleManager: Shutting down and abandoning module ProfilerService (234)
[2017.11.22-20.08.11:659][523]LogModuleManager: Shutting down and abandoning module TaskGraph (232)
[2017.11.22-20.08.11:662][523]LogModuleManager: Shutting down and abandoning module SteamVRController (230)
[2017.11.22-20.08.11:662][523]LogModuleManager: Shutting down and abandoning module SteamVR (228)
[2017.11.22-20.08.11:662][523]LogModuleManager: Shutting down and abandoning module ProceduralMeshComponent (226)
[2017.11.22-20.08.11:662][523]LogModuleManager: Shutting down and abandoning module OculusLibrary (224)
[2017.11.22-20.08.11:662][523]LogModuleManager: Shutting down and abandoning module OculusInput (222)
[2017.11.22-20.08.11:662][523]LogModuleManager: Shutting down and abandoning module MobilePatchingUtils (220)
[2017.11.22-20.08.11:662][523]LogModuleManager: Shutting down and abandoning module CustomMeshComponent (218)
[2017.11.22-20.08.11:662][523]LogModuleManager: Shutting down and abandoning module CableComponent (216)
[2017.11.22-20.08.11:662][523]LogModuleManager: Shutting down and abandoning module ArchVisCharacter (214)
[2017.11.22-20.08.11:662][523]LogModuleManager: Shutting down and abandoning module Rejoin (212)
[2017.11.22-20.08.11:662][523]LogModuleManager: Shutting down and abandoning module Hotfix (210)
[2017.11.22-20.08.11:662][523]LogModuleManager: Shutting down and abandoning module Lobby (208)
[2017.11.22-20.08.11:662][523]LogModuleManager: Shutting down and abandoning module Party (206)
[2017.11.22-20.08.11:662][523]LogModuleManager: Shutting down and abandoning module Qos (204)
[2017.11.22-20.08.11:662][523]LogModuleManager: Shutting down and abandoning module HTML5Networking (202)
[2017.11.22-20.08.11:662][523]LogModuleManager: Shutting down and abandoning module VisualStudioSourceCodeAccess (200)
[2017.11.22-20.08.11:662][523]LogModuleManager: Shutting down and abandoning module DesktopPlatform (199)
[2017.11.22-20.08.11:662][523]LogModuleManager: Shutting down and abandoning module HotReload (197)
[2017.11.22-20.08.11:662][523]LogDirectoryWatcher: A directory notification for 'E:/Buisness/Unreal/Multiplayer2/Binaries/Win64' was aborted.
[2017.11.22-20.08.11:663][523]LogModuleManager: Shutting down and abandoning module DirectoryWatcher (196)
[2017.11.22-20.08.11:663][523]LogModuleManager: Shutting down and abandoning module UObjectPlugin (192)
[2017.11.22-20.08.11:663][523]LogModuleManager: Shutting down and abandoning module SubversionSourceControl (190)
[2017.11.22-20.08.11:663][523]LogModuleManager: Shutting down and abandoning module PerforceSourceControl (188)
[2017.11.22-20.08.11:663][523]LogModuleManager: Shutting down and abandoning module SourceControl (187)
[2017.11.22-20.08.11:663][523]LogModuleManager: Shutting down and abandoning module Multiplayer (184)
[2017.11.22-20.08.11:663][523]LogModuleManager: Shutting down and abandoning module PhysXVehiclesEditor (182)
[2017.11.22-20.08.11:663][523]LogModuleManager: Shutting down and abandoning module PhysXVehicles (180)
[2017.11.22-20.08.11:663][523]LogModuleManager: Shutting down and abandoning module LocationServicesBPLibrary (178)
[2017.11.22-20.08.11:663][523]LogModuleManager: Shutting down and abandoning module UdpMessaging (176)
[2017.11.22-20.08.11:764][523]LogModuleManager: Shutting down and abandoning module TcpMessaging (174)
[2017.11.22-20.08.12:115][523]LogModuleManager: Shutting down and abandoning module GameplayTagsEditor (172)
[2017.11.22-20.08.12:117][523]LogModuleManager: Shutting down and abandoning module FacialAnimation (170)
[2017.11.22-20.08.12:117][523]LogModuleManager: Shutting down and abandoning module LightPropagationVolumeRuntime (168)
[2017.11.22-20.08.12:117][523]LogModuleManager: Shutting down and abandoning module Paper2D (166)
[2017.11.22-20.08.12:117][523]LogModuleManager: Shutting down and abandoning module WindowsMoviePlayer (164)
[2017.11.22-20.08.12:117][523]LogModuleManager: Shutting down and abandoning module WmfMedia (162)
[2017.11.22-20.08.12:117][523]LogModuleManager: Shutting down and abandoning module MfMedia (160)
[2017.11.22-20.08.12:117][523]LogModuleManager: Shutting down and abandoning module MediaAssets (158)
[2017.11.22-20.08.12:117][523]LogModuleManager: Shutting down and abandoning module GameLiveStreaming (156)
[2017.11.22-20.08.12:117][523]LogModuleManager: Shutting down and abandoning module VREditor (154)
[2017.11.22-20.08.12:117][523]LogModuleManager: Shutting down and abandoning module GameplayTasksEditor (152)
[2017.11.22-20.08.12:117][523]LogModuleManager: Shutting down and abandoning module BehaviorTreeEditor (150)
[2017.11.22-20.08.12:118][523]LogModuleManager: Shutting down and abandoning module FunctionalTesting (148)
[2017.11.22-20.08.12:118][523]LogModuleManager: Shutting down and abandoning module CollisionAnalyzer (146)
[2017.11.22-20.08.12:118][523]LogModuleManager: Shutting down and abandoning module UMG (144)
[2017.11.22-20.08.12:118][523]LogModuleManager: Shutting down and abandoning module UMGEditor (143)
[2017.11.22-20.08.12:118][523]LogModuleManager: Shutting down and abandoning module Sequencer (142)
[2017.11.22-20.08.12:119][523]LogModuleManager: Shutting down and abandoning module AssetTools (140)
[2017.11.22-20.08.12:119][523]LogModuleManager: Shutting down and abandoning module MessageLog (139)
[2017.11.22-20.08.12:119][523]LogModuleManager: Shutting down and abandoning module WorkspaceMenuStructure (138)
[2017.11.22-20.08.12:119][523]LogModuleManager: Shutting down and abandoning module SlateReflector (132)
[2017.11.22-20.08.12:120][523]LogModuleManager: Shutting down and abandoning module Slate (130)
[2017.11.22-20.08.12:120][523]LogModuleManager: Shutting down and abandoning module EditorStyle (128)
[2017.11.22-20.08.12:121][523]LogModuleManager: Shutting down and abandoning module Messaging (126)
[2017.11.22-20.08.12:122][523]LogModuleManager: Shutting down and abandoning module SourceCodeAccess (124)
[2017.11.22-20.08.12:122][523]LogModuleManager: Shutting down and abandoning module HeadMountedDisplay (122)
[2017.11.22-20.08.12:122][523]LogModuleManager: Shutting down and abandoning module XAudio2 (120)
[2017.11.22-20.08.12:122][523]LogModuleManager: Shutting down and abandoning module Networking (118)
[2017.11.22-20.08.12:122][523]LogModuleManager: Shutting down and abandoning module Core (116)
[2017.11.22-20.08.12:122][523]LogModuleManager: Shutting down and abandoning module KismetCompiler (114)
[2017.11.22-20.08.12:122][523]LogModuleManager: Shutting down and abandoning module PhysXFormats (112)
[2017.11.22-20.08.12:122][523]LogModuleManager: Shutting down and abandoning module MeshUtilities (110)
[2017.11.22-20.08.12:122][523]LogModuleManager: Shutting down and abandoning module SimplygonSwarm (109)
[2017.11.22-20.08.12:122][523]LogModuleManager: Shutting down and abandoning module SimplygonMeshReduction (107)
[2017.11.22-20.08.12:122][523]LogModuleManager: Shutting down and abandoning module QuadricMeshReduction (105)
[2017.11.22-20.08.12:122][523]LogModuleManager: Shutting down and abandoning module PropertyEditor (103)
[2017.11.22-20.08.12:122][523]LogModuleManager: Shutting down and abandoning module AssetRegistry (100)
[2017.11.22-20.08.12:122][523]LogModuleManager: Shutting down and abandoning module DerivedDataCache (98)
[2017.11.22-20.08.12:128][523]LogDerivedDataCache: Shutdown
[2017.11.22-20.08.12:128][523]LogModuleManager: Shutting down and abandoning module TargetPlatform (96)
[2017.11.22-20.08.12:128][523]LogModuleManager: Shutting down and abandoning module VulkanShaderFormat (95)
[2017.11.22-20.08.12:128][523]LogModuleManager: Shutting down and abandoning module ShaderFormatOpenGL (93)
[2017.11.22-20.08.12:128][523]LogModuleManager: Shutting down and abandoning module ShaderFormatD3D (91)
[2017.11.22-20.08.12:128][523]LogModuleManager: Shutting down and abandoning module MetalShaderFormat (89)
[2017.11.22-20.08.12:129][523]LogModuleManager: Shutting down and abandoning module TextureFormatUncompressed (87)
[2017.11.22-20.08.12:129][523]LogModuleManager: Shutting down and abandoning module TextureFormatPVR (85)
[2017.11.22-20.08.12:129][523]LogModuleManager: Shutting down and abandoning module TextureFormatDXT (83)
[2017.11.22-20.08.12:129][523]LogModuleManager: Shutting down and abandoning module TextureFormatIntelISPCTexComp (81)
[2017.11.22-20.08.12:129][523]LogModuleManager: Shutting down and abandoning module TextureFormatASTC (79)
[2017.11.22-20.08.12:129][523]LogModuleManager: Shutting down and abandoning module ImageWrapper (78)
[2017.11.22-20.08.12:129][523]LogModuleManager: Shutting down and abandoning module TextureFormatAndroid (75)
[2017.11.22-20.08.12:129][523]LogModuleManager: Shutting down and abandoning module AudioFormatOpus (73)
[2017.11.22-20.08.12:129][523]LogModuleManager: Shutting down and abandoning module AudioFormatOgg (71)
[2017.11.22-20.08.12:129][523]LogModuleManager: Shutting down and abandoning module AudioFormatADPCM (69)
[2017.11.22-20.08.12:129][523]LogModuleManager: Shutting down and abandoning module WindowsTargetPlatform (67)
[2017.11.22-20.08.12:129][523]LogModuleManager: Shutting down and abandoning module WindowsServerTargetPlatform (65)
[2017.11.22-20.08.12:129][523]LogModuleManager: Shutting down and abandoning module WindowsNoEditorTargetPlatform (63)
[2017.11.22-20.08.12:129][523]LogModuleManager: Shutting down and abandoning module WindowsClientTargetPlatform (61)
[2017.11.22-20.08.12:129][523]LogModuleManager: Shutting down and abandoning module InputCore (58)
[2017.11.22-20.08.12:129][523]LogModuleManager: Shutting down and abandoning module Settings (56)
[2017.11.22-20.08.12:129][523]LogModuleManager: Shutting down and abandoning module OculusRift (54)
[2017.11.22-20.08.12:129][523]LogModuleManager: Shutting down and abandoning module GearVR (52)
[2017.11.22-20.08.12:129][523]LogModuleManager: Shutting down and abandoning module ExampleDeviceProfileSelector (50)
[2017.11.22-20.08.12:129][523]LogModuleManager: Shutting down and abandoning module OnlineBlueprintSupport (48)
[2017.11.22-20.08.12:129][523]LogModuleManager: Shutting down and abandoning module OnlineSubsystem (44)
[2017.11.22-20.08.12:129][523]LogOnline:Display: OSS: FOnlineSubsystemNull::Shutdown()
[2017.11.22-20.08.12:129][523]LogOnline:Display: Unloading online subsystem: STEAM
[2017.11.22-20.08.12:129][523]LogOnline:Display: Unloading online subsystem: NULL
[2017.11.22-20.08.12:129][523]LogModuleManager: Shutting down and abandoning module XMPP (37)
[2017.11.22-20.08.12:130][523]LogModuleManager: Shutting down and abandoning module HTTP (35)
[2017.11.22-20.08.12:143][523]LogModuleManager: Shutting down and abandoning module SSL (34)
[2017.11.22-20.08.12:145][523]LogModuleManager: Shutting down and abandoning module AudioEditor (30)
[2017.11.22-20.08.12:145][523]LogModuleManager: Shutting down and abandoning module TextureCompressor (28)
[2017.11.22-20.08.12:145][523]LogModuleManager: Shutting down and abandoning module ShaderCore (26)
[2017.11.22-20.08.12:145][523]LogModuleManager: Shutting down and abandoning module Landscape (24)
[2017.11.22-20.08.12:145][523]LogModuleManager: Shutting down and abandoning module SlateRHIRenderer (22)
[2017.11.22-20.08.12:145][523]LogModuleManager: Shutting down and abandoning module OpenGLDrv (20)
[2017.11.22-20.08.12:146][523]LogModuleManager: Shutting down and abandoning module D3D11RHI (18)
[2017.11.22-20.08.12:146][523]LogModuleManager: Shutting down and abandoning module AnimGraphRuntime (16)
[2017.11.22-20.08.12:146][523]LogModuleManager: Shutting down and abandoning module Renderer (14)
[2017.11.22-20.08.12:146][523]LogModuleManager: Shutting down and abandoning module Engine (12)
[2017.11.22-20.08.12:146][523]LogModuleManager: Shutting down and abandoning module CoreUObject (10)
[2017.11.22-20.08.12:146][523]LogModuleManager: Shutting down and abandoning module NetworkFile (8)
[2017.11.22-20.08.12:146][523]LogModuleManager: Shutting down and abandoning module StreamingFile (6)
[2017.11.22-20.08.12:146][523]LogModuleManager: Shutting down and abandoning module SandboxFile (4)
[2017.11.22-20.08.12:146][523]LogModuleManager: Shutting down and abandoning module PakFile (2)
[2017.11.22-20.08.12:147][523]LogExit: Exiting.
[2017.11.22-20.08.12:148][523]Log file closed, 11/22/17 21:08:12
