Log file open, 12/05/17 22:27:30
LogInit:Display: Running engine for game: Multiplayer
LogPlatformFile: Not using cached read wrapper
LogInit:Display: RandInit(1049293060) SRandInit(1049293061).
LogTaskGraph: Started task graph with 5 named threads and 8 total threads with 1 sets of task threads.
LogStats: Stats thread started at 0.067251
LogInit: Using libcurl 7.47.1
LogInit:  - built for x86_64-pc-win32
LogInit:  - supports SSL with OpenSSL/1.0.2g
LogInit:  - supports HTTP deflate (compression) using libz 1.2.8
LogInit:  - other features:
LogInit:      CURL_VERSION_SSL
LogInit:      CURL_VERSION_LIBZ
LogInit:      CURL_VERSION_IPV6
LogInit:      CURL_VERSION_ASYNCHDNS
LogInit:      CURL_VERSION_LARGEFILE
LogInit:      CURL_VERSION_IDN
LogInit:  CurlRequestOptions (configurable via config and command line):
LogInit:  - bVerifyPeer = false  - Libcurl will NOT verify peer certificate
LogInit:  - bUseHttpProxy = false  - Libcurl will NOT use HTTP proxy
LogInit:  - bDontReuseConnections = false  - Libcurl will reuse connections
LogInit:  - CertBundlePath = nullptr  - Libcurl will use whatever was configured at build time.
LogOnline:Display: STEAM: Loading Steam SDK 1.32
LogOnline:Warning: STEAM: Steam API disabled!
LogOnline:Display: STEAM: OnlineSubsystemSteam::Shutdown()
LogInit: WinSock: version 1.1 (2.2), MaxSocks=32767, MaxUdp=65467
LogInit: Build: ++UE4+Release-4.15-CL-3450819
LogInit: Engine Version: 4.15.3-3450819+++UE4+Release-4.15
LogInit: Compatible Engine Version: 4.15.0-3299760+++UE4+Release-4.15
LogInit: Net CL: 3299760
LogDevObjectVersion: Number of dev versions registered: 14
LogDevObjectVersion:   Dev-Blueprints (B0D832E4-1F89-4F0D-ACCF-7EB736FD4AA2): 8
LogDevObjectVersion:   Dev-Build (E1C64328-A22C-4D53-A36C-8E866417BD8C): 0
LogDevObjectVersion:   Dev-Core (375EC13C-06E4-48FB-B500-84F0262A717E): 2
LogDevObjectVersion:   Dev-Editor (E4B068ED-F494-42E9-A231-DA0B2E46BB41): 14
LogDevObjectVersion:   Dev-Framework (CFFC743F-43B0-4480-9391-14DF171D2073): 22
LogDevObjectVersion:   Dev-Mobile (B02B49B5-BB20-44E9-A304-32B752E40360): 0
LogDevObjectVersion:   Dev-Networking (A4E4105C-59A1-49B5-A7C5-40C4547EDFEE): 0
LogDevObjectVersion:   Dev-Online (39C831C9-5AE6-47DC-9A44-9C173E1C8E7C): 0
LogDevObjectVersion:   Dev-Physics (78F01B33-EBEA-4F98-B9B4-84EACCB95AA2): 0
LogDevObjectVersion:   Dev-Platform (6631380F-2D4D-43E0-8009-CF276956A95A): 0
LogDevObjectVersion:   Dev-Rendering (12F88B9F-8875-4AFC-A67C-D90C383ABD29): 12
LogDevObjectVersion:   Dev-Sequencer (7B5AE74C-D270-4C10-A958-57980B212A5A): 3
LogDevObjectVersion:   Dev-VR (D7296918-1DD6-4BDD-9DE2-64A83CC13884): 0
LogDevObjectVersion:   Dev-LoadTimes (C2A15278-BFE7-4AFE-6C17-90FF531DF755): 1
LogInit: Compiled (64-bit): May 21 2017 11:02:34
LogInit: Compiled with Visual C++: 19.00.23026.00
LogInit: Build Configuration: Development
LogInit: Branch Name: ++UE4+Release-4.15
LogInit: Command line:  
LogInit: Base directory: C:/Program Files/Epic Games/UE_4.15/Engine/Binaries/Win64/
LogInit: Installed Engine Build: 1
LogInit: Presizing for max 8388607 objects, including 0 objects not considered by GC, pre-allocating 0 bytes for permanent pool.
LogInit: Object subsystem initialized
[2017.12.05-21.27.31:274][  0]LogInit: Selected Device Profile: [Windows]
[2017.12.05-21.27.31:274][  0]LogInit: Applying CVar settings loaded from the selected device profile: [Windows]
[2017.12.05-21.27.31:289][  0]LogInit: Computer: DEVPC
[2017.12.05-21.27.31:289][  0]LogInit: User: Aron
[2017.12.05-21.27.31:289][  0]LogInit: CPU Page size=65536, Cores=4
[2017.12.05-21.27.31:289][  0]LogInit: High frequency timer resolution =3.903995 MHz
[2017.12.05-21.27.31:289][  0]LogMemory: Memory total: Physical=15.9GB (16GB approx)
[2017.12.05-21.27.31:289][  0]LogMemory: Platform Memory Stats for Windows
[2017.12.05-21.27.31:289][  0]LogMemory: Process Physical Memory: 268.08 MB used, 268.08 MB peak
[2017.12.05-21.27.31:289][  0]LogMemory: Process Virtual Memory: 262.70 MB used, 262.70 MB peak
[2017.12.05-21.27.31:289][  0]LogMemory: Physical Memory: 4612.43 MB used,  11713.39 MB free, 16325.82 MB total
[2017.12.05-21.27.31:289][  0]LogMemory: Virtual Memory: 681.63 MB used,  11713.39 MB free, 134217728.00 MB total
[2017.12.05-21.27.31:360][  0]LogTextLocalizationManager: No translations for ('hr-HR') exist, falling back to 'en' for localization and internationalization data.
[2017.12.05-21.27.31:854][  0]LogD3D11RHI: D3D11 adapters:
[2017.12.05-21.27.31:870][  0]LogD3D11RHI:    0. 'AMD Radeon (TM) R9 390 Series' (Feature Level 11_0)
[2017.12.05-21.27.31:870][  0]LogD3D11RHI:       8168/0/8162 MB DedicatedVideo/DedicatedSystem/SharedSystem, Outputs:3, VendorId:0x1002
[2017.12.05-21.27.31:871][  0]LogD3D11RHI:    1. 'Microsoft Basic Render Driver' (Feature Level 11_0)
[2017.12.05-21.27.31:871][  0]LogD3D11RHI:       0/0/8162 MB DedicatedVideo/DedicatedSystem/SharedSystem, Outputs:0, VendorId:0x1414
[2017.12.05-21.27.31:871][  0]LogD3D11RHI: Chosen D3D11 Adapter: 0
[2017.12.05-21.27.31:874][  0]LogD3D11RHI: Creating new Direct3DDevice
[2017.12.05-21.27.31:874][  0]LogD3D11RHI:     GPU DeviceId: 0x67b0 (for the marketing name, search the web for "GPU Device Id")
[2017.12.05-21.27.31:874][  0]LogWindows: EnumDisplayDevices:
[2017.12.05-21.27.31:874][  0]LogWindows:    0. 'AMD Radeon (TM) R9 390 Series' (P:1 D:1)
[2017.12.05-21.27.31:874][  0]LogWindows:    1. 'AMD Radeon (TM) R9 390 Series' (P:0 D:1)
[2017.12.05-21.27.31:874][  0]LogWindows:    2. 'AMD Radeon (TM) R9 390 Series' (P:0 D:1)
[2017.12.05-21.27.31:874][  0]LogWindows:    3. 'AMD Radeon (TM) R9 390 Series' (P:0 D:0)
[2017.12.05-21.27.31:875][  0]LogWindows:    4. 'AMD Radeon (TM) R9 390 Series' (P:0 D:0)
[2017.12.05-21.27.31:875][  0]LogWindows:    5. 'AMD Radeon (TM) R9 390 Series' (P:0 D:0)
[2017.12.05-21.27.31:875][  0]LogWindows: DebugString: GetVideoDriverDetailsInvalid PrimaryIsNotTheChoosenAdapter GetVideoDriverDetailsInvalid PrimaryIsNotTheChoosenAdapter GetVideoDriverDetailsInvalid PrimaryIsNotTheChoosenAdapter GetVideoDriverDetailsInvalid PrimaryIsNotTheChoosenAdapter GetVideoDriverDetailsInvalid PrimaryIsNotTheChoosenAdapter GetVideoDriverDetailsInvalid PrimaryIsNotTheChoosenAdapter FoundDriverCount:0 
[2017.12.05-21.27.31:875][  0]LogD3D11RHI:     Adapter Name: AMD Radeon (TM) R9 390 Series
[2017.12.05-21.27.31:875][  0]LogD3D11RHI:   Driver Version: Unknown (internal:Unknown, unified:Unknown)
[2017.12.05-21.27.31:875][  0]LogD3D11RHI:      Driver Date: Unknown
[2017.12.05-21.27.31:875][  0]LogRHI: Texture pool is 1361 MB (70% of 1945 MB)
[2017.12.05-21.27.31:894][  0]LogD3D11RHI: Async texture creation enabled
[2017.12.05-21.27.31:907][  0]LogD3D11RHI: GPU Timing Frequency: 27.000000 (Debug: 2 1)
[2017.12.05-21.27.31:907][  0]LogShaderCompilers: Guid format shader working directory is 10 characters bigger than the processId version (E:/Buisness/Unreal/Multiplayer 4.14/Intermediate/Shaders/WorkingDirectory/9960/).
[2017.12.05-21.27.31:907][  0]LogShaderCompilers: Cleaned the shader compiler working directory 'C:/Users/Aron/AppData/Local/Temp/UnrealShaderWorkingDir/8BF7F3604E858FE3786673BC5CE97038/'.
[2017.12.05-21.27.31:907][  0]LogShaderCompilers:Display: Using Local Shader Compiler.
[2017.12.05-21.27.32:772][  0]LogTemp:Display: Loaded TP AllDesktopTargetPlatform
[2017.12.05-21.27.32:817][  0]LogTemp:Display: Loaded TP MacClientTargetPlatform
[2017.12.05-21.27.32:862][  0]LogTemp:Display: Loaded TP MacNoEditorTargetPlatform
[2017.12.05-21.27.32:907][  0]LogTemp:Display: Loaded TP MacServerTargetPlatform
[2017.12.05-21.27.32:953][  0]LogTemp:Display: Loaded TP MacTargetPlatform
[2017.12.05-21.27.32:998][  0]LogTemp:Display: Loaded TP WindowsClientTargetPlatform
[2017.12.05-21.27.33:044][  0]LogTemp:Display: Loaded TP WindowsNoEditorTargetPlatform
[2017.12.05-21.27.33:091][  0]LogTemp:Display: Loaded TP WindowsServerTargetPlatform
[2017.12.05-21.27.33:129][  0]LogTemp:Display: Loaded TP WindowsTargetPlatform
[2017.12.05-21.27.33:174][  0]LogTemp:Display: Loaded TP AndroidTargetPlatform
[2017.12.05-21.27.33:220][  0]LogTemp:Display: Loaded TP Android_ASTCTargetPlatform
[2017.12.05-21.27.33:264][  0]LogTemp:Display: Loaded TP Android_ATCTargetPlatform
[2017.12.05-21.27.33:308][  0]LogTemp:Display: Loaded TP Android_DXTTargetPlatform
[2017.12.05-21.27.33:353][  0]LogTemp:Display: Loaded TP Android_ETC1TargetPlatform
[2017.12.05-21.27.33:398][  0]LogTemp:Display: Loaded TP Android_ETC2TargetPlatform
[2017.12.05-21.27.33:488][  0]LogTemp:Display: Loaded TP Android_MultiTargetPlatform
[2017.12.05-21.27.33:488][  0]LogTemp:Display: Loaded TP Android_PVRTCTargetPlatform
[2017.12.05-21.27.33:521][  0]LogTemp:Display: Loaded TP HTML5TargetPlatform
[2017.12.05-21.27.33:607][  0]LogTemp:Display: Loaded TP IOSTargetPlatform
[2017.12.05-21.27.33:635][  0]LogTemp:Display: Loaded TP TVOSTargetPlatform
[2017.12.05-21.27.33:678][  0]LogTemp:Display: Loaded TP LinuxClientTargetPlatform
[2017.12.05-21.27.33:722][  0]LogTemp:Display: Loaded TP LinuxNoEditorTargetPlatform
[2017.12.05-21.27.33:765][  0]LogTemp:Display: Loaded TP LinuxServerTargetPlatform
[2017.12.05-21.27.33:810][  0]LogTemp:Display: Loaded TP LinuxTargetPlatform
[2017.12.05-21.27.33:810][  0]LogTargetPlatformManager:Display: Building Assets For Windows
[2017.12.05-21.27.34:175][  0]LogDerivedDataCache:Display: Max Cache Size: 512 MB
[2017.12.05-21.27.34:206][  0]LogDerivedDataCache: Loaded boot cache 0.03s 50MB C:/Users/Aron/AppData/Local/UnrealEngine/4.15/DerivedDataCache/Boot.ddc.
[2017.12.05-21.27.34:206][  0]LogDerivedDataCache:Display: Loaded Boot cache: C:/Users/Aron/AppData/Local/UnrealEngine/4.15/DerivedDataCache/Boot.ddc
[2017.12.05-21.27.34:206][  0]LogDerivedDataCache: FDerivedDataBackendGraph:  Pak pak cache file E:/Buisness/Unreal/Multiplayer 4.14/DerivedDataCache/DDC.ddp not found, will not use a pak cache.
[2017.12.05-21.27.34:206][  0]LogDerivedDataCache: Unable to find inner node Pak for hierarchical cache Hierarchy.
[2017.12.05-21.27.34:206][  0]LogDerivedDataCache: FDerivedDataBackendGraph:  CompressedPak pak cache file E:/Buisness/Unreal/Multiplayer 4.14/DerivedDataCache/Compressed.ddp not found, will not use a pak cache.
[2017.12.05-21.27.34:206][  0]LogDerivedDataCache: Unable to find inner node CompressedPak for hierarchical cache Hierarchy.
[2017.12.05-21.27.34:219][  0]LogDerivedDataCache:Display: Pak cache opened for reading ../../../Engine/DerivedDataCache/Compressed.ddp.
[2017.12.05-21.27.34:232][  0]LogDerivedDataCache: Using Local data cache path C:/Users/Aron/AppData/Local/UnrealEngine/Common/DerivedDataCache: Writable
[2017.12.05-21.27.34:239][  0]LogSlate: Using Freetype 2.6.0
[2017.12.05-21.27.34:239][  0]LogSlate: SlateFontCache - WITH_FREETYPE: 1, WITH_HARFBUZZ: 1
[2017.12.05-21.27.34:239][  0]LogSlate: SlateFontCache - WITH_FREETYPE: 1, WITH_HARFBUZZ: 1
[2017.12.05-21.27.34:444][  0]LogInit: Selected Device Profile: [Windows]
[2017.12.05-21.27.34:446][  0]LogContentStreaming: Texture pool size is 0.00 MB
[2017.12.05-21.27.34:616][  0]LogMeshUtilities: Using QuadricMeshReduction for automatic static mesh reduction
[2017.12.05-21.27.34:654][  0]LogSimplygon: Simplygon DLL not present - disabling.
[2017.12.05-21.27.34:693][  0]LogMeshUtilities: Using SimplygonSwarm for distributed automatic mesh merging
[2017.12.05-21.27.34:693][  0]LogMeshUtilities: No automatic skeletal mesh reduction module available
[2017.12.05-21.27.34:693][  0]LogMeshUtilities: No automatic mesh merging module available
[2017.12.05-21.27.35:134][  0]LogNetVersion: GetLocalNetworkVersion: CL: 3299760, ProjectName: multiplayer, ProjectVersion: , EngineNetworkVersion: 2, GameNetworkVersion: 0, NetworkChecksum: 32584562
[2017.12.05-21.27.35:174][  0]LogAssetRegistry: FAssetRegistry took 0.0213 seconds to start up
[2017.12.05-21.27.35:228][  0]LogPackageLocalizationCache: Processed 3 localized package path(s) for 1 prioritized culture(s) in 0.023789 seconds
[2017.12.05-21.27.35:233][  0]LogUObjectArray: 32500 objects as part of root set at end of initial load.
[2017.12.05-21.27.35:233][  0]LogUObjectAllocator: 7290880 out of 0 bytes used by permanent object pool.
[2017.12.05-21.27.35:233][  0]LogUObjectArray: CloseDisregardForGC: 0/0 objects in disregard for GC pool
[2017.12.05-21.27.36:588][  0]LogTcpMessaging: Initializing TcpMessaging bridge
[2017.12.05-21.27.36:623][  0]LogUdpMessaging: Initializing bridge on interface 0.0.0.0:0 to multicast group 230.0.0.1:6666.
[2017.12.05-21.27.37:048][  0]LogMaterial: Uniform references updated for custom material expression Custom.
[2017.12.05-21.27.37:359][  0]SourceControl: Info Source control is disabled
[2017.12.05-21.27.37:360][  0]SourceControl: Info Source control is disabled
[2017.12.05-21.27.37:398][  0]SourceControl: Info Source control is disabled
[2017.12.05-21.27.37:435][  0]SourceControl: Info Source control is disabled
[2017.12.05-21.27.38:599][  0]LogEngine: Initializing Engine...
[2017.12.05-21.27.38:600][  0]LogHMD: Failed to initialize OpenVR with code 110
[2017.12.05-21.27.38:684][  0]LogStats: UGameplayTagsManager::ConstructGameplayTagTree: Construct from data asset -  0.000 s
[2017.12.05-21.27.38:684][  0]LogStats: UGameplayTagsManager::ConstructGameplayTagTree: GameplayTagTreeChangedEvent.Broadcast -  0.000 s
[2017.12.05-21.27.38:785][  0]LogAIModule: Creating AISystem for world Untitled
[2017.12.05-21.27.38:792][  0]LogInit: XAudio2 using 'Speakers (Realtek High Definition Audio)' : 2 channels at 48 kHz using 32 bits per sample (channel mask 0x3)
[2017.12.05-21.27.38:806][  0]LogInit: FAudioDevice initialized.
[2017.12.05-21.27.38:825][  0]LogDerivedDataCache: Saved boot cache 0.02s 50MB C:/Users/Aron/AppData/Local/UnrealEngine/4.15/DerivedDataCache/Boot.ddc.
[2017.12.05-21.27.38:828][  0]LogInit: Texture streaming: Enabled
[2017.12.05-21.27.38:904][  0]LogEngineSessionManager: EngineSessionManager initialized
[2017.12.05-21.27.38:977][  0]LogInit: Transaction tracking system initialized
[2017.12.05-21.27.39:263][  0]BlueprintLog: New page: Editor Load
[2017.12.05-21.27.39:987][  0]LocalizationService: Info Localization service is disabled
[2017.12.05-21.27.40:541][  0]LogConsoleResponse:Display: 
[2017.12.05-21.27.40:649][  0]LogCook:Display: Max memory allowance for cook 16384mb min free memory 0mb
[2017.12.05-21.27.40:649][  0]LogCook:Display: Mobile HDR setting 1
[2017.12.05-21.27.40:669][  0]LogFileCache: Scanning file cache for directory 'E:/Buisness/Unreal/Multiplayer 4.14/Content/' took 0.02s
[2017.12.05-21.27.41:497][  0]SourceControl: Info Source control is disabled
[2017.12.05-21.27.41:497][  0]Cmd: MAP LOAD FILE="E:/Buisness/Unreal/Multiplayer 4.14/Content/Maps/MainMenu.umap" TEMPLATE=0 SHOWPROGRESS=1 FEATURELEVEL=3
[2017.12.05-21.27.41:498][  0]LightingResults: New page: Lighting Build
[2017.12.05-21.27.41:533][  0]MapCheck: New page: Map Check
[2017.12.05-21.27.41:533][  0]LightingResults: New page: Lighting Build
[2017.12.05-21.27.41:906][  0]LogLinker: Can't find file '/Game/Mannequin/Character/Textures/UE4_LOGO_CARD'
[2017.12.05-21.27.41:906][  0]LogLinker: Can't find file '/Game/Mannequin/Character/Textures/UE4_LOGO_CARD'
[2017.12.05-21.27.42:447][  0]LogAIModule: Creating AISystem for world MainMenu
[2017.12.05-21.27.42:462][  0]LogEditorServer: Finished looking for orphan Actors (0.000 secs)
[2017.12.05-21.27.42:462][  0]Cmd: MAP CHECKDEP NOCLEARLOG
[2017.12.05-21.27.42:490][  0]MapCheck: Info Map check complete: 0 Error(s), 0 Warning(s), took 26.949ms to complete.
[2017.12.05-21.27.42:490][  0]LogFileHelpers: Loading map 'MainMenu' took 0.993
[2017.12.05-21.27.42:709][  0]LogCollectionManager: Loaded 0 collections in 0.001226 seconds
[2017.12.05-21.27.42:789][  0]LogFileCache: Scanning file cache for directory 'E:/Buisness/Unreal/Multiplayer 4.14/Saved/Collections/' took 0.01s
[2017.12.05-21.27.42:789][  0]LogFileCache: Scanning file cache for directory 'E:/Buisness/Unreal/Multiplayer 4.14/Content/Developers/Aron/Collections/' took 0.01s
[2017.12.05-21.27.42:789][  0]LogFileCache: Scanning file cache for directory 'E:/Buisness/Unreal/Multiplayer 4.14/Content/Collections/' took 0.01s
[2017.12.05-21.27.42:789][  0]LogCollectionManager: Rebuilt the GUID cache for 0 collections in 0.000001 seconds
[2017.12.05-21.27.42:796][  0]LogContentBrowser: Native class hierarchy populated in 0.0073 seconds. Added 2262 classes and 468 folders.
[2017.12.05-21.27.42:850][  0]LogContentBrowser: Native class hierarchy updated for 'WidgetCarousel' in 0.0007 seconds. Added 0 classes and 0 folders.
[2017.12.05-21.27.42:876][  0]LogContentBrowser: Native class hierarchy updated for 'AddContentDialog' in 0.0009 seconds. Added 0 classes and 0 folders.
[2017.12.05-21.27.42:913][  0]LogContentBrowser: Native class hierarchy updated for 'SceneOutliner' in 0.0008 seconds. Added 1 classes and 2 folders.
[2017.12.05-21.27.43:010][  0]LogCrashTracker: Crashtracker disabled due to settings.
[2017.12.05-21.27.43:015][  0]LogUObjectGlobals:Warning: Failed to find object 'Class None.'
[2017.12.05-21.27.43:073][  0]LogContentBrowser: Native class hierarchy updated for 'HierarchicalLODOutliner' in 0.0008 seconds. Added 1 classes and 2 folders.
[2017.12.05-21.27.43:074][  0]LogLoad: (Engine Initialization) Total time: 13.75 seconds
[2017.12.05-21.27.43:074][  0]LogLoad: (Engine Initialization) Total Blueprint compile time: 0.18 seconds
[2017.12.05-21.27.43:074][  0]LogExternalProfiler: Found external profiler: VSPerf
[2017.12.05-21.27.43:074][  0]LogExternalProfiler: Using external profiler: VSPerf
[2017.12.05-21.27.43:413][  0]LogOcInput: OculusInput pre-init called
[2017.12.05-21.27.43:437][  0]LogContentStreaming: Texture pool size now 1000 MB
[2017.12.05-21.27.43:439][  0]LogSlate: Took 0.000334 seconds to synchronously load lazily loaded font '../../../Engine/Content/Slate/Fonts/Roboto-Regular.ttf' (155K)
[2017.12.05-21.27.43:444][  0]LogSlate: Took 0.000275 seconds to synchronously load lazily loaded font '../../../Engine/Content/Slate/Fonts/Roboto-Bold.ttf' (160K)
[2017.12.05-21.27.43:452][  0]LogSlate: Took 0.000150 seconds to synchronously load lazily loaded font '../../../Engine/Content/Editor/Slate/Fonts/FontAwesome.ttf' (139K)
[2017.12.05-21.27.43:622][  0]LogRenderer: Reallocating scene render targets to support 1208x576 NumSamples 1 (Frame:2).
[2017.12.05-21.27.44:434][  3]LogSlate: Took 0.000256 seconds to synchronously load lazily loaded font '../../../Engine/Content/Slate/Fonts/Roboto-Light.ttf' (159K)
[2017.12.05-21.27.44:752][  4]LogAssetRegistry: Asset discovery search completed in 9.5992 seconds
[2017.12.05-21.27.44:752][  4]LogCollectionManager: Rebuilt the object cache for 0 collections in 0.000008 seconds (found 0 objects)
[2017.12.05-21.27.44:752][  4]LogCollectionManager: Fixed up redirectors for 0 collections in 0.000060 seconds (updated 0 objects)
[2017.12.05-21.27.50:631][ 19]LogLinker:Warning: Can't find file '/Engine/BasicShapes/RedMaterial'
[2017.12.05-21.27.50:631][ 19]LoadErrors: Info Failed to load /Engine/BasicShapes/RedMaterial.RedMaterial Referenced by Default__PaladinBP_C
[2017.12.05-21.27.50:631][ 19]LogLinker:Warning: Can't find file for asset '/Engine/BasicShapes/RedMaterial' while loading E:/Buisness/Unreal/Multiplayer 4.14/Content/Characters/Paladin/Paladin_AnimBP.uasset.
[2017.12.05-21.27.50:631][ 19]LoadErrors:Error: Error /Game/Characters/Paladin/Paladin_AnimBP : Can't find file for asset. /Engine/BasicShapes/RedMaterial
[2017.12.05-21.27.50:631][ 19]LogLinker:Warning: Can't find file '/Engine/BasicShapes/RedMaterial'
[2017.12.05-21.27.50:631][ 19]LoadErrors: Info Failed to load /Engine/BasicShapes/RedMaterial Referenced by Default__PaladinBP_C
[2017.12.05-21.27.50:632][ 19]LogLinker:Warning: Can't find file for asset '/Engine/BasicShapes/RedMaterial' while loading E:/Buisness/Unreal/Multiplayer 4.14/Content/Characters/Paladin/Paladin_AnimBP.uasset.
[2017.12.05-21.27.50:640][ 19]LogLinker:Warning: Can't find file '/Engine/BasicShapes/RedMaterial'
[2017.12.05-21.27.50:640][ 19]LoadErrors: Info Failed to load /Engine/BasicShapes/RedMaterial.RedMaterial Referenced by K2Node_VariableSet_3548
[2017.12.05-21.27.50:640][ 19]LogLinker:Warning: Can't find file for asset '/Engine/BasicShapes/RedMaterial' while loading E:/Buisness/Unreal/Multiplayer 4.14/Content/Characters/Paladin/Paladin_AnimBP.uasset.
[2017.12.05-21.27.51:998][ 19]LogLinker:Warning: Can't find file '/Engine/BasicShapes/RedMaterial'
[2017.12.05-21.27.51:998][ 19]LoadErrors: Info Failed to load /Game/UI/AllLevels/InGameMenu.InGameMenu_C Referenced by WidgetTree
[2017.12.05-21.27.51:998][ 19]LogLinker:Warning: Can't find file for asset '/Engine/BasicShapes/RedMaterial' while loading E:/Buisness/Unreal/Multiplayer 4.14/Content/Blueprints/Gameplay/TrainingPC.uasset.
[2017.12.05-21.27.51:998][ 19]LoadErrors:Error: Error /Game/Blueprints/Gameplay/TrainingPC : Can't find file for asset. /Engine/BasicShapes/RedMaterial
[2017.12.05-21.27.51:998][ 19]LogLinker:Warning: Can't find file '/Engine/BasicShapes/RedMaterial'
[2017.12.05-21.27.51:998][ 19]LogLinker:Warning: Can't find file for asset '/Engine/BasicShapes/RedMaterial' while loading E:/Buisness/Unreal/Multiplayer 4.14/Content/Blueprints/Gameplay/TrainingPC.uasset.
[2017.12.05-21.27.52:394][ 19]LogLinker:Warning: Can't find file '/Engine/BasicShapes/RedMaterial'
[2017.12.05-21.27.52:394][ 19]LogLinker:Warning: Can't find file for asset '/Engine/BasicShapes/RedMaterial' while loading E:/Buisness/Unreal/Multiplayer 4.14/Content/Blueprints/Gameplay/GameplayGM.uasset.
[2017.12.05-21.27.52:394][ 19]LoadErrors:Error: Error /Game/Blueprints/Gameplay/GameplayGM : Can't find file for asset. /Engine/BasicShapes/RedMaterial
[2017.12.05-21.27.52:394][ 19]LogLinker:Warning: Can't find file '/Engine/BasicShapes/RedMaterial'
[2017.12.05-21.27.52:394][ 19]LogLinker:Warning: Can't find file for asset '/Engine/BasicShapes/RedMaterial' while loading E:/Buisness/Unreal/Multiplayer 4.14/Content/Blueprints/Gameplay/GameplayGM.uasset.
[2017.12.05-21.27.52:410][ 19]LogLinker:Warning: Can't find file '/Engine/BasicShapes/RedMaterial'
[2017.12.05-21.27.52:410][ 19]LogLinker:Warning: Can't find file for asset '/Engine/BasicShapes/RedMaterial' while loading E:/Buisness/Unreal/Multiplayer 4.14/Content/Blueprints/Gameplay/GameplayGM.uasset.
[2017.12.05-21.27.52:449][ 19]LogLinker:Warning: Can't find file '/Engine/BasicShapes/RedMaterial'
[2017.12.05-21.27.52:449][ 19]LogLinker:Warning: Can't find file for asset '/Engine/BasicShapes/RedMaterial' while loading E:/Buisness/Unreal/Multiplayer 4.14/Content/Blueprints/Gameplay/GameplayPC.uasset.
[2017.12.05-21.27.52:449][ 19]LoadErrors:Error: Error /Game/Blueprints/Gameplay/GameplayPC : Can't find file for asset. /Engine/BasicShapes/RedMaterial
[2017.12.05-21.27.52:450][ 19]LogLinker:Warning: Can't find file '/Engine/BasicShapes/RedMaterial'
[2017.12.05-21.27.52:450][ 19]LogLinker:Warning: Can't find file for asset '/Engine/BasicShapes/RedMaterial' while loading E:/Buisness/Unreal/Multiplayer 4.14/Content/Blueprints/Gameplay/GameplayPC.uasset.
[2017.12.05-21.27.54:542][ 19]LogSlate: Took 0.000095 seconds to synchronously load lazily loaded font '../../../Engine/Content/Slate/Fonts/Roboto-Light.ttf' (159K)
[2017.12.05-21.27.54:922][ 19]LogContentBrowser: Native class hierarchy updated for 'BlueprintGraph' in 0.0012 seconds. Added 112 classes and 0 folders.
[2017.12.05-21.27.57:517][ 19]LogSlate: Took 0.000103 seconds to synchronously load lazily loaded font '../../../Engine/Content/Editor/Slate/Fonts/Roboto-BoldCondensed.ttf' (158K)
[2017.12.05-21.27.57:541][ 19]LogSlate: Took 0.000139 seconds to synchronously load lazily loaded font '../../../Engine/Content/Slate/Fonts/Roboto-Light.ttf' (159K)
[2017.12.05-21.27.59:711][211]LogTemp: Repeting last play command: Standalone Game
[2017.12.05-21.27.59:922][211]Cmd: OBJ SAVEPACKAGE PACKAGE="/Game/Maps/MainMenu" FILE="E:/Buisness/Unreal/Multiplayer 4.14/Saved/Autosaves/Game/Maps/UEDPCMainMenu.umap" SILENT=true AUTOSAVING=true KEEPDIRTY=true
[2017.12.05-21.28.00:164][211]LogSavePackage: Save=115.20ms
[2017.12.05-21.28.00:164][211]LogSavePackage: Moving 'E:/Buisness/Unreal/Multiplayer 4.14/Saved/UEDPCMainMenuC2D999AD40FA3F9798DFAEA9A60E14A2.tmp' to 'E:/Buisness/Unreal/Multiplayer 4.14/Saved/Autosaves/Game/Maps/UEDPCMainMenu.umap'
[2017.12.05-21.28.00:165][211]LogSavePackage:Display: Finished SavePackage E:/Buisness/Unreal/Multiplayer 4.14/Saved/Autosaves/Game/Maps/UEDPCMainMenu.umap
[2017.12.05-21.28.00:170][211]Cmd: OBJ SAVEPACKAGE PACKAGE="/Game/Maps/MainMenu_BuiltData" FILE="E:/Buisness/Unreal/Multiplayer 4.14/Content/Maps/MainMenu_BuiltData.uasset" SILENT=true
[2017.12.05-21.28.00:181][211]LogSavePackage: Save=0.91ms
[2017.12.05-21.28.00:181][211]LogSavePackage: Moving 'E:/Buisness/Unreal/Multiplayer 4.14/Saved/MainMenu_BuiltDataC70F11EF4B70A2BD9E3ED2B437C567D0.tmp' to 'E:/Buisness/Unreal/Multiplayer 4.14/Content/Maps/MainMenu_BuiltData.uasset'
[2017.12.05-21.28.00:182][211]LogSavePackage:Display: Finished SavePackage E:/Buisness/Unreal/Multiplayer 4.14/Content/Maps/MainMenu_BuiltData.uasset
[2017.12.05-21.28.00:184][211]LogEditorTransaction: Undo Spawn Play From Here Start
[2017.12.05-21.39.05:203][399]LogHttp:Warning: 0000014A68727100: request failed, libcurl error: 6 (Couldn't resolve host name)
[2017.12.05-21.39.05:203][399]LogHttp:Warning: 0000014A68727100: libcurl info message cache 0 (Found bundle for host datarouter.ol.epicgames.com: 0x14a6c9fbfe8 [can pipeline])
[2017.12.05-21.39.05:203][399]LogHttp:Warning: 0000014A68727100: libcurl info message cache 1 (Re-using existing connection! (#5) with host datarouter.ol.epicgames.com)
[2017.12.05-21.39.05:203][399]LogHttp:Warning: 0000014A68727100: libcurl info message cache 2 (Connected to datarouter.ol.epicgames.com (52.3.9.249) port 443 (#5))
[2017.12.05-21.39.05:203][399]LogHttp:Warning: 0000014A68727100: libcurl info message cache 3 (upload completely sent off: 352 out of 352 bytes)
[2017.12.05-21.39.05:203][399]LogHttp:Warning: 0000014A68727100: libcurl info message cache 4 (SSL read: error:00000000:lib(0):func(0):reason(0), errno 10054)
[2017.12.05-21.39.05:203][399]LogHttp:Warning: 0000014A68727100: libcurl info message cache 5 (Connection died, retrying a fresh connect)
[2017.12.05-21.39.05:203][399]LogHttp:Warning: 0000014A68727100: libcurl info message cache 6 (Closing connection 5)
[2017.12.05-21.39.05:203][399]LogHttp:Warning: 0000014A68727100: libcurl info message cache 7 (Issue another request to this URL: 'https://datarouter.ol.epicgames.com/datarouter/api/v1/public/data?SessionID=%7BDCA31576-4F77-2DEB-0BDF-7E9B7BCFBD93%7D&AppID=UEEditor.Rocket.Release&AppVersion=4.15.3-3450819%2B%2B%2BUE4%2BRelease-4.15&UserID=efd468cc496f8ba46066589324f4e55b%7C3efeb62a0bdb4ef28159471e0cff3f3b%7C1285343e-c08c-4c4b-be56-1f4e5ed03b66&AppEnvironment=datacollector-binary&UploadType=eteventstream')
[2017.12.05-21.39.05:203][399]LogHttp:Warning: 0000014A68727100: libcurl info message cache 8 (Could not resolve host: datarouter.ol.epicgames.com)
[2017.12.05-21.39.05:203][399]LogHttp:Warning: 0000014A68727100: libcurl info message cache 9 (Closing connection 6)
[2017.12.05-22.57.55:025][721]LogHttp:Warning: 0000014A68743100: request failed, libcurl error: 6 (Couldn't resolve host name)
[2017.12.05-22.57.55:025][721]LogHttp:Warning: 0000014A68743100: libcurl info message cache 0 (Connection 40 seems to be dead!)
[2017.12.05-22.57.55:025][721]LogHttp:Warning: 0000014A68743100: libcurl info message cache 1 (Closing connection 40)
[2017.12.05-22.57.55:025][721]LogHttp:Warning: 0000014A68743100: libcurl info message cache 2 (TLSv1.2 (OUT), TLS alert, Client hello (1):)
[2017.12.05-22.57.55:025][721]LogHttp:Warning: 0000014A68743100: libcurl info message cache 3 (Could not resolve host: datarouter.ol.epicgames.com)
[2017.12.05-22.57.55:025][721]LogHttp:Warning: 0000014A68743100: libcurl info message cache 4 (Closing connection 41)
[2017.12.05-23.03.54:675][800]LogHttp:Warning: 0000014A68741A80: request failed, libcurl error: 6 (Couldn't resolve host name)
[2017.12.05-23.03.54:675][800]LogHttp:Warning: 0000014A68741A80: libcurl info message cache 0 (Connection 43 seems to be dead!)
[2017.12.05-23.03.54:675][800]LogHttp:Warning: 0000014A68741A80: libcurl info message cache 1 (Closing connection 43)
[2017.12.05-23.03.54:675][800]LogHttp:Warning: 0000014A68741A80: libcurl info message cache 2 (TLSv1.2 (OUT), TLS alert, Client hello (1):)
[2017.12.05-23.03.54:675][800]LogHttp:Warning: 0000014A68741A80: libcurl info message cache 3 (Could not resolve host: datarouter.ol.epicgames.com)
[2017.12.05-23.03.54:675][800]LogHttp:Warning: 0000014A68741A80: libcurl info message cache 4 (Closing connection 44)
[2017.12.05-23.49.39:385][207]LogActorComponent: UnregisterComponent: (/Engine/Transient.EditorFloorComp) Not registered. Aborting.
[2017.12.05-23.49.39:434][207]LogActorComponent: UnregisterComponent: (/Engine/Transient.EditorFloorComp) Not registered. Aborting.
[2017.12.05-23.49.39:518][207]LogActorComponent: UnregisterComponent: (/Engine/Transient.EditorFloorComp) Not registered. Aborting.
[2017.12.05-23.49.39:560][207]LogActorComponent: UnregisterComponent: (/Engine/Transient.EditorFloorComp) Not registered. Aborting.
[2017.12.05-23.49.39:626][207]LogWindowsTextInputMethodSystem:Display: IME system now deactivated.
[2017.12.05-23.49.39:784][208]Cmd: QUIT_EDITOR
[2017.12.05-23.49.39:828][208]LogExit: Preparing to exit.
[2017.12.05-23.49.40:496][208]LogExit: Editor shut down
[2017.12.05-23.49.40:497][208]LogExit: Transaction tracking system shut down
[2017.12.05-23.49.40:618][208]LogObj: Freed 0b from 0 cluster array pools.
[2017.12.05-23.49.40:618][208]LogExit: Object subsystem successfully closed.
[2017.12.05-23.49.40:630][208]LogD3D11RHI: Shutdown
[2017.12.05-23.49.40:630][208]LogD3D11RHI: CleanupD3DDevice
[2017.12.05-23.49.40:688][208]LogD3D11RHI: ~FD3D11DynamicRHI
[2017.12.05-23.49.40:698][208]LogModuleManager: Shutting down and abandoning module SequencerWidgets (518)
[2017.12.05-23.49.40:698][208]LogModuleManager: Shutting down and abandoning module BlueprintGraph (516)
[2017.12.05-23.49.40:698][208]LogModuleManager: Shutting down and abandoning module BlueprintProfiler (514)
[2017.12.05-23.49.40:698][208]LogModuleManager: Shutting down and abandoning module HierarchicalLODOutliner (512)
[2017.12.05-23.49.40:698][208]LogModuleManager: Shutting down and abandoning module CrashTracker (510)
[2017.12.05-23.49.40:698][208]LogModuleManager: Shutting down and abandoning module SceneOutliner (508)
[2017.12.05-23.49.40:698][208]LogModuleManager: Shutting down and abandoning module AddContentDialog (506)
[2017.12.05-23.49.40:698][208]LogDirectoryWatcher: A directory notification for 'C:/Program Files/Epic Games/UE_4.15/FeaturePacks/' was aborted.
[2017.12.05-23.49.40:699][208]LogModuleManager: Shutting down and abandoning module WidgetCarousel (505)
[2017.12.05-23.49.40:699][208]LogModuleManager: Shutting down and abandoning module EditorWidgets (502)
[2017.12.05-23.49.40:699][208]LogModuleManager: Shutting down and abandoning module CollectionManager (500)
[2017.12.05-23.49.40:699][208]LogDirectoryWatcher: A directory notification for 'E:/Buisness/Unreal/Multiplayer 4.14/Content/Collections/' was aborted.
[2017.12.05-23.49.40:699][208]LogDirectoryWatcher: A directory notification for 'E:/Buisness/Unreal/Multiplayer 4.14/Content/Developers/Aron/Collections/' was aborted.
[2017.12.05-23.49.40:699][208]LogDirectoryWatcher: A directory notification for 'E:/Buisness/Unreal/Multiplayer 4.14/Saved/Collections/' was aborted.
[2017.12.05-23.49.40:699][208]LogModuleManager: Shutting down and abandoning module StatsViewer (498)
[2017.12.05-23.49.40:699][208]LogModuleManager: Shutting down and abandoning module FoliageEdit (496)
[2017.12.05-23.49.40:699][208]LogModuleManager: Shutting down and abandoning module LandscapeEditor (494)
[2017.12.05-23.49.40:699][208]LogModuleManager: Shutting down and abandoning module SceneDepthPickerMode (492)
[2017.12.05-23.49.40:699][208]LogModuleManager: Shutting down and abandoning module ActorPickerMode (490)
[2017.12.05-23.49.40:699][208]LogModuleManager: Shutting down and abandoning module GeometryMode (488)
[2017.12.05-23.49.40:699][208]LogModuleManager: Shutting down and abandoning module TextureAlignMode (486)
[2017.12.05-23.49.40:699][208]LogModuleManager: Shutting down and abandoning module BspMode (484)
[2017.12.05-23.49.40:699][208]LogModuleManager: Shutting down and abandoning module HardwareSurvey (482)
[2017.12.05-23.49.40:699][208]LogModuleManager: Shutting down and abandoning module SequenceRecorderSections (480)
[2017.12.05-23.49.40:699][208]LogModuleManager: Shutting down and abandoning module AutomationWorker (478)
[2017.12.05-23.49.40:699][208]LogModuleManager: Shutting down and abandoning module MatineeToLevelSequence (476)
[2017.12.05-23.49.40:699][208]LogModuleManager: Shutting down and abandoning module LevelSequenceEditor (474)
[2017.12.05-23.49.40:699][208]LogModuleManager: Shutting down and abandoning module PlacementMode (473)
[2017.12.05-23.49.40:699][208]LogModuleManager: Shutting down and abandoning module WmfMediaFactory (470)
[2017.12.05-23.49.40:699][208]LogModuleManager: Shutting down and abandoning module WmfMediaEditor (468)
[2017.12.05-23.49.40:699][208]LogModuleManager: Shutting down and abandoning module MfMediaFactory (466)
[2017.12.05-23.49.40:699][208]LogModuleManager: Shutting down and abandoning module MfMediaEditor (464)
[2017.12.05-23.49.40:699][208]LogModuleManager: Shutting down and abandoning module AvfMediaFactory (462)
[2017.12.05-23.49.40:699][208]LogModuleManager: Shutting down and abandoning module AvfMediaEditor (460)
[2017.12.05-23.49.40:699][208]LogModuleManager: Shutting down and abandoning module AndroidMediaFactory (458)
[2017.12.05-23.49.40:699][208]LogModuleManager: Shutting down and abandoning module Media (457)
[2017.12.05-23.49.40:699][208]LogModuleManager: Shutting down and abandoning module AndroidMediaEditor (454)
[2017.12.05-23.49.40:699][208]LogModuleManager: Shutting down and abandoning module CharacterAI (452)
[2017.12.05-23.49.40:699][208]LogModuleManager: Shutting down and abandoning module AudioCapture (450)
[2017.12.05-23.49.40:699][208]LogModuleManager: Shutting down and abandoning module SequenceRecorder (449)
[2017.12.05-23.49.40:699][208]LogModuleManager: Shutting down and abandoning module SmartSnapping (446)
[2017.12.05-23.49.40:699][208]LogModuleManager: Shutting down and abandoning module SessionServices (444)
[2017.12.05-23.49.40:699][208]LogModuleManager: Shutting down and abandoning module ViewportSnapping (442)
[2017.12.05-23.49.40:699][208]LogModuleManager: Shutting down and abandoning module ViewportInteraction (440)
[2017.12.05-23.49.40:699][208]LogModuleManager: Shutting down and abandoning module LogVisualizer (438)
[2017.12.05-23.49.40:699][208]LogModuleManager: Shutting down and abandoning module IntroTutorials (436)
[2017.12.05-23.49.40:700][208]LogModuleManager: Shutting down and abandoning module GameProjectGeneration (435)
[2017.12.05-23.49.40:700][208]LogModuleManager: Shutting down and abandoning module EditorLiveStreaming (432)
[2017.12.05-23.49.40:700][208]LogModuleManager: Shutting down and abandoning module IOSPlatformEditor (430)
[2017.12.05-23.49.40:700][208]LogModuleManager: Shutting down and abandoning module HTML5PlatformEditor (428)
[2017.12.05-23.49.40:700][208]LogModuleManager: Shutting down and abandoning module AndroidPlatformEditor (426)
[2017.12.05-23.49.40:700][208]LogModuleManager: Shutting down and abandoning module AndroidDeviceDetection (425)
[2017.12.05-23.49.41:021][208]LogModuleManager: Shutting down and abandoning module IOSRuntimeSettings (422)
[2017.12.05-23.49.41:021][208]LogModuleManager: Shutting down and abandoning module AndroidRuntimeSettings (420)
[2017.12.05-23.49.41:021][208]LogModuleManager: Shutting down and abandoning module InputBindingEditor (418)
[2017.12.05-23.49.41:021][208]LogModuleManager: Shutting down and abandoning module NiagaraEditor (416)
[2017.12.05-23.49.41:021][208]LogModuleManager: Shutting down and abandoning module MergeActors (414)
[2017.12.05-23.49.41:021][208]LogModuleManager: Shutting down and abandoning module SizeMap (412)
[2017.12.05-23.49.41:021][208]LogModuleManager: Shutting down and abandoning module TreeMap (410)
[2017.12.05-23.49.41:021][208]LogModuleManager: Shutting down and abandoning module ReferenceViewer (408)
[2017.12.05-23.49.41:021][208]LogModuleManager: Shutting down and abandoning module LocalizationDashboard (406)
[2017.12.05-23.49.41:021][208]LogModuleManager: Shutting down and abandoning module LocalizationService (405)
[2017.12.05-23.49.41:021][208]LogModuleManager: Shutting down and abandoning module HardwareTargeting (402)
[2017.12.05-23.49.41:021][208]LogModuleManager: Shutting down and abandoning module DeviceProfileEditor (400)
[2017.12.05-23.49.41:021][208]LogModuleManager: Shutting down and abandoning module UndoHistory (398)
[2017.12.05-23.49.41:021][208]LogModuleManager: Shutting down and abandoning module UserFeedback (396)
[2017.12.05-23.49.41:021][208]LogModuleManager: Shutting down and abandoning module XmlParser (394)
[2017.12.05-23.49.41:021][208]LogModuleManager: Shutting down and abandoning module Blutility (392)
[2017.12.05-23.49.41:021][208]LogModuleManager: Shutting down and abandoning module ProjectSettingsViewer (390)
[2017.12.05-23.49.41:021][208]LogModuleManager: Shutting down and abandoning module ProjectTargetPlatformEditor (389)
[2017.12.05-23.49.41:021][208]LogModuleManager: Shutting down and abandoning module EditorSettingsViewer (386)
[2017.12.05-23.49.41:021][208]LogModuleManager: Shutting down and abandoning module SettingsEditor (384)
[2017.12.05-23.49.41:021][208]LogModuleManager: Shutting down and abandoning module ProjectLauncher (382)
[2017.12.05-23.49.41:021][208]LogModuleManager: Shutting down and abandoning module SessionFrontend (380)
[2017.12.05-23.49.41:021][208]LogModuleManager: Shutting down and abandoning module ProfilerClient (378)
[2017.12.05-23.49.41:021][208]LogModuleManager: Shutting down and abandoning module DeviceManager (376)
[2017.12.05-23.49.41:021][208]LogModuleManager: Shutting down and abandoning module TargetDeviceServices (375)
[2017.12.05-23.49.41:084][208]LogModuleManager: Shutting down and abandoning module AutomationController (372)
[2017.12.05-23.49.41:084][208]LogModuleManager: Shutting down and abandoning module AutomationWindow (370)
[2017.12.05-23.49.41:084][208]LogModuleManager: Shutting down and abandoning module Layers (368)
[2017.12.05-23.49.41:084][208]LogModuleManager: Shutting down and abandoning module ComponentVisualizers (366)
[2017.12.05-23.49.41:084][208]LogModuleManager: Shutting down and abandoning module DetailCustomizations (364)
[2017.12.05-23.49.41:084][208]LogModuleManager: Shutting down and abandoning module PackagesDialog (362)
[2017.12.05-23.49.41:084][208]LogModuleManager: Shutting down and abandoning module Persona (360)
[2017.12.05-23.49.41:084][208]LogModuleManager: Shutting down and abandoning module AnimGraph (359)
[2017.12.05-23.49.41:084][208]LogModuleManager: Shutting down and abandoning module Kismet (356)
[2017.12.05-23.49.41:093][208]LogModuleManager: Shutting down and abandoning module GraphEditor (354)
[2017.12.05-23.49.41:093][208]LogModuleManager: Shutting down and abandoning module ClassViewer (352)
[2017.12.05-23.49.41:093][208]LogModuleManager: Shutting down and abandoning module Toolbox (350)
[2017.12.05-23.49.41:093][208]LogModuleManager: Shutting down and abandoning module ModuleUI (348)
[2017.12.05-23.49.41:093][208]LogModuleManager: Shutting down and abandoning module MovieSceneTools (346)
[2017.12.05-23.49.41:093][208]LogModuleManager: Shutting down and abandoning module OutputLog (344)
[2017.12.05-23.49.41:093][208]LogModuleManager: Shutting down and abandoning module GammaUI (342)
[2017.12.05-23.49.41:093][208]LogModuleManager: Shutting down and abandoning module Documentation (340)
[2017.12.05-23.49.41:093][208]LogModuleManager: Shutting down and abandoning module Niagara (338)
[2017.12.05-23.49.41:093][208]LogModuleManager: Shutting down and abandoning module StreamingPauseRendering (336)
[2017.12.05-23.49.41:093][208]LogModuleManager: Shutting down and abandoning module AnalyticsET (334)
[2017.12.05-23.49.41:093][208]LogModuleManager: Shutting down and abandoning module PortalServices (332)
[2017.12.05-23.49.41:093][208]LogModuleManager: Shutting down and abandoning module PortalRpc (330)
[2017.12.05-23.49.41:093][208]LogModuleManager: Shutting down and abandoning module MessagingRpc (328)
[2017.12.05-23.49.41:093][208]LogModuleManager: Shutting down and abandoning module AIModule (326)
[2017.12.05-23.49.41:093][208]LogModuleManager: Shutting down and abandoning module GameplayDebugger (325)
[2017.12.05-23.49.41:093][208]LogModuleManager: Shutting down and abandoning module AITestSuite (323)
[2017.12.05-23.49.41:093][208]LogModuleManager: Shutting down and abandoning module ProfilerService (320)
[2017.12.05-23.49.41:139][208]LogModuleManager: Shutting down and abandoning module TaskGraph (318)
[2017.12.05-23.49.41:139][208]LogModuleManager: Shutting down and abandoning module SteamVRController (316)
[2017.12.05-23.49.41:139][208]LogModuleManager: Shutting down and abandoning module SteamVR (314)
[2017.12.05-23.49.41:139][208]LogModuleManager: Shutting down and abandoning module ProceduralMeshComponentEditor (312)
[2017.12.05-23.49.41:139][208]LogModuleManager: Shutting down and abandoning module ProceduralMeshComponent (310)
[2017.12.05-23.49.41:139][208]LogModuleManager: Shutting down and abandoning module OculusLibrary (308)
[2017.12.05-23.49.41:139][208]LogModuleManager: Shutting down and abandoning module OculusInput (306)
[2017.12.05-23.49.41:139][208]LogModuleManager: Shutting down and abandoning module MobilePatchingUtils (304)
[2017.12.05-23.49.41:139][208]LogModuleManager: Shutting down and abandoning module CustomMeshComponent (302)
[2017.12.05-23.49.41:139][208]LogModuleManager: Shutting down and abandoning module CableComponent (300)
[2017.12.05-23.49.41:139][208]LogModuleManager: Shutting down and abandoning module ArchVisCharacter (298)
[2017.12.05-23.49.41:139][208]LogModuleManager: Shutting down and abandoning module Rejoin (296)
[2017.12.05-23.49.41:139][208]LogModuleManager: Shutting down and abandoning module Hotfix (294)
[2017.12.05-23.49.41:139][208]LogModuleManager: Shutting down and abandoning module Lobby (292)
[2017.12.05-23.49.41:139][208]LogModuleManager: Shutting down and abandoning module Party (290)
[2017.12.05-23.49.41:139][208]LogModuleManager: Shutting down and abandoning module Qos (288)
[2017.12.05-23.49.41:139][208]LogModuleManager: Shutting down and abandoning module MediaPlayerEditor (286)
[2017.12.05-23.49.41:139][208]LogModuleManager: Shutting down and abandoning module HTML5Networking (284)
[2017.12.05-23.49.41:139][208]LogModuleManager: Shutting down and abandoning module AlembicImporter (282)
[2017.12.05-23.49.41:139][208]LogModuleManager: Shutting down and abandoning module AlembicLibrary (281)
[2017.12.05-23.49.41:139][208]LogModuleManager: Shutting down and abandoning module GeometryCache (280)
[2017.12.05-23.49.41:139][208]LogModuleManager: Shutting down and abandoning module GeometryCacheEd (279)
[2017.12.05-23.49.41:139][208]LogModuleManager: Shutting down and abandoning module SuperSearchEditor (274)
[2017.12.05-23.49.41:139][208]LogModuleManager: Shutting down and abandoning module SuperSearch (273)
[2017.12.05-23.49.41:139][208]LogModuleManager: Shutting down and abandoning module SpeedTreeImporter (270)
[2017.12.05-23.49.41:139][208]LogModuleManager: Shutting down and abandoning module PluginBrowser (268)
[2017.12.05-23.49.41:139][208]LogModuleManager: Shutting down and abandoning module MobileLauncherProfileWizard (266)
[2017.12.05-23.49.41:139][208]LogModuleManager: Shutting down and abandoning module EpicSurvey (264)
[2017.12.05-23.49.41:139][208]LogModuleManager: Shutting down and abandoning module VisualStudioSourceCodeAccess (262)
[2017.12.05-23.49.41:139][208]LogModuleManager: Shutting down and abandoning module DesktopPlatform (261)
[2017.12.05-23.49.41:139][208]LogModuleManager: Shutting down and abandoning module UObjectPlugin (258)
[2017.12.05-23.49.41:139][208]LogModuleManager: Shutting down and abandoning module SubversionSourceControl (256)
[2017.12.05-23.49.41:139][208]LogModuleManager: Shutting down and abandoning module PerforceSourceControl (254)
[2017.12.05-23.49.41:139][208]LogModuleManager: Shutting down and abandoning module GitSourceControl (252)
[2017.12.05-23.49.41:139][208]LogModuleManager: Shutting down and abandoning module SourceControl (251)
[2017.12.05-23.49.41:139][208]LogModuleManager: Shutting down and abandoning module LightPropagationVolumeEditor (248)
[2017.12.05-23.49.41:139][208]LogModuleManager: Shutting down and abandoning module PaperTiledImporter (246)
[2017.12.05-23.49.41:139][208]LogModuleManager: Shutting down and abandoning module PaperSpriteSheetImporter (244)
[2017.12.05-23.49.41:139][208]LogModuleManager: Shutting down and abandoning module Paper2DEditor (242)
[2017.12.05-23.49.41:139][208]LogModuleManager: Shutting down and abandoning module MeshPaint (241)
[2017.12.05-23.49.41:139][208]LogModuleManager: Shutting down and abandoning module LevelEditor (239)
[2017.12.05-23.49.41:140][208]LogModuleManager: Shutting down and abandoning module PixelInspectorModule (238)
[2017.12.05-23.49.41:140][208]LogModuleManager: Shutting down and abandoning module MainFrame (236)
[2017.12.05-23.49.41:140][208]LogModuleManager: Shutting down and abandoning module HotReload (235)
[2017.12.05-23.49.41:140][208]LogDirectoryWatcher: A directory notification for 'E:/Buisness/Unreal/Multiplayer 4.14/Binaries/Win64' was aborted.
[2017.12.05-23.49.41:141][208]LogModuleManager: Shutting down and abandoning module ContentBrowser (231)
[2017.12.05-23.49.41:141][208]LogModuleManager: Shutting down and abandoning module Multiplayer (228)
[2017.12.05-23.49.41:141][208]LogModuleManager: Shutting down and abandoning module PhysXVehiclesEditor (226)
[2017.12.05-23.49.41:141][208]LogModuleManager: Shutting down and abandoning module PhysXVehicles (224)
[2017.12.05-23.49.41:141][208]LogModuleManager: Shutting down and abandoning module LocationServicesBPLibrary (222)
[2017.12.05-23.49.41:141][208]LogModuleManager: Shutting down and abandoning module UdpMessaging (220)
[2017.12.05-23.49.41:242][208]LogModuleManager: Shutting down and abandoning module TcpMessaging (218)
[2017.12.05-23.49.41:343][208]LogModuleManager: Shutting down and abandoning module GameplayTagsEditor (216)
[2017.12.05-23.49.41:343][208]LogModuleManager: Shutting down and abandoning module FacialAnimationEditor (214)
[2017.12.05-23.49.41:343][208]LogModuleManager: Shutting down and abandoning module FacialAnimation (212)
[2017.12.05-23.49.41:343][208]LogModuleManager: Shutting down and abandoning module LightPropagationVolumeRuntime (210)
[2017.12.05-23.49.41:343][208]LogModuleManager: Shutting down and abandoning module Paper2D (208)
[2017.12.05-23.49.41:343][208]LogModuleManager: Shutting down and abandoning module WindowsMoviePlayer (206)
[2017.12.05-23.49.41:343][208]LogModuleManager: Shutting down and abandoning module WmfMedia (204)
[2017.12.05-23.49.41:346][208]LogModuleManager: Shutting down and abandoning module MfMedia (202)
[2017.12.05-23.49.41:346][208]LogModuleManager: Shutting down and abandoning module MediaAssets (200)
[2017.12.05-23.49.41:346][208]LogModuleManager: Shutting down and abandoning module GameLiveStreaming (198)
[2017.12.05-23.49.41:346][208]LogModuleManager: Shutting down and abandoning module VREditor (196)
[2017.12.05-23.49.41:346][208]LogModuleManager: Shutting down and abandoning module GameplayTasksEditor (194)
[2017.12.05-23.49.41:346][208]LogModuleManager: Shutting down and abandoning module BehaviorTreeEditor (192)
[2017.12.05-23.49.41:346][208]LogModuleManager: Shutting down and abandoning module FunctionalTesting (190)
[2017.12.05-23.49.41:346][208]LogModuleManager: Shutting down and abandoning module CollisionAnalyzer (188)
[2017.12.05-23.49.41:346][208]LogModuleManager: Shutting down and abandoning module UMG (186)
[2017.12.05-23.49.41:346][208]LogModuleManager: Shutting down and abandoning module UMGEditor (185)
[2017.12.05-23.49.41:347][208]LogModuleManager: Shutting down and abandoning module Sequencer (184)
[2017.12.05-23.49.41:347][208]LogModuleManager: Shutting down and abandoning module AssetTools (182)
[2017.12.05-23.49.41:347][208]LogModuleManager: Shutting down and abandoning module MessageLog (181)
[2017.12.05-23.49.41:347][208]LogModuleManager: Shutting down and abandoning module WorkspaceMenuStructure (180)
[2017.12.05-23.49.41:347][208]LogModuleManager: Shutting down and abandoning module SlateReflector (174)
[2017.12.05-23.49.41:347][208]LogModuleManager: Shutting down and abandoning module Slate (172)
[2017.12.05-23.49.41:347][208]LogModuleManager: Shutting down and abandoning module EditorStyle (170)
[2017.12.05-23.49.41:353][208]LogModuleManager: Shutting down and abandoning module SourceCodeAccess (168)
[2017.12.05-23.49.41:353][208]LogModuleManager: Shutting down and abandoning module HeadMountedDisplay (166)
[2017.12.05-23.49.41:353][208]LogModuleManager: Shutting down and abandoning module XAudio2 (164)
[2017.12.05-23.49.41:353][208]LogModuleManager: Shutting down and abandoning module Networking (162)
[2017.12.05-23.49.41:353][208]LogModuleManager: Shutting down and abandoning module Core (160)
[2017.12.05-23.49.41:354][208]LogModuleManager: Shutting down and abandoning module AssetRegistry (158)
[2017.12.05-23.49.41:489][208]LogDirectoryWatcher: A directory notification for '../../../Engine/Content/' was aborted.
[2017.12.05-23.49.41:489][208]LogDirectoryWatcher: A directory notification for 'E:/Buisness/Unreal/Multiplayer 4.14/Content/' was aborted.
[2017.12.05-23.49.41:489][208]LogDirectoryWatcher: A directory notification for '../../../Engine/Plugins/2D/Paper2D/Content/' was aborted.
[2017.12.05-23.49.41:489][208]LogModuleManager: Shutting down and abandoning module DirectoryWatcher (157)
[2017.12.05-23.49.41:489][208]LogModuleManager: Shutting down and abandoning module KismetCompiler (154)
[2017.12.05-23.49.41:489][208]LogModuleManager: Shutting down and abandoning module PhysXFormats (152)
[2017.12.05-23.49.41:489][208]LogModuleManager: Shutting down and abandoning module MeshUtilities (150)
[2017.12.05-23.49.41:489][208]LogModuleManager: Shutting down and abandoning module SimplygonSwarm (149)
[2017.12.05-23.49.41:489][208]LogModuleManager: Shutting down and abandoning module SimplygonMeshReduction (147)
[2017.12.05-23.49.41:489][208]LogModuleManager: Shutting down and abandoning module QuadricMeshReduction (145)
[2017.12.05-23.49.41:489][208]LogModuleManager: Shutting down and abandoning module PropertyEditor (143)
[2017.12.05-23.49.41:489][208]LogModuleManager: Shutting down and abandoning module DerivedDataCache (140)
[2017.12.05-23.49.41:579][208]LogDerivedDataCache: Shutdown
[2017.12.05-23.49.41:579][208]LogModuleManager: Shutting down and abandoning module TargetPlatform (138)
[2017.12.05-23.49.41:579][208]LogModuleManager: Shutting down and abandoning module VulkanShaderFormat (137)
[2017.12.05-23.49.41:579][208]LogModuleManager: Shutting down and abandoning module ShaderFormatOpenGL (135)
[2017.12.05-23.49.41:579][208]LogModuleManager: Shutting down and abandoning module ShaderFormatD3D (133)
[2017.12.05-23.49.41:579][208]LogModuleManager: Shutting down and abandoning module MetalShaderFormat (131)
[2017.12.05-23.49.41:579][208]LogModuleManager: Shutting down and abandoning module TextureFormatUncompressed (129)
[2017.12.05-23.49.41:579][208]LogModuleManager: Shutting down and abandoning module TextureFormatPVR (127)
[2017.12.05-23.49.41:579][208]LogModuleManager: Shutting down and abandoning module TextureFormatDXT (125)
[2017.12.05-23.49.41:579][208]LogModuleManager: Shutting down and abandoning module TextureFormatIntelISPCTexComp (123)
[2017.12.05-23.49.41:579][208]LogModuleManager: Shutting down and abandoning module TextureFormatASTC (121)
[2017.12.05-23.49.41:579][208]LogModuleManager: Shutting down and abandoning module ImageWrapper (120)
[2017.12.05-23.49.41:579][208]LogModuleManager: Shutting down and abandoning module TextureFormatAndroid (117)
[2017.12.05-23.49.41:579][208]LogModuleManager: Shutting down and abandoning module AudioFormatOpus (115)
[2017.12.05-23.49.41:579][208]LogModuleManager: Shutting down and abandoning module AudioFormatOgg (113)
[2017.12.05-23.49.41:579][208]LogModuleManager: Shutting down and abandoning module AudioFormatADPCM (111)
[2017.12.05-23.49.41:579][208]LogModuleManager: Shutting down and abandoning module LinuxTargetPlatform (109)
[2017.12.05-23.49.41:579][208]LogModuleManager: Shutting down and abandoning module LinuxServerTargetPlatform (107)
[2017.12.05-23.49.41:579][208]LogModuleManager: Shutting down and abandoning module LinuxNoEditorTargetPlatform (105)
[2017.12.05-23.49.41:579][208]LogModuleManager: Shutting down and abandoning module LinuxClientTargetPlatform (103)
[2017.12.05-23.49.41:579][208]LogModuleManager: Shutting down and abandoning module TVOSTargetPlatform (101)
[2017.12.05-23.49.41:579][208]LogModuleManager: Shutting down and abandoning module Messaging (99)
[2017.12.05-23.49.41:579][208]LogModuleManager: Shutting down and abandoning module IOSTargetPlatform (97)
[2017.12.05-23.49.41:579][208]LogModuleManager: Shutting down and abandoning module HTML5TargetPlatform (95)
[2017.12.05-23.49.41:579][208]LogModuleManager: Shutting down and abandoning module Android_PVRTCTargetPlatform (93)
[2017.12.05-23.49.41:579][208]LogModuleManager: Shutting down and abandoning module Android_MultiTargetPlatform (91)
[2017.12.05-23.49.41:579][208]LogModuleManager: Shutting down and abandoning module Android_ETC2TargetPlatform (89)
[2017.12.05-23.49.41:579][208]LogModuleManager: Shutting down and abandoning module Android_ETC1TargetPlatform (87)
[2017.12.05-23.49.41:579][208]LogModuleManager: Shutting down and abandoning module Android_DXTTargetPlatform (85)
[2017.12.05-23.49.41:579][208]LogModuleManager: Shutting down and abandoning module Android_ATCTargetPlatform (83)
[2017.12.05-23.49.41:579][208]LogModuleManager: Shutting down and abandoning module Android_ASTCTargetPlatform (81)
[2017.12.05-23.49.41:579][208]LogModuleManager: Shutting down and abandoning module AndroidTargetPlatform (79)
[2017.12.05-23.49.41:579][208]LogModuleManager: Shutting down and abandoning module WindowsTargetPlatform (77)
[2017.12.05-23.49.41:579][208]LogModuleManager: Shutting down and abandoning module WindowsServerTargetPlatform (75)
[2017.12.05-23.49.41:580][208]LogModuleManager: Shutting down and abandoning module WindowsNoEditorTargetPlatform (73)
[2017.12.05-23.49.41:580][208]LogModuleManager: Shutting down and abandoning module WindowsClientTargetPlatform (71)
[2017.12.05-23.49.41:580][208]LogModuleManager: Shutting down and abandoning module MacTargetPlatform (69)
[2017.12.05-23.49.41:580][208]LogModuleManager: Shutting down and abandoning module MacServerTargetPlatform (67)
[2017.12.05-23.49.41:580][208]LogModuleManager: Shutting down and abandoning module MacNoEditorTargetPlatform (65)
[2017.12.05-23.49.41:580][208]LogModuleManager: Shutting down and abandoning module MacClientTargetPlatform (63)
[2017.12.05-23.49.41:580][208]LogModuleManager: Shutting down and abandoning module AllDesktopTargetPlatform (61)
[2017.12.05-23.49.41:580][208]LogModuleManager: Shutting down and abandoning module InputCore (58)
[2017.12.05-23.49.41:580][208]LogModuleManager: Shutting down and abandoning module Settings (56)
[2017.12.05-23.49.41:580][208]LogModuleManager: Shutting down and abandoning module OculusRift (54)
[2017.12.05-23.49.41:580][208]LogModuleManager: Shutting down and abandoning module GearVR (52)
[2017.12.05-23.49.41:580][208]LogModuleManager: Shutting down and abandoning module ExampleDeviceProfileSelector (50)
[2017.12.05-23.49.41:580][208]LogModuleManager: Shutting down and abandoning module OnlineBlueprintSupport (48)
[2017.12.05-23.49.41:580][208]LogModuleManager: Shutting down and abandoning module OnlineSubsystem (44)
[2017.12.05-23.49.41:580][208]LogOnline:Display: OSS: FOnlineSubsystemNull::Shutdown()
[2017.12.05-23.49.41:580][208]LogOnline:Display: Unloading online subsystem: STEAM
[2017.12.05-23.49.41:580][208]LogOnline:Display: Unloading online subsystem: NULL
[2017.12.05-23.49.41:580][208]LogModuleManager: Shutting down and abandoning module XMPP (37)
[2017.12.05-23.49.41:580][208]LogModuleManager: Shutting down and abandoning module HTTP (35)
[2017.12.05-23.49.41:580][208]LogHttp:Display: Http module shutting down, but needs to wait on 1 outstanding Http requests:
[2017.12.05-23.49.41:580][208]LogHttp:Display: 	verb=[POST] url=[https://datarouter.ol.epicgames.com/datarouter/api/v1/public/data?SessionID=%7BDCA31576-4F77-2DEB-0BDF-7E9B7BCFBD93%7D&AppID=UEEditor.Rocket.Release&AppVersion=4.15.3-3450819%2B%2B%2BUE4%2BRelease-4.15&UserID=efd468cc496f8ba46066589324f4e55b%7C3efeb62a0bdb4ef28159471e0cff3f3b%7C1285343e-c08c-4c4b-be56-1f4e5ed03b66&AppEnvironment=datacollector-binary&UploadType=eteventstream] status=Processing
[2017.12.05-23.49.41:584][208]LogModuleManager: Shutting down and abandoning module SSL (34)
[2017.12.05-23.49.41:585][208]LogModuleManager: Shutting down and abandoning module AudioEditor (30)
[2017.12.05-23.49.41:585][208]LogModuleManager: Shutting down and abandoning module TextureCompressor (28)
[2017.12.05-23.49.41:586][208]LogModuleManager: Shutting down and abandoning module ShaderCore (26)
[2017.12.05-23.49.41:586][208]LogModuleManager: Shutting down and abandoning module Landscape (24)
[2017.12.05-23.49.41:586][208]LogModuleManager: Shutting down and abandoning module SlateRHIRenderer (22)
[2017.12.05-23.49.41:587][208]LogModuleManager: Shutting down and abandoning module OpenGLDrv (20)
[2017.12.05-23.49.41:587][208]LogModuleManager: Shutting down and abandoning module D3D11RHI (18)
[2017.12.05-23.49.41:587][208]LogModuleManager: Shutting down and abandoning module AnimGraphRuntime (16)
[2017.12.05-23.49.41:587][208]LogModuleManager: Shutting down and abandoning module Renderer (14)
[2017.12.05-23.49.41:587][208]LogModuleManager: Shutting down and abandoning module Engine (12)
[2017.12.05-23.49.41:587][208]LogModuleManager: Shutting down and abandoning module CoreUObject (10)
[2017.12.05-23.49.41:587][208]LogModuleManager: Shutting down and abandoning module NetworkFile (8)
[2017.12.05-23.49.41:587][208]LogModuleManager: Shutting down and abandoning module StreamingFile (6)
[2017.12.05-23.49.41:587][208]LogModuleManager: Shutting down and abandoning module SandboxFile (4)
[2017.12.05-23.49.41:587][208]LogModuleManager: Shutting down and abandoning module PakFile (2)
[2017.12.05-23.49.41:589][208]LogExit: Exiting.
[2017.12.05-23.49.41:591][208]Log file closed, 12/06/17 00:49:41
