Log file open, 12/06/17 11:02:00
LogInit:Display: Running engine for game: Multiplayer
LogPlatformFile: Not using cached read wrapper
LogInit:Display: RandInit(624645627) SRandInit(624645627).
LogTaskGraph: Started task graph with 5 named threads and 8 total threads with 1 sets of task threads.
LogStats: Stats thread started at 0.114321
LogInit: Using libcurl 7.47.1
LogInit:  - built for x86_64-pc-win32
LogInit:  - supports SSL with OpenSSL/1.0.2g
LogInit:  - supports HTTP deflate (compression) using libz 1.2.8
LogInit:  - other features:
LogInit:      CURL_VERSION_SSL
LogInit:      CURL_VERSION_LIBZ
LogInit:      CURL_VERSION_IPV6
LogInit:      CURL_VERSION_ASYNCHDNS
LogInit:      CURL_VERSION_LARGEFILE
LogInit:      CURL_VERSION_IDN
LogInit:  CurlRequestOptions (configurable via config and command line):
LogInit:  - bVerifyPeer = false  - Libcurl will NOT verify peer certificate
LogInit:  - bUseHttpProxy = false  - Libcurl will NOT use HTTP proxy
LogInit:  - bDontReuseConnections = false  - Libcurl will reuse connections
LogInit:  - CertBundlePath = nullptr  - Libcurl will use whatever was configured at build time.
LogOnline:Display: STEAM: Loading Steam SDK 1.32
LogOnline:Warning: STEAM: Steam API disabled!
LogOnline:Display: STEAM: OnlineSubsystemSteam::Shutdown()
LogInit: WinSock: version 1.1 (2.2), MaxSocks=32767, MaxUdp=65467
LogInit: Build: ++UE4+Release-4.15-CL-3450819
LogInit: Engine Version: 4.15.3-3450819+++UE4+Release-4.15
LogInit: Compatible Engine Version: 4.15.0-3299760+++UE4+Release-4.15
LogInit: Net CL: 3299760
LogDevObjectVersion: Number of dev versions registered: 14
LogDevObjectVersion:   Dev-Blueprints (B0D832E4-1F89-4F0D-ACCF-7EB736FD4AA2): 8
LogDevObjectVersion:   Dev-Build (E1C64328-A22C-4D53-A36C-8E866417BD8C): 0
LogDevObjectVersion:   Dev-Core (375EC13C-06E4-48FB-B500-84F0262A717E): 2
LogDevObjectVersion:   Dev-Editor (E4B068ED-F494-42E9-A231-DA0B2E46BB41): 14
LogDevObjectVersion:   Dev-Framework (CFFC743F-43B0-4480-9391-14DF171D2073): 22
LogDevObjectVersion:   Dev-Mobile (B02B49B5-BB20-44E9-A304-32B752E40360): 0
LogDevObjectVersion:   Dev-Networking (A4E4105C-59A1-49B5-A7C5-40C4547EDFEE): 0
LogDevObjectVersion:   Dev-Online (39C831C9-5AE6-47DC-9A44-9C173E1C8E7C): 0
LogDevObjectVersion:   Dev-Physics (78F01B33-EBEA-4F98-B9B4-84EACCB95AA2): 0
LogDevObjectVersion:   Dev-Platform (6631380F-2D4D-43E0-8009-CF276956A95A): 0
LogDevObjectVersion:   Dev-Rendering (12F88B9F-8875-4AFC-A67C-D90C383ABD29): 12
LogDevObjectVersion:   Dev-Sequencer (7B5AE74C-D270-4C10-A958-57980B212A5A): 3
LogDevObjectVersion:   Dev-VR (D7296918-1DD6-4BDD-9DE2-64A83CC13884): 0
LogDevObjectVersion:   Dev-LoadTimes (C2A15278-BFE7-4AFE-6C17-90FF531DF755): 1
LogInit: Compiled (64-bit): May 21 2017 11:02:34
LogInit: Compiled with Visual C++: 19.00.23026.00
LogInit: Build Configuration: Development
LogInit: Branch Name: ++UE4+Release-4.15
LogInit: Command line:  
LogInit: Base directory: C:/Program Files/Epic Games/UE_4.15/Engine/Binaries/Win64/
LogInit: Installed Engine Build: 1
LogInit: Presizing for max 8388607 objects, including 0 objects not considered by GC, pre-allocating 0 bytes for permanent pool.
LogInit: Object subsystem initialized
[2017.12.06-10.02.01:489][  0]LogInit: Selected Device Profile: [Windows]
[2017.12.06-10.02.01:489][  0]LogInit: Applying CVar settings loaded from the selected device profile: [Windows]
[2017.12.06-10.02.01:498][  0]LogInit: Computer: DEVPC
[2017.12.06-10.02.01:498][  0]LogInit: User: Aron
[2017.12.06-10.02.01:498][  0]LogInit: CPU Page size=65536, Cores=4
[2017.12.06-10.02.01:498][  0]LogInit: High frequency timer resolution =3.903991 MHz
[2017.12.06-10.02.01:499][  0]LogMemory: Memory total: Physical=15.9GB (16GB approx)
[2017.12.06-10.02.01:499][  0]LogMemory: Platform Memory Stats for Windows
[2017.12.06-10.02.01:499][  0]LogMemory: Process Physical Memory: 268.15 MB used, 268.15 MB peak
[2017.12.06-10.02.01:499][  0]LogMemory: Process Virtual Memory: 262.73 MB used, 262.73 MB peak
[2017.12.06-10.02.01:499][  0]LogMemory: Physical Memory: 3061.60 MB used,  13264.22 MB free, 16325.82 MB total
[2017.12.06-10.02.01:499][  0]LogMemory: Virtual Memory: 681.63 MB used,  13264.22 MB free, 134217728.00 MB total
[2017.12.06-10.02.01:652][  0]LogTextLocalizationManager: No translations for ('hr-HR') exist, falling back to 'en' for localization and internationalization data.
[2017.12.06-10.02.02:343][  0]LogD3D11RHI: D3D11 adapters:
[2017.12.06-10.02.02:358][  0]LogD3D11RHI:    0. 'AMD Radeon (TM) R9 390 Series' (Feature Level 11_0)
[2017.12.06-10.02.02:358][  0]LogD3D11RHI:       8168/0/8162 MB DedicatedVideo/DedicatedSystem/SharedSystem, Outputs:3, VendorId:0x1002
[2017.12.06-10.02.02:359][  0]LogD3D11RHI:    1. 'Microsoft Basic Render Driver' (Feature Level 11_0)
[2017.12.06-10.02.02:359][  0]LogD3D11RHI:       0/0/8162 MB DedicatedVideo/DedicatedSystem/SharedSystem, Outputs:0, VendorId:0x1414
[2017.12.06-10.02.02:359][  0]LogD3D11RHI: Chosen D3D11 Adapter: 0
[2017.12.06-10.02.02:364][  0]LogD3D11RHI: Creating new Direct3DDevice
[2017.12.06-10.02.02:364][  0]LogD3D11RHI:     GPU DeviceId: 0x67b0 (for the marketing name, search the web for "GPU Device Id")
[2017.12.06-10.02.02:364][  0]LogWindows: EnumDisplayDevices:
[2017.12.06-10.02.02:364][  0]LogWindows:    0. 'AMD Radeon (TM) R9 390 Series' (P:1 D:1)
[2017.12.06-10.02.02:364][  0]LogWindows:    1. 'AMD Radeon (TM) R9 390 Series' (P:0 D:1)
[2017.12.06-10.02.02:364][  0]LogWindows:    2. 'AMD Radeon (TM) R9 390 Series' (P:0 D:1)
[2017.12.06-10.02.02:364][  0]LogWindows:    3. 'AMD Radeon (TM) R9 390 Series' (P:0 D:0)
[2017.12.06-10.02.02:365][  0]LogWindows:    4. 'AMD Radeon (TM) R9 390 Series' (P:0 D:0)
[2017.12.06-10.02.02:365][  0]LogWindows:    5. 'AMD Radeon (TM) R9 390 Series' (P:0 D:0)
[2017.12.06-10.02.02:365][  0]LogWindows: DebugString: GetVideoDriverDetailsInvalid PrimaryIsNotTheChoosenAdapter GetVideoDriverDetailsInvalid PrimaryIsNotTheChoosenAdapter GetVideoDriverDetailsInvalid PrimaryIsNotTheChoosenAdapter GetVideoDriverDetailsInvalid PrimaryIsNotTheChoosenAdapter GetVideoDriverDetailsInvalid PrimaryIsNotTheChoosenAdapter GetVideoDriverDetailsInvalid PrimaryIsNotTheChoosenAdapter FoundDriverCount:0 
[2017.12.06-10.02.02:365][  0]LogD3D11RHI:     Adapter Name: AMD Radeon (TM) R9 390 Series
[2017.12.06-10.02.02:365][  0]LogD3D11RHI:   Driver Version: Unknown (internal:Unknown, unified:Unknown)
[2017.12.06-10.02.02:365][  0]LogD3D11RHI:      Driver Date: Unknown
[2017.12.06-10.02.02:365][  0]LogRHI: Texture pool is 1361 MB (70% of 1945 MB)
[2017.12.06-10.02.02:387][  0]LogD3D11RHI: Async texture creation enabled
[2017.12.06-10.02.02:420][  0]LogD3D11RHI: GPU Timing Frequency: 27.000000 (Debug: 2 1)
[2017.12.06-10.02.02:427][  0]LogShaderCompilers: Guid format shader working directory is 10 characters bigger than the processId version (E:/Buisness/Unreal/Multiplayer 4.14/Intermediate/Shaders/WorkingDirectory/2980/).
[2017.12.06-10.02.02:427][  0]LogShaderCompilers: Cleaned the shader compiler working directory 'C:/Users/Aron/AppData/Local/Temp/UnrealShaderWorkingDir/0A94DFEB4BF4284C42EE4794B7C40E31/'.
[2017.12.06-10.02.02:427][  0]LogShaderCompilers:Display: Using Local Shader Compiler.
[2017.12.06-10.02.03:887][  0]LogTemp:Display: Loaded TP AllDesktopTargetPlatform
[2017.12.06-10.02.03:933][  0]LogTemp:Display: Loaded TP MacClientTargetPlatform
[2017.12.06-10.02.03:979][  0]LogTemp:Display: Loaded TP MacNoEditorTargetPlatform
[2017.12.06-10.02.04:027][  0]LogTemp:Display: Loaded TP MacServerTargetPlatform
[2017.12.06-10.02.04:076][  0]LogTemp:Display: Loaded TP MacTargetPlatform
[2017.12.06-10.02.04:133][  0]LogTemp:Display: Loaded TP WindowsClientTargetPlatform
[2017.12.06-10.02.04:180][  0]LogTemp:Display: Loaded TP WindowsNoEditorTargetPlatform
[2017.12.06-10.02.04:225][  0]LogTemp:Display: Loaded TP WindowsServerTargetPlatform
[2017.12.06-10.02.04:265][  0]LogTemp:Display: Loaded TP WindowsTargetPlatform
[2017.12.06-10.02.04:311][  0]LogTemp:Display: Loaded TP AndroidTargetPlatform
[2017.12.06-10.02.04:356][  0]LogTemp:Display: Loaded TP Android_ASTCTargetPlatform
[2017.12.06-10.02.04:402][  0]LogTemp:Display: Loaded TP Android_ATCTargetPlatform
[2017.12.06-10.02.04:447][  0]LogTemp:Display: Loaded TP Android_DXTTargetPlatform
[2017.12.06-10.02.04:493][  0]LogTemp:Display: Loaded TP Android_ETC1TargetPlatform
[2017.12.06-10.02.04:537][  0]LogTemp:Display: Loaded TP Android_ETC2TargetPlatform
[2017.12.06-10.02.04:627][  0]LogTemp:Display: Loaded TP Android_MultiTargetPlatform
[2017.12.06-10.02.04:627][  0]LogTemp:Display: Loaded TP Android_PVRTCTargetPlatform
[2017.12.06-10.02.04:661][  0]LogTemp:Display: Loaded TP HTML5TargetPlatform
[2017.12.06-10.02.04:750][  0]LogTemp:Display: Loaded TP IOSTargetPlatform
[2017.12.06-10.02.04:778][  0]LogTemp:Display: Loaded TP TVOSTargetPlatform
[2017.12.06-10.02.04:823][  0]LogTemp:Display: Loaded TP LinuxClientTargetPlatform
[2017.12.06-10.02.04:867][  0]LogTemp:Display: Loaded TP LinuxNoEditorTargetPlatform
[2017.12.06-10.02.04:912][  0]LogTemp:Display: Loaded TP LinuxServerTargetPlatform
[2017.12.06-10.02.04:958][  0]LogTemp:Display: Loaded TP LinuxTargetPlatform
[2017.12.06-10.02.04:958][  0]LogTargetPlatformManager:Display: Building Assets For Windows
[2017.12.06-10.02.05:367][  0]LogDerivedDataCache:Display: Max Cache Size: 512 MB
[2017.12.06-10.02.05:610][  0]LogDerivedDataCache: Loaded boot cache 0.24s 50MB C:/Users/Aron/AppData/Local/UnrealEngine/4.15/DerivedDataCache/Boot.ddc.
[2017.12.06-10.02.05:610][  0]LogDerivedDataCache:Display: Loaded Boot cache: C:/Users/Aron/AppData/Local/UnrealEngine/4.15/DerivedDataCache/Boot.ddc
[2017.12.06-10.02.05:610][  0]LogDerivedDataCache: FDerivedDataBackendGraph:  Pak pak cache file E:/Buisness/Unreal/Multiplayer 4.14/DerivedDataCache/DDC.ddp not found, will not use a pak cache.
[2017.12.06-10.02.05:610][  0]LogDerivedDataCache: Unable to find inner node Pak for hierarchical cache Hierarchy.
[2017.12.06-10.02.05:610][  0]LogDerivedDataCache: FDerivedDataBackendGraph:  CompressedPak pak cache file E:/Buisness/Unreal/Multiplayer 4.14/DerivedDataCache/Compressed.ddp not found, will not use a pak cache.
[2017.12.06-10.02.05:610][  0]LogDerivedDataCache: Unable to find inner node CompressedPak for hierarchical cache Hierarchy.
[2017.12.06-10.02.05:631][  0]LogDerivedDataCache:Display: Pak cache opened for reading ../../../Engine/DerivedDataCache/Compressed.ddp.
[2017.12.06-10.02.05:645][  0]LogDerivedDataCache: Using Local data cache path C:/Users/Aron/AppData/Local/UnrealEngine/Common/DerivedDataCache: Writable
[2017.12.06-10.02.05:664][  0]LogSlate: Using Freetype 2.6.0
[2017.12.06-10.02.05:668][  0]LogSlate: SlateFontCache - WITH_FREETYPE: 1, WITH_HARFBUZZ: 1
[2017.12.06-10.02.05:668][  0]LogSlate: SlateFontCache - WITH_FREETYPE: 1, WITH_HARFBUZZ: 1
[2017.12.06-10.02.06:407][  0]LogInit: Selected Device Profile: [Windows]
[2017.12.06-10.02.06:416][  0]LogContentStreaming: Texture pool size is 0.00 MB
[2017.12.06-10.02.06:615][  0]LogMeshUtilities: Using QuadricMeshReduction for automatic static mesh reduction
[2017.12.06-10.02.06:654][  0]LogSimplygon: Simplygon DLL not present - disabling.
[2017.12.06-10.02.06:698][  0]LogMeshUtilities: Using SimplygonSwarm for distributed automatic mesh merging
[2017.12.06-10.02.06:698][  0]LogMeshUtilities: No automatic skeletal mesh reduction module available
[2017.12.06-10.02.06:698][  0]LogMeshUtilities: No automatic mesh merging module available
[2017.12.06-10.02.07:422][  0]LogNetVersion: GetLocalNetworkVersion: CL: 3299760, ProjectName: multiplayer, ProjectVersion: , EngineNetworkVersion: 2, GameNetworkVersion: 0, NetworkChecksum: 32584562
[2017.12.06-10.02.07:476][  0]LogAssetRegistry: FAssetRegistry took 0.0229 seconds to start up
[2017.12.06-10.02.07:502][  0]LogPackageLocalizationCache: Processed 3 localized package path(s) for 1 prioritized culture(s) in 0.008690 seconds
[2017.12.06-10.02.07:507][  0]LogUObjectArray: 32500 objects as part of root set at end of initial load.
[2017.12.06-10.02.07:507][  0]LogUObjectAllocator: 7290880 out of 0 bytes used by permanent object pool.
[2017.12.06-10.02.07:507][  0]LogUObjectArray: CloseDisregardForGC: 0/0 objects in disregard for GC pool
[2017.12.06-10.02.09:669][  0]LogTcpMessaging: Initializing TcpMessaging bridge
[2017.12.06-10.02.09:705][  0]LogUdpMessaging: Initializing bridge on interface 0.0.0.0:0 to multicast group 230.0.0.1:6666.
[2017.12.06-10.02.10:187][  0]LogMaterial: Uniform references updated for custom material expression Custom.
[2017.12.06-10.02.10:537][  0]SourceControl: Info Source control is disabled
[2017.12.06-10.02.10:538][  0]SourceControl: Info Source control is disabled
[2017.12.06-10.02.10:584][  0]SourceControl: Info Source control is disabled
[2017.12.06-10.02.10:626][  0]SourceControl: Info Source control is disabled
[2017.12.06-10.02.11:934][  0]LogEngine: Initializing Engine...
[2017.12.06-10.02.11:936][  0]LogHMD: Failed to initialize OpenVR with code 110
[2017.12.06-10.02.12:039][  0]LogStats: UGameplayTagsManager::ConstructGameplayTagTree: Construct from data asset -  0.000 s
[2017.12.06-10.02.12:040][  0]LogStats: UGameplayTagsManager::ConstructGameplayTagTree: GameplayTagTreeChangedEvent.Broadcast -  0.000 s
[2017.12.06-10.02.12:166][  0]LogAIModule: Creating AISystem for world Untitled
[2017.12.06-10.02.12:182][  0]LogInit: XAudio2 using 'Speakers (Realtek High Definition Audio)' : 2 channels at 48 kHz using 32 bits per sample (channel mask 0x3)
[2017.12.06-10.02.12:303][  0]LogInit: FAudioDevice initialized.
[2017.12.06-10.02.12:324][  0]LogDerivedDataCache: Saved boot cache 0.02s 50MB C:/Users/Aron/AppData/Local/UnrealEngine/4.15/DerivedDataCache/Boot.ddc.
[2017.12.06-10.02.12:328][  0]LogInit: Texture streaming: Enabled
[2017.12.06-10.02.12:419][  0]LogEngineSessionManager: EngineSessionManager initialized
[2017.12.06-10.02.12:502][  0]LogInit: Transaction tracking system initialized
[2017.12.06-10.02.12:810][  0]BlueprintLog: New page: Editor Load
[2017.12.06-10.02.13:640][  0]LocalizationService: Info Localization service is disabled
[2017.12.06-10.02.14:337][  0]LogConsoleResponse:Display: 
[2017.12.06-10.02.14:481][  0]LogCook:Display: Max memory allowance for cook 16384mb min free memory 0mb
[2017.12.06-10.02.14:481][  0]LogCook:Display: Mobile HDR setting 1
[2017.12.06-10.02.15:398][  0]LogFileCache: Scanning file cache for directory 'E:/Buisness/Unreal/Multiplayer 4.14/Content/' took 0.02s
[2017.12.06-10.02.15:446][  0]SourceControl: Info Source control is disabled
[2017.12.06-10.02.15:448][  0]Cmd: MAP LOAD FILE="E:/Buisness/Unreal/Multiplayer 4.14/Content/Maps/MainMenu.umap" TEMPLATE=0 SHOWPROGRESS=1 FEATURELEVEL=3
[2017.12.06-10.02.15:474][  0]LightingResults: New page: Lighting Build
[2017.12.06-10.02.15:583][  0]MapCheck: New page: Map Check
[2017.12.06-10.02.15:583][  0]LightingResults: New page: Lighting Build
[2017.12.06-10.02.15:978][  0]LogLinker: Can't find file '/Game/Mannequin/Character/Textures/UE4_LOGO_CARD'
[2017.12.06-10.02.15:978][  0]LogLinker: Can't find file '/Game/Mannequin/Character/Textures/UE4_LOGO_CARD'
[2017.12.06-10.02.17:099][  0]LogAIModule: Creating AISystem for world MainMenu
[2017.12.06-10.02.17:124][  0]LogEditorServer: Finished looking for orphan Actors (0.000 secs)
[2017.12.06-10.02.17:126][  0]Cmd: MAP CHECKDEP NOCLEARLOG
[2017.12.06-10.02.17:154][  0]MapCheck: Info Map check complete: 0 Error(s), 0 Warning(s), took 27.607ms to complete.
[2017.12.06-10.02.17:154][  0]LogFileHelpers: Loading map 'MainMenu' took 1.707
[2017.12.06-10.02.17:500][  0]LogCollectionManager: Loaded 0 collections in 0.002958 seconds
[2017.12.06-10.02.17:655][  0]LogFileCache: Scanning file cache for directory 'E:/Buisness/Unreal/Multiplayer 4.14/Saved/Collections/' took 0.01s
[2017.12.06-10.02.17:655][  0]LogFileCache: Scanning file cache for directory 'E:/Buisness/Unreal/Multiplayer 4.14/Content/Developers/Aron/Collections/' took 0.01s
[2017.12.06-10.02.17:655][  0]LogFileCache: Scanning file cache for directory 'E:/Buisness/Unreal/Multiplayer 4.14/Content/Collections/' took 0.01s
[2017.12.06-10.02.17:655][  0]LogCollectionManager: Rebuilt the GUID cache for 0 collections in 0.000001 seconds
[2017.12.06-10.02.17:664][  0]LogContentBrowser: Native class hierarchy populated in 0.0089 seconds. Added 2262 classes and 468 folders.
[2017.12.06-10.02.17:721][  0]LogContentBrowser: Native class hierarchy updated for 'WidgetCarousel' in 0.0008 seconds. Added 0 classes and 0 folders.
[2017.12.06-10.02.17:823][  0]LogContentBrowser: Native class hierarchy updated for 'AddContentDialog' in 0.0008 seconds. Added 0 classes and 0 folders.
[2017.12.06-10.02.17:868][  0]LogContentBrowser: Native class hierarchy updated for 'SceneOutliner' in 0.0008 seconds. Added 1 classes and 2 folders.
[2017.12.06-10.02.18:026][  0]LogCrashTracker: Crashtracker disabled due to settings.
[2017.12.06-10.02.18:036][  0]LogUObjectGlobals:Warning: Failed to find object 'Class None.'
[2017.12.06-10.02.18:166][  0]LogContentBrowser: Native class hierarchy updated for 'HierarchicalLODOutliner' in 0.0019 seconds. Added 1 classes and 2 folders.
[2017.12.06-10.02.18:166][  0]LogLoad: (Engine Initialization) Total time: 19.12 seconds
[2017.12.06-10.02.18:166][  0]LogLoad: (Engine Initialization) Total Blueprint compile time: 0.24 seconds
[2017.12.06-10.02.18:166][  0]LogExternalProfiler: Found external profiler: VSPerf
[2017.12.06-10.02.18:166][  0]LogExternalProfiler: Using external profiler: VSPerf
[2017.12.06-10.02.18:512][  0]LogOcInput: OculusInput pre-init called
[2017.12.06-10.02.18:553][  0]LogContentStreaming: Texture pool size now 1000 MB
[2017.12.06-10.02.18:563][  0]LogSlate: Took 0.002245 seconds to synchronously load lazily loaded font '../../../Engine/Content/Slate/Fonts/Roboto-Regular.ttf' (155K)
[2017.12.06-10.02.18:576][  0]LogSlate: Took 0.002201 seconds to synchronously load lazily loaded font '../../../Engine/Content/Slate/Fonts/Roboto-Bold.ttf' (160K)
[2017.12.06-10.02.18:602][  0]LogSlate: Took 0.002258 seconds to synchronously load lazily loaded font '../../../Engine/Content/Editor/Slate/Fonts/FontAwesome.ttf' (139K)
[2017.12.06-10.02.18:758][  0]LogSlate: Took 0.001060 seconds to synchronously load lazily loaded font '../../../Engine/Content/Slate/Fonts/Roboto-Light.ttf' (159K)
[2017.12.06-10.02.18:780][  0]LogRenderer: Reallocating scene render targets to support 1208x576 NumSamples 1 (Frame:2).
[2017.12.06-10.02.19:561][  3]LogSlate: Took 0.000311 seconds to synchronously load lazily loaded font '../../../Engine/Content/Slate/Fonts/Roboto-Light.ttf' (159K)
[2017.12.06-10.02.20:205][  5]LogAssetRegistry: Asset discovery search completed in 12.7520 seconds
[2017.12.06-10.02.20:205][  5]LogCollectionManager: Rebuilt the object cache for 0 collections in 0.000007 seconds (found 0 objects)
[2017.12.06-10.02.20:206][  5]LogCollectionManager: Fixed up redirectors for 0 collections in 0.000038 seconds (updated 0 objects)
[2017.12.06-10.02.24:589][  9]LogLinker:Warning: Can't find file '/Engine/BasicShapes/RedMaterial'
[2017.12.06-10.02.24:590][  9]LoadErrors: Info Failed to load /Engine/BasicShapes/RedMaterial.RedMaterial Referenced by Default__PaladinBP_C
[2017.12.06-10.02.24:590][  9]LogLinker:Warning: Can't find file for asset '/Engine/BasicShapes/RedMaterial' while loading E:/Buisness/Unreal/Multiplayer 4.14/Content/Characters/Paladin/Paladin_AnimBP.uasset.
[2017.12.06-10.02.24:590][  9]LoadErrors:Error: Error /Game/Characters/Paladin/Paladin_AnimBP : Can't find file for asset. /Engine/BasicShapes/RedMaterial
[2017.12.06-10.02.24:590][  9]LogLinker:Warning: Can't find file '/Engine/BasicShapes/RedMaterial'
[2017.12.06-10.02.24:590][  9]LoadErrors: Info Failed to load /Engine/BasicShapes/RedMaterial Referenced by Default__PaladinBP_C
[2017.12.06-10.02.24:590][  9]LogLinker:Warning: Can't find file for asset '/Engine/BasicShapes/RedMaterial' while loading E:/Buisness/Unreal/Multiplayer 4.14/Content/Characters/Paladin/Paladin_AnimBP.uasset.
[2017.12.06-10.02.24:598][  9]LogLinker:Warning: Can't find file '/Engine/BasicShapes/RedMaterial'
[2017.12.06-10.02.24:598][  9]LoadErrors: Info Failed to load /Engine/BasicShapes/RedMaterial.RedMaterial Referenced by K2Node_VariableSet_3548
[2017.12.06-10.02.24:598][  9]LogLinker:Warning: Can't find file for asset '/Engine/BasicShapes/RedMaterial' while loading E:/Buisness/Unreal/Multiplayer 4.14/Content/Characters/Paladin/Paladin_AnimBP.uasset.
[2017.12.06-10.02.25:824][  9]LogLinker:Warning: Can't find file '/Engine/BasicShapes/RedMaterial'
[2017.12.06-10.02.25:824][  9]LoadErrors: Info Failed to load /Game/UI/AllLevels/InGameMenu.InGameMenu_C Referenced by WidgetTree
[2017.12.06-10.02.25:824][  9]LogLinker:Warning: Can't find file for asset '/Engine/BasicShapes/RedMaterial' while loading E:/Buisness/Unreal/Multiplayer 4.14/Content/Blueprints/Gameplay/TrainingPC.uasset.
[2017.12.06-10.02.25:824][  9]LoadErrors:Error: Error /Game/Blueprints/Gameplay/TrainingPC : Can't find file for asset. /Engine/BasicShapes/RedMaterial
[2017.12.06-10.02.25:824][  9]LogLinker:Warning: Can't find file '/Engine/BasicShapes/RedMaterial'
[2017.12.06-10.02.25:824][  9]LogLinker:Warning: Can't find file for asset '/Engine/BasicShapes/RedMaterial' while loading E:/Buisness/Unreal/Multiplayer 4.14/Content/Blueprints/Gameplay/TrainingPC.uasset.
[2017.12.06-10.02.26:219][  9]LogLinker:Warning: Can't find file '/Engine/BasicShapes/RedMaterial'
[2017.12.06-10.02.26:219][  9]LogLinker:Warning: Can't find file for asset '/Engine/BasicShapes/RedMaterial' while loading E:/Buisness/Unreal/Multiplayer 4.14/Content/Blueprints/Gameplay/GameplayGM.uasset.
[2017.12.06-10.02.26:219][  9]LoadErrors:Error: Error /Game/Blueprints/Gameplay/GameplayGM : Can't find file for asset. /Engine/BasicShapes/RedMaterial
[2017.12.06-10.02.26:220][  9]LogLinker:Warning: Can't find file '/Engine/BasicShapes/RedMaterial'
[2017.12.06-10.02.26:220][  9]LogLinker:Warning: Can't find file for asset '/Engine/BasicShapes/RedMaterial' while loading E:/Buisness/Unreal/Multiplayer 4.14/Content/Blueprints/Gameplay/GameplayGM.uasset.
[2017.12.06-10.02.26:229][  9]LogLinker:Warning: Can't find file '/Engine/BasicShapes/RedMaterial'
[2017.12.06-10.02.26:229][  9]LogLinker:Warning: Can't find file for asset '/Engine/BasicShapes/RedMaterial' while loading E:/Buisness/Unreal/Multiplayer 4.14/Content/Blueprints/Gameplay/GameplayGM.uasset.
[2017.12.06-10.02.26:268][  9]LogLinker:Warning: Can't find file '/Engine/BasicShapes/RedMaterial'
[2017.12.06-10.02.26:268][  9]LogLinker:Warning: Can't find file for asset '/Engine/BasicShapes/RedMaterial' while loading E:/Buisness/Unreal/Multiplayer 4.14/Content/Blueprints/Gameplay/GameplayPC.uasset.
[2017.12.06-10.02.26:269][  9]LoadErrors:Error: Error /Game/Blueprints/Gameplay/GameplayPC : Can't find file for asset. /Engine/BasicShapes/RedMaterial
[2017.12.06-10.02.26:269][  9]LogLinker:Warning: Can't find file '/Engine/BasicShapes/RedMaterial'
[2017.12.06-10.02.26:269][  9]LogLinker:Warning: Can't find file for asset '/Engine/BasicShapes/RedMaterial' while loading E:/Buisness/Unreal/Multiplayer 4.14/Content/Blueprints/Gameplay/GameplayPC.uasset.
[2017.12.06-10.02.28:544][  9]LogSlate: Took 0.000092 seconds to synchronously load lazily loaded font '../../../Engine/Content/Slate/Fonts/Roboto-Light.ttf' (159K)
[2017.12.06-10.02.28:962][  9]LogContentBrowser: Native class hierarchy updated for 'BlueprintGraph' in 0.0011 seconds. Added 112 classes and 0 folders.
[2017.12.06-10.02.31:752][  9]LogSlate: Took 0.001470 seconds to synchronously load lazily loaded font '../../../Engine/Content/Editor/Slate/Fonts/Roboto-BoldCondensed.ttf' (158K)
[2017.12.06-10.02.36:704][322]LogSlate: Only BGRA pngs, bmps or icos are supported in by External Image Picker
[2017.12.06-10.02.36:771][323]LogTemp:Display: Executing iPhonePackager certificates Engine -bundlename com.YourCompany.Multiplayer

[2017.12.06-10.02.36:771][323]LogTemp:Display: CWD: C:\Program Files\Epic Games\UE_4.15\Engine\Binaries\DotNET\IOS

[2017.12.06-10.02.36:771][323]LogTemp:Display: Initial Dir: C:\Program Files\Epic Games\UE_4.15

[2017.12.06-10.02.36:771][323]LogTemp:Display: Env CWD: C:\Program Files\Epic Games\UE_4.15\Engine\Binaries\DotNET\IOS

[2017.12.06-10.02.36:771][323]LogTemp:Display: BranchPath = DEVPC/C/Program Files/Epic Games/UE_4.15/Engine/Binaries --- GameBranchPath = DEVPC/C/Program Files/Epic Games/UE_4.15/Engine/Binaries

[2017.12.06-10.02.36:808][325]LogTemp:Display: IPP ERROR: Application exception: System.IO.DirectoryNotFoundException: Could not find a part of the path 'C:\Users\Aron\AppData\Local\Apple Computer\MobileDevice\Provisioning Profiles'.

[2017.12.06-10.02.36:808][325]LogTemp:Display:    at System.IO.__Error.WinIOError(Int32 errorCode, String maybeFullPath)

[2017.12.06-10.02.36:808][325]LogTemp:Display:    at System.IO.FileSystemEnumerableIterator`1.CommonInit()

[2017.12.06-10.02.36:808][325]LogTemp:Display:    at System.IO.Directory.EnumerateFiles(String path, String searchPattern)

[2017.12.06-10.02.36:808][325]LogTemp:Display:    at iPhonePackager.CodeSignatureBuilder.FindProvisions(String CFBundleIdentifier)

[2017.12.06-10.02.36:808][325]LogTemp:Display:    at iPhonePackager.Program.Main(String[] args)

[2017.12.06-10.02.58:186][770]LogAIModule: Creating AISystem for world ArenaMap
[2017.12.06-10.02.58:273][770]Cmd: MAP LOAD FILE="E:/Buisness/Unreal/Multiplayer 4.14/Content/Maps/ArenaMap.umap" TEMPLATE=0 SHOWPROGRESS=1 FEATURELEVEL=3
[2017.12.06-10.02.58:273][770]LightingResults: New page: Lighting Build
[2017.12.06-10.02.58:274][770]LoadErrors: New page: Loading map: ArenaMap.umap
[2017.12.06-10.02.58:275][770]MapCheck: New page: Map Check
[2017.12.06-10.02.58:275][770]LightingResults: New page: Lighting Build
[2017.12.06-10.02.58:414][770]LogEditorServer: Finished looking for orphan Actors (0.000 secs)
[2017.12.06-10.02.58:447][770]Cmd: MAP CHECKDEP NOCLEARLOG
[2017.12.06-10.02.58:504][770]MapCheck: Info Map check complete: 0 Error(s), 0 Warning(s), took 56.133ms to complete.
[2017.12.06-10.02.58:504][770]LogFileHelpers: Loading map 'ArenaMap' took 0.232
[2017.12.06-10.16.17:145][583]Cmd: OBJ SAVEPACKAGE PACKAGE="/Game/Maps/ArenaMap" FILE="E:/Buisness/Unreal/Multiplayer 4.14/Content/Maps/ArenaMap.umap" SILENT=true AUTOSAVING=false KEEPDIRTY=false
[2017.12.06-10.16.17:266][583]LogSavePackage: Save=60.15ms
[2017.12.06-10.16.17:266][583]LogSavePackage: Moving 'E:/Buisness/Unreal/Multiplayer 4.14/Saved/ArenaMap353794F14DE1FC80E9593E865430EED6.tmp' to 'E:/Buisness/Unreal/Multiplayer 4.14/Content/Maps/ArenaMap.umap'
[2017.12.06-10.16.17:268][583]LogSavePackage:Display: Finished SavePackage E:/Buisness/Unreal/Multiplayer 4.14/Content/Maps/ArenaMap.umap
[2017.12.06-10.16.18:743][698]LogActorComponent: UnregisterComponent: (/Engine/Transient.EditorFloorComp) Not registered. Aborting.
[2017.12.06-10.16.18:786][698]LogActorComponent: UnregisterComponent: (/Engine/Transient.EditorFloorComp) Not registered. Aborting.
[2017.12.06-10.16.18:869][698]LogActorComponent: UnregisterComponent: (/Engine/Transient.EditorFloorComp) Not registered. Aborting.
[2017.12.06-10.16.18:913][698]LogActorComponent: UnregisterComponent: (/Engine/Transient.EditorFloorComp) Not registered. Aborting.
[2017.12.06-10.16.18:979][698]LogWindowsTextInputMethodSystem:Display: IME system now deactivated.
[2017.12.06-10.16.19:138][699]Cmd: QUIT_EDITOR
[2017.12.06-10.16.19:184][699]LogExit: Preparing to exit.
[2017.12.06-10.16.20:206][699]LogExit: Editor shut down
[2017.12.06-10.16.20:206][699]LogExit: Transaction tracking system shut down
[2017.12.06-10.16.20:341][699]LogObj: Freed 0b from 0 cluster array pools.
[2017.12.06-10.16.20:341][699]LogExit: Object subsystem successfully closed.
[2017.12.06-10.16.20:359][699]LogD3D11RHI: Shutdown
[2017.12.06-10.16.20:359][699]LogD3D11RHI: CleanupD3DDevice
[2017.12.06-10.16.20:433][699]LogD3D11RHI: ~FD3D11DynamicRHI
[2017.12.06-10.16.20:451][699]LogModuleManager: Shutting down and abandoning module ExternalImagePicker (520)
[2017.12.06-10.16.20:451][699]LogModuleManager: Shutting down and abandoning module SequencerWidgets (518)
[2017.12.06-10.16.20:451][699]LogModuleManager: Shutting down and abandoning module BlueprintGraph (516)
[2017.12.06-10.16.20:451][699]LogModuleManager: Shutting down and abandoning module BlueprintProfiler (514)
[2017.12.06-10.16.20:452][699]LogModuleManager: Shutting down and abandoning module HierarchicalLODOutliner (512)
[2017.12.06-10.16.20:452][699]LogModuleManager: Shutting down and abandoning module CrashTracker (510)
[2017.12.06-10.16.20:452][699]LogModuleManager: Shutting down and abandoning module SceneOutliner (508)
[2017.12.06-10.16.20:452][699]LogModuleManager: Shutting down and abandoning module AddContentDialog (506)
[2017.12.06-10.16.20:452][699]LogDirectoryWatcher: A directory notification for 'C:/Program Files/Epic Games/UE_4.15/FeaturePacks/' was aborted.
[2017.12.06-10.16.20:453][699]LogModuleManager: Shutting down and abandoning module WidgetCarousel (505)
[2017.12.06-10.16.20:453][699]LogModuleManager: Shutting down and abandoning module EditorWidgets (502)
[2017.12.06-10.16.20:453][699]LogModuleManager: Shutting down and abandoning module CollectionManager (500)
[2017.12.06-10.16.20:453][699]LogDirectoryWatcher: A directory notification for 'E:/Buisness/Unreal/Multiplayer 4.14/Content/Collections/' was aborted.
[2017.12.06-10.16.20:453][699]LogDirectoryWatcher: A directory notification for 'E:/Buisness/Unreal/Multiplayer 4.14/Content/Developers/Aron/Collections/' was aborted.
[2017.12.06-10.16.20:453][699]LogDirectoryWatcher: A directory notification for 'E:/Buisness/Unreal/Multiplayer 4.14/Saved/Collections/' was aborted.
[2017.12.06-10.16.20:453][699]LogModuleManager: Shutting down and abandoning module StatsViewer (498)
[2017.12.06-10.16.20:453][699]LogModuleManager: Shutting down and abandoning module FoliageEdit (496)
[2017.12.06-10.16.20:453][699]LogModuleManager: Shutting down and abandoning module LandscapeEditor (494)
[2017.12.06-10.16.20:453][699]LogModuleManager: Shutting down and abandoning module SceneDepthPickerMode (492)
[2017.12.06-10.16.20:453][699]LogModuleManager: Shutting down and abandoning module ActorPickerMode (490)
[2017.12.06-10.16.20:453][699]LogModuleManager: Shutting down and abandoning module GeometryMode (488)
[2017.12.06-10.16.20:453][699]LogModuleManager: Shutting down and abandoning module TextureAlignMode (486)
[2017.12.06-10.16.20:453][699]LogModuleManager: Shutting down and abandoning module BspMode (484)
[2017.12.06-10.16.20:453][699]LogModuleManager: Shutting down and abandoning module HardwareSurvey (482)
[2017.12.06-10.16.20:453][699]LogModuleManager: Shutting down and abandoning module SequenceRecorderSections (480)
[2017.12.06-10.16.20:453][699]LogModuleManager: Shutting down and abandoning module AutomationWorker (478)
[2017.12.06-10.16.20:453][699]LogModuleManager: Shutting down and abandoning module MatineeToLevelSequence (476)
[2017.12.06-10.16.20:453][699]LogModuleManager: Shutting down and abandoning module LevelSequenceEditor (474)
[2017.12.06-10.16.20:453][699]LogModuleManager: Shutting down and abandoning module PlacementMode (473)
[2017.12.06-10.16.20:453][699]LogModuleManager: Shutting down and abandoning module WmfMediaFactory (470)
[2017.12.06-10.16.20:453][699]LogModuleManager: Shutting down and abandoning module WmfMediaEditor (468)
[2017.12.06-10.16.20:453][699]LogModuleManager: Shutting down and abandoning module MfMediaFactory (466)
[2017.12.06-10.16.20:453][699]LogModuleManager: Shutting down and abandoning module MfMediaEditor (464)
[2017.12.06-10.16.20:453][699]LogModuleManager: Shutting down and abandoning module AvfMediaFactory (462)
[2017.12.06-10.16.20:453][699]LogModuleManager: Shutting down and abandoning module AvfMediaEditor (460)
[2017.12.06-10.16.20:454][699]LogModuleManager: Shutting down and abandoning module AndroidMediaFactory (458)
[2017.12.06-10.16.20:454][699]LogModuleManager: Shutting down and abandoning module Media (457)
[2017.12.06-10.16.20:454][699]LogModuleManager: Shutting down and abandoning module AndroidMediaEditor (454)
[2017.12.06-10.16.20:454][699]LogModuleManager: Shutting down and abandoning module CharacterAI (452)
[2017.12.06-10.16.20:454][699]LogModuleManager: Shutting down and abandoning module AudioCapture (450)
[2017.12.06-10.16.20:454][699]LogModuleManager: Shutting down and abandoning module SequenceRecorder (449)
[2017.12.06-10.16.20:454][699]LogModuleManager: Shutting down and abandoning module SmartSnapping (446)
[2017.12.06-10.16.20:454][699]LogModuleManager: Shutting down and abandoning module SessionServices (444)
[2017.12.06-10.16.20:454][699]LogModuleManager: Shutting down and abandoning module ViewportSnapping (442)
[2017.12.06-10.16.20:454][699]LogModuleManager: Shutting down and abandoning module ViewportInteraction (440)
[2017.12.06-10.16.20:454][699]LogModuleManager: Shutting down and abandoning module LogVisualizer (438)
[2017.12.06-10.16.20:454][699]LogModuleManager: Shutting down and abandoning module IntroTutorials (436)
[2017.12.06-10.16.20:454][699]LogModuleManager: Shutting down and abandoning module GameProjectGeneration (435)
[2017.12.06-10.16.20:455][699]LogModuleManager: Shutting down and abandoning module EditorLiveStreaming (432)
[2017.12.06-10.16.20:455][699]LogModuleManager: Shutting down and abandoning module IOSPlatformEditor (430)
[2017.12.06-10.16.20:455][699]LogModuleManager: Shutting down and abandoning module HTML5PlatformEditor (428)
[2017.12.06-10.16.20:455][699]LogModuleManager: Shutting down and abandoning module AndroidPlatformEditor (426)
[2017.12.06-10.16.20:455][699]LogModuleManager: Shutting down and abandoning module AndroidDeviceDetection (425)
[2017.12.06-10.16.21:305][699]LogModuleManager: Shutting down and abandoning module IOSRuntimeSettings (422)
[2017.12.06-10.16.21:305][699]LogModuleManager: Shutting down and abandoning module AndroidRuntimeSettings (420)
[2017.12.06-10.16.21:305][699]LogModuleManager: Shutting down and abandoning module InputBindingEditor (418)
[2017.12.06-10.16.21:305][699]LogModuleManager: Shutting down and abandoning module NiagaraEditor (416)
[2017.12.06-10.16.21:309][699]LogModuleManager: Shutting down and abandoning module MergeActors (414)
[2017.12.06-10.16.21:309][699]LogModuleManager: Shutting down and abandoning module SizeMap (412)
[2017.12.06-10.16.21:309][699]LogModuleManager: Shutting down and abandoning module TreeMap (410)
[2017.12.06-10.16.21:309][699]LogModuleManager: Shutting down and abandoning module ReferenceViewer (408)
[2017.12.06-10.16.21:309][699]LogModuleManager: Shutting down and abandoning module LocalizationDashboard (406)
[2017.12.06-10.16.21:309][699]LogModuleManager: Shutting down and abandoning module LocalizationService (405)
[2017.12.06-10.16.21:310][699]LogModuleManager: Shutting down and abandoning module HardwareTargeting (402)
[2017.12.06-10.16.21:310][699]LogModuleManager: Shutting down and abandoning module DeviceProfileEditor (400)
[2017.12.06-10.16.21:310][699]LogModuleManager: Shutting down and abandoning module UndoHistory (398)
[2017.12.06-10.16.21:310][699]LogModuleManager: Shutting down and abandoning module UserFeedback (396)
[2017.12.06-10.16.21:310][699]LogModuleManager: Shutting down and abandoning module XmlParser (394)
[2017.12.06-10.16.21:310][699]LogModuleManager: Shutting down and abandoning module Blutility (392)
[2017.12.06-10.16.21:310][699]LogModuleManager: Shutting down and abandoning module ProjectSettingsViewer (390)
[2017.12.06-10.16.21:310][699]LogModuleManager: Shutting down and abandoning module ProjectTargetPlatformEditor (389)
[2017.12.06-10.16.21:310][699]LogModuleManager: Shutting down and abandoning module EditorSettingsViewer (386)
[2017.12.06-10.16.21:310][699]LogModuleManager: Shutting down and abandoning module SettingsEditor (384)
[2017.12.06-10.16.21:310][699]LogModuleManager: Shutting down and abandoning module ProjectLauncher (382)
[2017.12.06-10.16.21:311][699]LogModuleManager: Shutting down and abandoning module SessionFrontend (380)
[2017.12.06-10.16.21:311][699]LogModuleManager: Shutting down and abandoning module ProfilerClient (378)
[2017.12.06-10.16.21:312][699]LogModuleManager: Shutting down and abandoning module DeviceManager (376)
[2017.12.06-10.16.21:312][699]LogModuleManager: Shutting down and abandoning module TargetDeviceServices (375)
[2017.12.06-10.16.21:377][699]LogModuleManager: Shutting down and abandoning module AutomationController (372)
[2017.12.06-10.16.21:377][699]LogModuleManager: Shutting down and abandoning module AutomationWindow (370)
[2017.12.06-10.16.21:379][699]LogModuleManager: Shutting down and abandoning module Layers (368)
[2017.12.06-10.16.21:380][699]LogModuleManager: Shutting down and abandoning module ComponentVisualizers (366)
[2017.12.06-10.16.21:380][699]LogModuleManager: Shutting down and abandoning module DetailCustomizations (364)
[2017.12.06-10.16.21:380][699]LogModuleManager: Shutting down and abandoning module PackagesDialog (362)
[2017.12.06-10.16.21:380][699]LogModuleManager: Shutting down and abandoning module Persona (360)
[2017.12.06-10.16.21:380][699]LogModuleManager: Shutting down and abandoning module AnimGraph (359)
[2017.12.06-10.16.21:380][699]LogModuleManager: Shutting down and abandoning module Kismet (356)
[2017.12.06-10.16.21:389][699]LogModuleManager: Shutting down and abandoning module GraphEditor (354)
[2017.12.06-10.16.21:389][699]LogModuleManager: Shutting down and abandoning module ClassViewer (352)
[2017.12.06-10.16.21:389][699]LogModuleManager: Shutting down and abandoning module Toolbox (350)
[2017.12.06-10.16.21:389][699]LogModuleManager: Shutting down and abandoning module ModuleUI (348)
[2017.12.06-10.16.21:390][699]LogModuleManager: Shutting down and abandoning module MovieSceneTools (346)
[2017.12.06-10.16.21:390][699]LogModuleManager: Shutting down and abandoning module OutputLog (344)
[2017.12.06-10.16.21:390][699]LogModuleManager: Shutting down and abandoning module GammaUI (342)
[2017.12.06-10.16.21:390][699]LogModuleManager: Shutting down and abandoning module Documentation (340)
[2017.12.06-10.16.21:390][699]LogModuleManager: Shutting down and abandoning module Niagara (338)
[2017.12.06-10.16.21:390][699]LogModuleManager: Shutting down and abandoning module StreamingPauseRendering (336)
[2017.12.06-10.16.21:390][699]LogModuleManager: Shutting down and abandoning module AnalyticsET (334)
[2017.12.06-10.16.21:390][699]LogModuleManager: Shutting down and abandoning module PortalServices (332)
[2017.12.06-10.16.21:390][699]LogModuleManager: Shutting down and abandoning module PortalRpc (330)
[2017.12.06-10.16.21:390][699]LogModuleManager: Shutting down and abandoning module MessagingRpc (328)
[2017.12.06-10.16.21:390][699]LogModuleManager: Shutting down and abandoning module AIModule (326)
[2017.12.06-10.16.21:390][699]LogModuleManager: Shutting down and abandoning module GameplayDebugger (325)
[2017.12.06-10.16.21:390][699]LogModuleManager: Shutting down and abandoning module AITestSuite (323)
[2017.12.06-10.16.21:390][699]LogModuleManager: Shutting down and abandoning module ProfilerService (320)
[2017.12.06-10.16.21:430][699]LogModuleManager: Shutting down and abandoning module TaskGraph (318)
[2017.12.06-10.16.21:431][699]LogModuleManager: Shutting down and abandoning module SteamVRController (316)
[2017.12.06-10.16.21:431][699]LogModuleManager: Shutting down and abandoning module SteamVR (314)
[2017.12.06-10.16.21:431][699]LogModuleManager: Shutting down and abandoning module ProceduralMeshComponentEditor (312)
[2017.12.06-10.16.21:431][699]LogModuleManager: Shutting down and abandoning module ProceduralMeshComponent (310)
[2017.12.06-10.16.21:431][699]LogModuleManager: Shutting down and abandoning module OculusLibrary (308)
[2017.12.06-10.16.21:431][699]LogModuleManager: Shutting down and abandoning module OculusInput (306)
[2017.12.06-10.16.21:431][699]LogModuleManager: Shutting down and abandoning module MobilePatchingUtils (304)
[2017.12.06-10.16.21:431][699]LogModuleManager: Shutting down and abandoning module CustomMeshComponent (302)
[2017.12.06-10.16.21:431][699]LogModuleManager: Shutting down and abandoning module CableComponent (300)
[2017.12.06-10.16.21:431][699]LogModuleManager: Shutting down and abandoning module ArchVisCharacter (298)
[2017.12.06-10.16.21:432][699]LogModuleManager: Shutting down and abandoning module Rejoin (296)
[2017.12.06-10.16.21:432][699]LogModuleManager: Shutting down and abandoning module Hotfix (294)
[2017.12.06-10.16.21:432][699]LogModuleManager: Shutting down and abandoning module Lobby (292)
[2017.12.06-10.16.21:432][699]LogModuleManager: Shutting down and abandoning module Party (290)
[2017.12.06-10.16.21:432][699]LogModuleManager: Shutting down and abandoning module Qos (288)
[2017.12.06-10.16.21:432][699]LogModuleManager: Shutting down and abandoning module MediaPlayerEditor (286)
[2017.12.06-10.16.21:432][699]LogModuleManager: Shutting down and abandoning module HTML5Networking (284)
[2017.12.06-10.16.21:432][699]LogModuleManager: Shutting down and abandoning module AlembicImporter (282)
[2017.12.06-10.16.21:432][699]LogModuleManager: Shutting down and abandoning module AlembicLibrary (281)
[2017.12.06-10.16.21:432][699]LogModuleManager: Shutting down and abandoning module GeometryCache (280)
[2017.12.06-10.16.21:432][699]LogModuleManager: Shutting down and abandoning module GeometryCacheEd (279)
[2017.12.06-10.16.21:432][699]LogModuleManager: Shutting down and abandoning module SuperSearchEditor (274)
[2017.12.06-10.16.21:433][699]LogModuleManager: Shutting down and abandoning module SuperSearch (273)
[2017.12.06-10.16.21:433][699]LogModuleManager: Shutting down and abandoning module SpeedTreeImporter (270)
[2017.12.06-10.16.21:433][699]LogModuleManager: Shutting down and abandoning module PluginBrowser (268)
[2017.12.06-10.16.21:433][699]LogModuleManager: Shutting down and abandoning module MobileLauncherProfileWizard (266)
[2017.12.06-10.16.21:434][699]LogModuleManager: Shutting down and abandoning module EpicSurvey (264)
[2017.12.06-10.16.21:434][699]LogModuleManager: Shutting down and abandoning module VisualStudioSourceCodeAccess (262)
[2017.12.06-10.16.21:434][699]LogModuleManager: Shutting down and abandoning module DesktopPlatform (261)
[2017.12.06-10.16.21:434][699]LogModuleManager: Shutting down and abandoning module UObjectPlugin (258)
[2017.12.06-10.16.21:434][699]LogModuleManager: Shutting down and abandoning module SubversionSourceControl (256)
[2017.12.06-10.16.21:434][699]LogModuleManager: Shutting down and abandoning module PerforceSourceControl (254)
[2017.12.06-10.16.21:435][699]LogModuleManager: Shutting down and abandoning module GitSourceControl (252)
[2017.12.06-10.16.21:435][699]LogModuleManager: Shutting down and abandoning module SourceControl (251)
[2017.12.06-10.16.21:435][699]LogModuleManager: Shutting down and abandoning module LightPropagationVolumeEditor (248)
[2017.12.06-10.16.21:435][699]LogModuleManager: Shutting down and abandoning module PaperTiledImporter (246)
[2017.12.06-10.16.21:435][699]LogModuleManager: Shutting down and abandoning module PaperSpriteSheetImporter (244)
[2017.12.06-10.16.21:435][699]LogModuleManager: Shutting down and abandoning module Paper2DEditor (242)
[2017.12.06-10.16.21:435][699]LogModuleManager: Shutting down and abandoning module MeshPaint (241)
[2017.12.06-10.16.21:435][699]LogModuleManager: Shutting down and abandoning module LevelEditor (239)
[2017.12.06-10.16.21:436][699]LogModuleManager: Shutting down and abandoning module PixelInspectorModule (238)
[2017.12.06-10.16.21:436][699]LogModuleManager: Shutting down and abandoning module MainFrame (236)
[2017.12.06-10.16.21:436][699]LogModuleManager: Shutting down and abandoning module HotReload (235)
[2017.12.06-10.16.21:436][699]LogDirectoryWatcher: A directory notification for 'E:/Buisness/Unreal/Multiplayer 4.14/Binaries/Win64' was aborted.
[2017.12.06-10.16.21:438][699]LogModuleManager: Shutting down and abandoning module ContentBrowser (231)
[2017.12.06-10.16.21:441][699]LogModuleManager: Shutting down and abandoning module Multiplayer (228)
[2017.12.06-10.16.21:441][699]LogModuleManager: Shutting down and abandoning module PhysXVehiclesEditor (226)
[2017.12.06-10.16.21:441][699]LogModuleManager: Shutting down and abandoning module PhysXVehicles (224)
[2017.12.06-10.16.21:441][699]LogModuleManager: Shutting down and abandoning module LocationServicesBPLibrary (222)
[2017.12.06-10.16.21:441][699]LogModuleManager: Shutting down and abandoning module UdpMessaging (220)
[2017.12.06-10.16.21:542][699]LogModuleManager: Shutting down and abandoning module TcpMessaging (218)
[2017.12.06-10.16.21:643][699]LogModuleManager: Shutting down and abandoning module GameplayTagsEditor (216)
[2017.12.06-10.16.21:643][699]LogModuleManager: Shutting down and abandoning module FacialAnimationEditor (214)
[2017.12.06-10.16.21:644][699]LogModuleManager: Shutting down and abandoning module FacialAnimation (212)
[2017.12.06-10.16.21:644][699]LogModuleManager: Shutting down and abandoning module LightPropagationVolumeRuntime (210)
[2017.12.06-10.16.21:644][699]LogModuleManager: Shutting down and abandoning module Paper2D (208)
[2017.12.06-10.16.21:645][699]LogModuleManager: Shutting down and abandoning module WindowsMoviePlayer (206)
[2017.12.06-10.16.21:645][699]LogModuleManager: Shutting down and abandoning module WmfMedia (204)
[2017.12.06-10.16.21:650][699]LogModuleManager: Shutting down and abandoning module MfMedia (202)
[2017.12.06-10.16.21:650][699]LogModuleManager: Shutting down and abandoning module MediaAssets (200)
[2017.12.06-10.16.21:650][699]LogModuleManager: Shutting down and abandoning module GameLiveStreaming (198)
[2017.12.06-10.16.21:650][699]LogModuleManager: Shutting down and abandoning module VREditor (196)
[2017.12.06-10.16.21:650][699]LogModuleManager: Shutting down and abandoning module GameplayTasksEditor (194)
[2017.12.06-10.16.21:650][699]LogModuleManager: Shutting down and abandoning module BehaviorTreeEditor (192)
[2017.12.06-10.16.21:651][699]LogModuleManager: Shutting down and abandoning module FunctionalTesting (190)
[2017.12.06-10.16.21:651][699]LogModuleManager: Shutting down and abandoning module CollisionAnalyzer (188)
[2017.12.06-10.16.21:652][699]LogModuleManager: Shutting down and abandoning module UMG (186)
[2017.12.06-10.16.21:652][699]LogModuleManager: Shutting down and abandoning module UMGEditor (185)
[2017.12.06-10.16.21:652][699]LogModuleManager: Shutting down and abandoning module Sequencer (184)
[2017.12.06-10.16.21:652][699]LogModuleManager: Shutting down and abandoning module AssetTools (182)
[2017.12.06-10.16.21:653][699]LogModuleManager: Shutting down and abandoning module MessageLog (181)
[2017.12.06-10.16.21:653][699]LogModuleManager: Shutting down and abandoning module WorkspaceMenuStructure (180)
[2017.12.06-10.16.21:653][699]LogModuleManager: Shutting down and abandoning module SlateReflector (174)
[2017.12.06-10.16.21:654][699]LogModuleManager: Shutting down and abandoning module Slate (172)
[2017.12.06-10.16.21:654][699]LogModuleManager: Shutting down and abandoning module EditorStyle (170)
[2017.12.06-10.16.21:658][699]LogModuleManager: Shutting down and abandoning module SourceCodeAccess (168)
[2017.12.06-10.16.21:658][699]LogModuleManager: Shutting down and abandoning module HeadMountedDisplay (166)
[2017.12.06-10.16.21:658][699]LogModuleManager: Shutting down and abandoning module XAudio2 (164)
[2017.12.06-10.16.21:658][699]LogModuleManager: Shutting down and abandoning module Networking (162)
[2017.12.06-10.16.21:658][699]LogModuleManager: Shutting down and abandoning module Core (160)
[2017.12.06-10.16.21:658][699]LogModuleManager: Shutting down and abandoning module AssetRegistry (158)
[2017.12.06-10.16.21:717][699]LogDirectoryWatcher: A directory notification for '../../../Engine/Content/' was aborted.
[2017.12.06-10.16.21:717][699]LogDirectoryWatcher: A directory notification for 'E:/Buisness/Unreal/Multiplayer 4.14/Content/' was aborted.
[2017.12.06-10.16.21:717][699]LogDirectoryWatcher: A directory notification for '../../../Engine/Plugins/2D/Paper2D/Content/' was aborted.
[2017.12.06-10.16.21:718][699]LogModuleManager: Shutting down and abandoning module DirectoryWatcher (157)
[2017.12.06-10.16.21:718][699]LogModuleManager: Shutting down and abandoning module KismetCompiler (154)
[2017.12.06-10.16.21:718][699]LogModuleManager: Shutting down and abandoning module PhysXFormats (152)
[2017.12.06-10.16.21:718][699]LogModuleManager: Shutting down and abandoning module MeshUtilities (150)
[2017.12.06-10.16.21:718][699]LogModuleManager: Shutting down and abandoning module SimplygonSwarm (149)
[2017.12.06-10.16.21:718][699]LogModuleManager: Shutting down and abandoning module SimplygonMeshReduction (147)
[2017.12.06-10.16.21:718][699]LogModuleManager: Shutting down and abandoning module QuadricMeshReduction (145)
[2017.12.06-10.16.21:718][699]LogModuleManager: Shutting down and abandoning module PropertyEditor (143)
[2017.12.06-10.16.21:718][699]LogModuleManager: Shutting down and abandoning module DerivedDataCache (140)
[2017.12.06-10.16.21:815][699]LogDerivedDataCache: Shutdown
[2017.12.06-10.16.21:815][699]LogModuleManager: Shutting down and abandoning module TargetPlatform (138)
[2017.12.06-10.16.21:815][699]LogModuleManager: Shutting down and abandoning module VulkanShaderFormat (137)
[2017.12.06-10.16.21:815][699]LogModuleManager: Shutting down and abandoning module ShaderFormatOpenGL (135)
[2017.12.06-10.16.21:815][699]LogModuleManager: Shutting down and abandoning module ShaderFormatD3D (133)
[2017.12.06-10.16.21:815][699]LogModuleManager: Shutting down and abandoning module MetalShaderFormat (131)
[2017.12.06-10.16.21:816][699]LogModuleManager: Shutting down and abandoning module TextureFormatUncompressed (129)
[2017.12.06-10.16.21:816][699]LogModuleManager: Shutting down and abandoning module TextureFormatPVR (127)
[2017.12.06-10.16.21:816][699]LogModuleManager: Shutting down and abandoning module TextureFormatDXT (125)
[2017.12.06-10.16.21:816][699]LogModuleManager: Shutting down and abandoning module TextureFormatIntelISPCTexComp (123)
[2017.12.06-10.16.21:816][699]LogModuleManager: Shutting down and abandoning module TextureFormatASTC (121)
[2017.12.06-10.16.21:816][699]LogModuleManager: Shutting down and abandoning module ImageWrapper (120)
[2017.12.06-10.16.21:816][699]LogModuleManager: Shutting down and abandoning module TextureFormatAndroid (117)
[2017.12.06-10.16.21:816][699]LogModuleManager: Shutting down and abandoning module AudioFormatOpus (115)
[2017.12.06-10.16.21:816][699]LogModuleManager: Shutting down and abandoning module AudioFormatOgg (113)
[2017.12.06-10.16.21:816][699]LogModuleManager: Shutting down and abandoning module AudioFormatADPCM (111)
[2017.12.06-10.16.21:816][699]LogModuleManager: Shutting down and abandoning module LinuxTargetPlatform (109)
[2017.12.06-10.16.21:816][699]LogModuleManager: Shutting down and abandoning module LinuxServerTargetPlatform (107)
[2017.12.06-10.16.21:816][699]LogModuleManager: Shutting down and abandoning module LinuxNoEditorTargetPlatform (105)
[2017.12.06-10.16.21:816][699]LogModuleManager: Shutting down and abandoning module LinuxClientTargetPlatform (103)
[2017.12.06-10.16.21:816][699]LogModuleManager: Shutting down and abandoning module TVOSTargetPlatform (101)
[2017.12.06-10.16.21:816][699]LogModuleManager: Shutting down and abandoning module Messaging (99)
[2017.12.06-10.16.21:816][699]LogModuleManager: Shutting down and abandoning module IOSTargetPlatform (97)
[2017.12.06-10.16.21:816][699]LogModuleManager: Shutting down and abandoning module HTML5TargetPlatform (95)
[2017.12.06-10.16.21:816][699]LogModuleManager: Shutting down and abandoning module Android_PVRTCTargetPlatform (93)
[2017.12.06-10.16.21:816][699]LogModuleManager: Shutting down and abandoning module Android_MultiTargetPlatform (91)
[2017.12.06-10.16.21:816][699]LogModuleManager: Shutting down and abandoning module Android_ETC2TargetPlatform (89)
[2017.12.06-10.16.21:816][699]LogModuleManager: Shutting down and abandoning module Android_ETC1TargetPlatform (87)
[2017.12.06-10.16.21:816][699]LogModuleManager: Shutting down and abandoning module Android_DXTTargetPlatform (85)
[2017.12.06-10.16.21:816][699]LogModuleManager: Shutting down and abandoning module Android_ATCTargetPlatform (83)
[2017.12.06-10.16.21:816][699]LogModuleManager: Shutting down and abandoning module Android_ASTCTargetPlatform (81)
[2017.12.06-10.16.21:816][699]LogModuleManager: Shutting down and abandoning module AndroidTargetPlatform (79)
[2017.12.06-10.16.21:816][699]LogModuleManager: Shutting down and abandoning module WindowsTargetPlatform (77)
[2017.12.06-10.16.21:816][699]LogModuleManager: Shutting down and abandoning module WindowsServerTargetPlatform (75)
[2017.12.06-10.16.21:816][699]LogModuleManager: Shutting down and abandoning module WindowsNoEditorTargetPlatform (73)
[2017.12.06-10.16.21:816][699]LogModuleManager: Shutting down and abandoning module WindowsClientTargetPlatform (71)
[2017.12.06-10.16.21:816][699]LogModuleManager: Shutting down and abandoning module MacTargetPlatform (69)
[2017.12.06-10.16.21:816][699]LogModuleManager: Shutting down and abandoning module MacServerTargetPlatform (67)
[2017.12.06-10.16.21:816][699]LogModuleManager: Shutting down and abandoning module MacNoEditorTargetPlatform (65)
[2017.12.06-10.16.21:816][699]LogModuleManager: Shutting down and abandoning module MacClientTargetPlatform (63)
[2017.12.06-10.16.21:816][699]LogModuleManager: Shutting down and abandoning module AllDesktopTargetPlatform (61)
[2017.12.06-10.16.21:816][699]LogModuleManager: Shutting down and abandoning module InputCore (58)
[2017.12.06-10.16.21:816][699]LogModuleManager: Shutting down and abandoning module Settings (56)
[2017.12.06-10.16.21:816][699]LogModuleManager: Shutting down and abandoning module OculusRift (54)
[2017.12.06-10.16.21:817][699]LogModuleManager: Shutting down and abandoning module GearVR (52)
[2017.12.06-10.16.21:817][699]LogModuleManager: Shutting down and abandoning module ExampleDeviceProfileSelector (50)
[2017.12.06-10.16.21:817][699]LogModuleManager: Shutting down and abandoning module OnlineBlueprintSupport (48)
[2017.12.06-10.16.21:817][699]LogModuleManager: Shutting down and abandoning module OnlineSubsystem (44)
[2017.12.06-10.16.21:817][699]LogOnline:Display: OSS: FOnlineSubsystemNull::Shutdown()
[2017.12.06-10.16.21:817][699]LogOnline:Display: Unloading online subsystem: STEAM
[2017.12.06-10.16.21:817][699]LogOnline:Display: Unloading online subsystem: NULL
[2017.12.06-10.16.21:817][699]LogModuleManager: Shutting down and abandoning module XMPP (37)
[2017.12.06-10.16.21:818][699]LogModuleManager: Shutting down and abandoning module HTTP (35)
[2017.12.06-10.16.21:818][699]LogHttp:Display: Http module shutting down, but needs to wait on 1 outstanding Http requests:
[2017.12.06-10.16.21:818][699]LogHttp:Display: 	verb=[POST] url=[https://datarouter.ol.epicgames.com/datarouter/api/v1/public/data?SessionID=%7B115407FF-4F6A-8BB9-ED3F-DCAF316C6056%7D&AppID=UEEditor.Rocket.Release&AppVersion=4.15.3-3450819%2B%2B%2BUE4%2BRelease-4.15&UserID=efd468cc496f8ba46066589324f4e55b%7C3efeb62a0bdb4ef28159471e0cff3f3b%7C1285343e-c08c-4c4b-be56-1f4e5ed03b66&AppEnvironment=datacollector-binary&UploadType=eteventstream] status=Processing
[2017.12.06-10.16.21:821][699]LogModuleManager: Shutting down and abandoning module SSL (34)
[2017.12.06-10.16.21:822][699]LogModuleManager: Shutting down and abandoning module AudioEditor (30)
[2017.12.06-10.16.21:823][699]LogModuleManager: Shutting down and abandoning module TextureCompressor (28)
[2017.12.06-10.16.21:823][699]LogModuleManager: Shutting down and abandoning module ShaderCore (26)
[2017.12.06-10.16.21:823][699]LogModuleManager: Shutting down and abandoning module Landscape (24)
[2017.12.06-10.16.21:823][699]LogModuleManager: Shutting down and abandoning module SlateRHIRenderer (22)
[2017.12.06-10.16.21:824][699]LogModuleManager: Shutting down and abandoning module OpenGLDrv (20)
[2017.12.06-10.16.21:826][699]LogModuleManager: Shutting down and abandoning module D3D11RHI (18)
[2017.12.06-10.16.21:826][699]LogModuleManager: Shutting down and abandoning module AnimGraphRuntime (16)
[2017.12.06-10.16.21:826][699]LogModuleManager: Shutting down and abandoning module Renderer (14)
[2017.12.06-10.16.21:826][699]LogModuleManager: Shutting down and abandoning module Engine (12)
[2017.12.06-10.16.21:826][699]LogModuleManager: Shutting down and abandoning module CoreUObject (10)
[2017.12.06-10.16.21:826][699]LogModuleManager: Shutting down and abandoning module NetworkFile (8)
[2017.12.06-10.16.21:826][699]LogModuleManager: Shutting down and abandoning module StreamingFile (6)
[2017.12.06-10.16.21:826][699]LogModuleManager: Shutting down and abandoning module SandboxFile (4)
[2017.12.06-10.16.21:826][699]LogModuleManager: Shutting down and abandoning module PakFile (2)
[2017.12.06-10.16.21:827][699]LogExit: Exiting.
[2017.12.06-10.16.21:844][699]Log file closed, 12/06/17 11:16:21
